This is pdfTeX, Version 3.141592653-2.6-1.40.24 (TeX Live 2022/Debian) (preloaded format=pdflatex 2026.2.7)  17 FEB 2026 12:27
entering extended mode
 restricted \write18 enabled.
 %&-line parsing enabled.
**output/temp_dir/cdm_infer_result_33_gt/output_cdm_infer_result_33_gt_1912_129
06_37.tex

(./output/temp_dir/cdm_infer_result_33_gt/output_cdm_infer_result_33_gt_1912_12
906_37.tex
LaTeX2e <2022-11-01> patch level 1
L3 programming layer <2023-01-16>
(/usr/share/texlive/texmf-dist/tex/latex/base/article.cls
Document Class: article 2022/07/02 v1.4n Standard LaTeX document class
(/usr/share/texlive/texmf-dist/tex/latex/base/size12.clo
File: size12.clo 2022/07/02 v1.4n Standard LaTeX file (size option)
)
\c@part=\count185
\c@section=\count186
\c@subsection=\count187
\c@subsubsection=\count188
\c@paragraph=\count189
\c@subparagraph=\count190
\c@figure=\count191
\c@table=\count192
\abovecaptionskip=\skip48
\belowcaptionskip=\skip49
\bibindent=\dimen140
)
(/usr/share/texlive/texmf-dist/tex/latex/geometry/geometry.sty
Package: geometry 2020/01/02 v5.9 Page Geometry

(/usr/share/texlive/texmf-dist/tex/latex/graphics/keyval.sty
Package: keyval 2022/05/29 v1.15 key=value parser (DPC)
\KV@toks@=\toks16
)
(/usr/share/texlive/texmf-dist/tex/generic/iftex/ifvtex.sty
Package: ifvtex 2019/10/25 v1.7 ifvtex legacy package. Use iftex instead.

(/usr/share/texlive/texmf-dist/tex/generic/iftex/iftex.sty
Package: iftex 2022/02/03 v1.0f TeX engine tests
))
\Gm@cnth=\count193
\Gm@cntv=\count194
\c@Gm@tempcnt=\count195
\Gm@bindingoffset=\dimen141
\Gm@wd@mp=\dimen142
\Gm@odd@mp=\dimen143
\Gm@even@mp=\dimen144
\Gm@layoutwidth=\dimen145
\Gm@layoutheight=\dimen146
\Gm@layouthoffset=\dimen147
\Gm@layoutvoffset=\dimen148
\Gm@dimlist=\toks17
)
(/usr/share/texlive/texmf-dist/tex/latex/booktabs/booktabs.sty
Package: booktabs 2020/01/12 v1.61803398 Publication quality tables
\heavyrulewidth=\dimen149
\lightrulewidth=\dimen150
\cmidrulewidth=\dimen151
\belowrulesep=\dimen152
\belowbottomsep=\dimen153
\aboverulesep=\dimen154
\abovetopsep=\dimen155
\cmidrulesep=\dimen156
\cmidrulekern=\dimen157
\defaultaddspace=\dimen158
\@cmidla=\count196
\@cmidlb=\count197
\@aboverulesep=\dimen159
\@belowrulesep=\dimen160
\@thisruleclass=\count198
\@lastruleclass=\count199
\@thisrulewidth=\dimen161
)
(/usr/share/texlive/texmf-dist/tex/latex/amsmath/amsmath.sty
Package: amsmath 2022/04/08 v2.17n AMS math features
\@mathmargin=\skip50

For additional information on amsmath, use the `?' option.
(/usr/share/texlive/texmf-dist/tex/latex/amsmath/amstext.sty
Package: amstext 2021/08/26 v2.01 AMS text

(/usr/share/texlive/texmf-dist/tex/latex/amsmath/amsgen.sty
File: amsgen.sty 1999/11/30 v2.0 generic functions
\@emptytoks=\toks18
\ex@=\dimen162
))
(/usr/share/texlive/texmf-dist/tex/latex/amsmath/amsbsy.sty
Package: amsbsy 1999/11/29 v1.2d Bold Symbols
\pmbraise@=\dimen163
)
(/usr/share/texlive/texmf-dist/tex/latex/amsmath/amsopn.sty
Package: amsopn 2022/04/08 v2.04 operator names
)
\inf@bad=\count266
LaTeX Info: Redefining \frac on input line 234.
\uproot@=\count267
\leftroot@=\count268
LaTeX Info: Redefining \overline on input line 399.
LaTeX Info: Redefining \colon on input line 410.
\classnum@=\count269
\DOTSCASE@=\count270
LaTeX Info: Redefining \ldots on input line 496.
LaTeX Info: Redefining \dots on input line 499.
LaTeX Info: Redefining \cdots on input line 620.
\Mathstrutbox@=\box51
\strutbox@=\box52
LaTeX Info: Redefining \big on input line 722.
LaTeX Info: Redefining \Big on input line 723.
LaTeX Info: Redefining \bigg on input line 724.
LaTeX Info: Redefining \Bigg on input line 725.
\big@size=\dimen164
LaTeX Font Info:    Redeclaring font encoding OML on input line 743.
LaTeX Font Info:    Redeclaring font encoding OMS on input line 744.
\macc@depth=\count271
LaTeX Info: Redefining \bmod on input line 905.
LaTeX Info: Redefining \pmod on input line 910.
LaTeX Info: Redefining \smash on input line 940.
LaTeX Info: Redefining \relbar on input line 970.
LaTeX Info: Redefining \Relbar on input line 971.
\c@MaxMatrixCols=\count272
\dotsspace@=\muskip16
\c@parentequation=\count273
\dspbrk@lvl=\count274
\tag@help=\toks19
\row@=\count275
\column@=\count276
\maxfields@=\count277
\andhelp@=\toks20
\eqnshift@=\dimen165
\alignsep@=\dimen166
\tagshift@=\dimen167
\tagwidth@=\dimen168
\totwidth@=\dimen169
\lineht@=\dimen170
\@envbody=\toks21
\multlinegap=\skip51
\multlinetaggap=\skip52
\mathdisplay@stack=\toks22
LaTeX Info: Redefining \[ on input line 2953.
LaTeX Info: Redefining \] on input line 2954.
)
(/usr/share/texlive/texmf-dist/tex/latex/was/upgreek.sty
Package: upgreek 2003/02/12 v2.0 (WaS)
Package upgreek Info: Using Euler Roman for upright Greek on input line 31.
\symugrf@m=\mathgroup4
LaTeX Font Info:    Overwriting symbol font `ugrf@m' in version `bold'
(Font)                  U/eur/m/n --> U/eur/b/n on input line 38.
)
(/usr/share/texlive/texmf-dist/tex/latex/amsfonts/amssymb.sty
Package: amssymb 2013/01/14 v3.01 AMS font symbols

(/usr/share/texlive/texmf-dist/tex/latex/amsfonts/amsfonts.sty
Package: amsfonts 2013/01/14 v3.01 Basic AMSFonts support
\symAMSa=\mathgroup5
\symAMSb=\mathgroup6
LaTeX Font Info:    Redeclaring math symbol \hbar on input line 98.
LaTeX Font Info:    Overwriting math alphabet `\mathfrak' in version `bold'
(Font)                  U/euf/m/n --> U/euf/b/n on input line 106.
))
(/usr/share/texlive/texmf-dist/tex/latex/xcolor/xcolor.sty
Package: xcolor 2022/06/12 v2.14 LaTeX color extensions (UK)

(/usr/share/texlive/texmf-dist/tex/latex/graphics-cfg/color.cfg
File: color.cfg 2016/01/02 v1.6 sample color configuration
)
Package xcolor Info: Driver file: pdftex.def on input line 227.

(/usr/share/texlive/texmf-dist/tex/latex/graphics-def/pdftex.def
File: pdftex.def 2022/09/22 v1.2b Graphics/color driver for pdftex
)
(/usr/share/texlive/texmf-dist/tex/latex/graphics/mathcolor.ltx)
Package xcolor Info: Model `cmy' substituted by `cmy0' on input line 1353.
Package xcolor Info: Model `hsb' substituted by `rgb' on input line 1357.
Package xcolor Info: Model `RGB' extended on input line 1369.
Package xcolor Info: Model `HTML' substituted by `rgb' on input line 1371.
Package xcolor Info: Model `Hsb' substituted by `hsb' on input line 1372.
Package xcolor Info: Model `tHsb' substituted by `hsb' on input line 1373.
Package xcolor Info: Model `HSB' substituted by `hsb' on input line 1374.
Package xcolor Info: Model `Gray' substituted by `gray' on input line 1375.
Package xcolor Info: Model `wave' substituted by `hsb' on input line 1376.
)
(/usr/share/texlive/texmf-dist/tex/latex/l3backend/l3backend-pdftex.def
File: l3backend-pdftex.def 2023-01-16 L3 backend support: PDF output (pdfTeX)
\l__color_backend_stack_int=\count278
\l__pdf_internal_box=\box53
)
No file output_cdm_infer_result_33_gt_1912_12906_37.aux.
\openout1 = `output_cdm_infer_result_33_gt_1912_12906_37.aux'.

LaTeX Font Info:    Checking defaults for OML/cmm/m/it on input line 12.
LaTeX Font Info:    ... okay on input line 12.
LaTeX Font Info:    Checking defaults for OMS/cmsy/m/n on input line 12.
LaTeX Font Info:    ... okay on input line 12.
LaTeX Font Info:    Checking defaults for OT1/cmr/m/n on input line 12.
LaTeX Font Info:    ... okay on input line 12.
LaTeX Font Info:    Checking defaults for T1/cmr/m/n on input line 12.
LaTeX Font Info:    ... okay on input line 12.
LaTeX Font Info:    Checking defaults for TS1/cmr/m/n on input line 12.
LaTeX Font Info:    ... okay on input line 12.
LaTeX Font Info:    Checking defaults for OMX/cmex/m/n on input line 12.
LaTeX Font Info:    ... okay on input line 12.
LaTeX Font Info:    Checking defaults for U/cmr/m/n on input line 12.
LaTeX Font Info:    ... okay on input line 12.
*geometry* driver: auto-detecting
*geometry* detected driver: pdftex
*geometry* verbose mode - [ preamble ] result:
* driver: pdftex
* paper: a4paper
* layout: <same size as paper>
* layoutoffset:(h,v)=(0.0pt,0.0pt)
* modes: landscape 
* h-part:(L,W,R)=(8.45227pt, 828.14229pt, 8.45229pt)
* v-part:(T,H,B)=(4.78107pt, 585.55516pt, 7.17165pt)
* \paperwidth=845.04684pt
* \paperheight=597.50787pt
* \textwidth=828.14229pt
* \textheight=585.55516pt
* \oddsidemargin=-63.81772pt
* \evensidemargin=-63.81772pt
* \topmargin=-104.48892pt
* \headheight=12.0pt
* \headsep=25.0pt
* \topskip=12.0pt
* \footskip=30.0pt
* \marginparwidth=44.0pt
* \marginparsep=10.0pt
* \columnsep=10.0pt
* \skip\footins=10.8pt plus 4.0pt minus 2.0pt
* \hoffset=0.0pt
* \voffset=0.0pt
* \mag=1000
* \@twocolumnfalse
* \@twosidefalse
* \@mparswitchfalse
* \@reversemarginfalse
* (1in=72.27pt=25.4mm, 1cm=28.453pt)

(/usr/share/texlive/texmf-dist/tex/context/base/mkii/supp-pdf.mkii
[Loading MPS to PDF converter (version 2006.09.02).]
\scratchcounter=\count279
\scratchdimen=\dimen171
\scratchbox=\box54
\nofMPsegments=\count280
\nofMParguments=\count281
\everyMPshowfont=\toks23
\MPscratchCnt=\count282
\MPscratchDim=\dimen172
\MPnumerator=\count283
\makeMPintoPDFobject=\count284
\everyMPtoPDFconversion=\toks24
)
LaTeX Font Info:    Trying to load font information for U+msa on input line 21.

 (/usr/share/texlive/texmf-dist/tex/latex/amsfonts/umsa.fd
File: umsa.fd 2013/01/14 v3.01 AMS symbols A
)
LaTeX Font Info:    Trying to load font information for U+msb on input line 21.


(/usr/share/texlive/texmf-dist/tex/latex/amsfonts/umsb.fd
File: umsb.fd 2013/01/14 v3.01 AMS symbols B
)

! LaTeX Error: Unicode character 𝒞 (U+1D49E)
               not set up for use with LaTeX.

See the LaTeX manual or LaTeX Companion for explanation.
Type  H <return>  for immediate help.
 ...                                              
                                                  
l.22 ...5}{\hfill} { \mathcolor[RGB]{0,0,30}{𝒞}
                                                   } _ { \mathcolor[RGB]{0,0...

You may provide a definition with
\DeclareUnicodeCharacter 


! LaTeX Error: Unicode character 𝒢 (U+1D4A2)
               not set up for use with LaTeX.

See the LaTeX manual or LaTeX Companion for explanation.
Type  H <return>  for immediate help.
 ...                                              
                                                  
l.22 ...0,135}{-} { \mathcolor[RGB]{0,0,150}{𝒢}
                                                   } _ { \mathcolor[RGB]{0,0...

You may provide a definition with
\DeclareUnicodeCharacter 


! LaTeX Error: Unicode character 𝒬 (U+1D4AC)
               not set up for use with LaTeX.

See the LaTeX manual or LaTeX Companion for explanation.
Type  H <return>  for immediate help.
 ...                                              
                                                  
l.22 ...}{\left[} { \mathcolor[RGB]{0,0,195}{𝒬}
                                                   } _ { \mathcolor[RGB]{0,0...

You may provide a definition with
\DeclareUnicodeCharacter 


! LaTeX Error: Unicode character 𝒢 (U+1D4A2)
               not set up for use with LaTeX.

See the LaTeX manual or LaTeX Companion for explanation.
Type  H <return>  for immediate help.
 ...                                              
                                                  
l.22 ...0,240}{-} { \mathcolor[RGB]{0,0,255}{𝒢}
                                                   } _ { \mathcolor[RGB]{0,1...

You may provide a definition with
\DeclareUnicodeCharacter 


! LaTeX Error: Unicode character 𝒢 (U+1D4A2)
               not set up for use with LaTeX.

See the LaTeX manual or LaTeX Companion for explanation.
Type  H <return>  for immediate help.
 ...                                              
                                                  
l.22 ...,45}{s} } { \mathcolor[RGB]{0,15,60}{𝒢}
                                                   } _ { \mathcolor[RGB]{0,1...

You may provide a definition with
\DeclareUnicodeCharacter 


! LaTeX Error: Unicode character 𝒬 (U+1D4AC)
               not set up for use with LaTeX.

See the LaTeX manual or LaTeX Companion for explanation.
Type  H <return>  for immediate help.
 ...                                              
                                                  
l.22 ...,105}{(} { \mathcolor[RGB]{0,15,120}{𝒬}
                                                   } _ { \mathcolor[RGB]{0,1...

You may provide a definition with
\DeclareUnicodeCharacter 


! LaTeX Error: Unicode character 𝒬 (U+1D4AC)
               not set up for use with LaTeX.

See the LaTeX manual or LaTeX Companion for explanation.
Type  H <return>  for immediate help.
 ...                                              
                                                  
l.22 ...,165}{2} { \mathcolor[RGB]{0,15,180}{𝒬}
                                                   } _ { \mathcolor[RGB]{0,1...

You may provide a definition with
\DeclareUnicodeCharacter 


! LaTeX Error: Unicode character 𝒢 (U+1D4A2)
               not set up for use with LaTeX.

See the LaTeX manual or LaTeX Companion for explanation.
Type  H <return>  for immediate help.
 ...                                              
                                                  
l.22 ...,255}{n} } { \mathcolor[RGB]{0,30,0}{𝒢}
                                                   } _ { \mathcolor[RGB]{0,3...

You may provide a definition with
\DeclareUnicodeCharacter 


! LaTeX Error: Unicode character 𝒯 (U+1D4AF)
               not set up for use with LaTeX.

See the LaTeX manual or LaTeX Companion for explanation.
Type  H <return>  for immediate help.
 ...                                              
                                                  
l.22 ...,135}{2} { \mathcolor[RGB]{0,30,150}{𝒯}
                                                   } _ { \mathcolor[RGB]{0,3...

You may provide a definition with
\DeclareUnicodeCharacter 


! LaTeX Error: Unicode character 𝒢 (U+1D4A2)
               not set up for use with LaTeX.

See the LaTeX manual or LaTeX Companion for explanation.
Type  H <return>  for immediate help.
 ...                                              
                                                  
l.22 ...,180}{+} { \mathcolor[RGB]{0,30,195}{𝒢}
                                                   } _ { \mathcolor[RGB]{0,3...

You may provide a definition with
\DeclareUnicodeCharacter 


! LaTeX Error: Unicode character 𝒢 (U+1D4A2)
               not set up for use with LaTeX.

See the LaTeX manual or LaTeX Companion for explanation.
Type  H <return>  for immediate help.
 ...                                              
                                                  
l.22 ...30,255}{+} { \mathcolor[RGB]{0,45,0}{𝒢}
                                                   } _ { \mathcolor[RGB]{0,4...

You may provide a definition with
\DeclareUnicodeCharacter 


! LaTeX Error: Unicode character 𝒢 (U+1D4A2)
               not set up for use with LaTeX.

See the LaTeX manual or LaTeX Companion for explanation.
Type  H <return>  for immediate help.
 ...                                              
                                                  
l.22 ...{e} } ^ { { \mathcolor[RGB]{0,45,90}{𝒢}
                                                   } _ { \mathcolor[RGB]{0,4...

You may provide a definition with
\DeclareUnicodeCharacter 


! LaTeX Error: Unicode character 𝒢 (U+1D4A2)
               not set up for use with LaTeX.

See the LaTeX manual or LaTeX Companion for explanation.
Type  H <return>  for immediate help.
 ...                                              
                                                  
l.22 ...,120}{+} { \mathcolor[RGB]{0,45,135}{𝒢}
                                                   } _ { \mathcolor[RGB]{0,4...

You may provide a definition with
\DeclareUnicodeCharacter 


! LaTeX Error: Unicode character 𝒢 (U+1D4A2)
               not set up for use with LaTeX.

See the LaTeX manual or LaTeX Companion for explanation.
Type  H <return>  for immediate help.
 ...                                              
                                                  
l.22 ...,60,0}{2} { \mathcolor[RGB]{0,60,15}{𝒢}
                                                   } _ { \mathcolor[RGB]{0,6...

You may provide a definition with
\DeclareUnicodeCharacter 


! LaTeX Error: Unicode character 𝒢 (U+1D4A2)
               not set up for use with LaTeX.

See the LaTeX manual or LaTeX Companion for explanation.
Type  H <return>  for immediate help.
 ...                                              
                                                  
l.22 ...}{4} } } { \mathcolor[RGB]{0,60,120}{𝒢}
                                                   } _ { \mathcolor[RGB]{0,6...

You may provide a definition with
\DeclareUnicodeCharacter 


! LaTeX Error: Unicode character 𝒢 (U+1D4A2)
               not set up for use with LaTeX.

See the LaTeX manual or LaTeX Companion for explanation.
Type  H <return>  for immediate help.
 ...                                              
                                                  
l.22 ...75,15}{2} { \mathcolor[RGB]{0,75,30}{𝒢}
                                                   } _ { \mathcolor[RGB]{0,7...

You may provide a definition with
\DeclareUnicodeCharacter 


! LaTeX Error: Unicode character 𝒢 (U+1D4A2)
               not set up for use with LaTeX.

See the LaTeX manual or LaTeX Companion for explanation.
Type  H <return>  for immediate help.
 ...                                              
                                                  
l.22 ...}{2} } } { \mathcolor[RGB]{0,75,150}{𝒢}
                                                   } _ { \mathcolor[RGB]{0,7...

You may provide a definition with
\DeclareUnicodeCharacter 


! LaTeX Error: Unicode character 𝒢 (U+1D4A2)
               not set up for use with LaTeX.

See the LaTeX manual or LaTeX Companion for explanation.
Type  H <return>  for immediate help.
 ...                                              
                                                  
l.22 ...,255}{2} } { \mathcolor[RGB]{0,90,0}{𝒢}
                                                   } _ { \mathcolor[RGB]{0,9...

You may provide a definition with
\DeclareUnicodeCharacter 


! LaTeX Error: Unicode character 𝒯 (U+1D4AF)
               not set up for use with LaTeX.

See the LaTeX manual or LaTeX Companion for explanation.
Type  H <return>  for immediate help.
 ...                                              
                                                  
l.22 ...,105}{2} { \mathcolor[RGB]{0,90,120}{𝒯}
                                                   } _ { \mathcolor[RGB]{0,9...

You may provide a definition with
\DeclareUnicodeCharacter 


! LaTeX Error: Unicode character 𝒢 (U+1D4A2)
               not set up for use with LaTeX.

See the LaTeX manual or LaTeX Companion for explanation.
Type  H <return>  for immediate help.
 ...                                              
                                                  
l.22 ...,150}{+} { \mathcolor[RGB]{0,90,165}{𝒢}
                                                   } _ { \mathcolor[RGB]{0,9...

You may provide a definition with
\DeclareUnicodeCharacter 


! LaTeX Error: Unicode character 𝒢 (U+1D4A2)
               not set up for use with LaTeX.

See the LaTeX manual or LaTeX Companion for explanation.
Type  H <return>  for immediate help.
 ...                                              
                                                  
l.22 ...e} } ^ { { \mathcolor[RGB]{0,90,240}{𝒢}
                                                   } _ { \mathcolor[RGB]{0,9...

You may provide a definition with
\DeclareUnicodeCharacter 


! LaTeX Error: Unicode character 𝒢 (U+1D4A2)
               not set up for use with LaTeX.

See the LaTeX manual or LaTeX Companion for explanation.
Type  H <return>  for immediate help.
 ...                                              
                                                  
l.22 ...60}{2} } { \mathcolor[RGB]{0,105,75}{𝒢}
                                                   } _ { \mathcolor[RGB]{0,1...

You may provide a definition with
\DeclareUnicodeCharacter 


! LaTeX Error: Unicode character 𝒞 (U+1D49E)
               not set up for use with LaTeX.

See the LaTeX manual or LaTeX Companion for explanation.
Type  H <return>  for immediate help.
 ...                                              
                                                  
l.22 ...105}{,} { \mathcolor[RGB]{0,105,120}{𝒞}
                                                   } _ { \mathcolor[RGB]{0,1...

You may provide a definition with
\DeclareUnicodeCharacter 


! LaTeX Error: Unicode character 𝒢 (U+1D4A2)
               not set up for use with LaTeX.

See the LaTeX manual or LaTeX Companion for explanation.
Type  H <return>  for immediate help.
 ...                                              
                                                  
l.22 ...225}{-} { \mathcolor[RGB]{0,105,240}{𝒢}
                                                   } _ { \mathcolor[RGB]{0,1...

You may provide a definition with
\DeclareUnicodeCharacter 


! LaTeX Error: Unicode character 𝒬 (U+1D4AC)
               not set up for use with LaTeX.

See the LaTeX manual or LaTeX Companion for explanation.
Type  H <return>  for immediate help.
 ...                                              
                                                  
l.22 ...{\left(} { \mathcolor[RGB]{0,120,15}{𝒬}
                                                   } _ { \mathcolor[RGB]{0,1...

You may provide a definition with
\DeclareUnicodeCharacter 


! LaTeX Error: Unicode character 𝒢 (U+1D4A2)
               not set up for use with LaTeX.

See the LaTeX manual or LaTeX Companion for explanation.
Type  H <return>  for immediate help.
 ...                                              
                                                  
l.22 ...0,60}{-} { \mathcolor[RGB]{0,120,75}{𝒢}
                                                   } _ { \mathcolor[RGB]{0,1...

You may provide a definition with
\DeclareUnicodeCharacter 


! LaTeX Error: Unicode character 𝒢 (U+1D4A2)
               not set up for use with LaTeX.

See the LaTeX manual or LaTeX Companion for explanation.
Type  H <return>  for immediate help.
 ...                                              
                                                  
l.22 ...5}{s} } { \mathcolor[RGB]{0,120,150}{𝒢}
                                                   } _ { \mathcolor[RGB]{0,1...

You may provide a definition with
\DeclareUnicodeCharacter 


! LaTeX Error: Unicode character 𝒬 (U+1D4AC)
               not set up for use with LaTeX.

See the LaTeX manual or LaTeX Companion for explanation.
Type  H <return>  for immediate help.
 ...                                              
                                                  
l.22 ...180}{-} { \mathcolor[RGB]{0,120,195}{𝒬}
                                                   } _ { \mathcolor[RGB]{0,1...

You may provide a definition with
\DeclareUnicodeCharacter 


! LaTeX Error: Unicode character 𝒢 (U+1D4A2)
               not set up for use with LaTeX.

See the LaTeX manual or LaTeX Companion for explanation.
Type  H <return>  for immediate help.
 ...                                              
                                                  
l.22 ...255}{n} } { \mathcolor[RGB]{0,135,0}{𝒢}
                                                   } _ { \mathcolor[RGB]{0,1...

You may provide a definition with
\DeclareUnicodeCharacter 


! LaTeX Error: Unicode character 𝒯 (U+1D4AF)
               not set up for use with LaTeX.

See the LaTeX manual or LaTeX Companion for explanation.
Type  H <return>  for immediate help.
 ...                                              
                                                  
l.22 ...135}{2} { \mathcolor[RGB]{0,135,150}{𝒯}
                                                   } _ { \mathcolor[RGB]{0,1...

You may provide a definition with
\DeclareUnicodeCharacter 


! LaTeX Error: Unicode character 𝒢 (U+1D4A2)
               not set up for use with LaTeX.

See the LaTeX manual or LaTeX Companion for explanation.
Type  H <return>  for immediate help.
 ...                                              
                                                  
l.22 ...180}{-} { \mathcolor[RGB]{0,135,195}{𝒢}
                                                   } _ { \mathcolor[RGB]{0,1...

You may provide a definition with
\DeclareUnicodeCharacter 


! LaTeX Error: Unicode character 𝒢 (U+1D4A2)
               not set up for use with LaTeX.

See the LaTeX manual or LaTeX Companion for explanation.
Type  H <return>  for immediate help.
 ...                                              
                                                  
l.22 ...5,255}{+} { \mathcolor[RGB]{0,150,0}{𝒢}
                                                   } _ { \mathcolor[RGB]{0,1...

You may provide a definition with
\DeclareUnicodeCharacter 


! LaTeX Error: Unicode character 𝒢 (U+1D4A2)
               not set up for use with LaTeX.

See the LaTeX manual or LaTeX Companion for explanation.
Type  H <return>  for immediate help.
 ...                                              
                                                  
l.22 ...,90}{-} { \mathcolor[RGB]{0,150,105}{𝒢}
                                                   } _ { \mathcolor[RGB]{0,1...

You may provide a definition with
\DeclareUnicodeCharacter 


! LaTeX Error: Unicode character 𝒢 (U+1D4A2)
               not set up for use with LaTeX.

See the LaTeX manual or LaTeX Companion for explanation.
Type  H <return>  for immediate help.
 ...                                              
                                                  
l.22 ...135}{+} { \mathcolor[RGB]{0,150,150}{𝒢}
                                                   } _ { \mathcolor[RGB]{0,1...

You may provide a definition with
\DeclareUnicodeCharacter 


! LaTeX Error: Unicode character 𝒢 (U+1D4A2)
               not set up for use with LaTeX.

See the LaTeX manual or LaTeX Companion for explanation.
Type  H <return>  for immediate help.
 ...                                              
                                                  
l.22 ...5,15}{2} { \mathcolor[RGB]{0,165,30}{𝒢}
                                                   } _ { \mathcolor[RGB]{0,1...

You may provide a definition with
\DeclareUnicodeCharacter 


! LaTeX Error: Unicode character 𝒢 (U+1D4A2)
               not set up for use with LaTeX.

See the LaTeX manual or LaTeX Companion for explanation.
Type  H <return>  for immediate help.
 ...                                              
                                                  
l.22 ...{2} } } { \mathcolor[RGB]{0,165,135}{𝒢}
                                                   } _ { \mathcolor[RGB]{0,1...

You may provide a definition with
\DeclareUnicodeCharacter 


! LaTeX Error: Unicode character 𝒢 (U+1D4A2)
               not set up for use with LaTeX.

See the LaTeX manual or LaTeX Companion for explanation.
Type  H <return>  for immediate help.
 ...                                              
                                                  
l.22 ...210}{-} { \mathcolor[RGB]{0,165,225}{𝒢}
                                                   } _ { \mathcolor[RGB]{0,1...

You may provide a definition with
\DeclareUnicodeCharacter 


! LaTeX Error: Unicode character 𝒢 (U+1D4A2)
               not set up for use with LaTeX.

See the LaTeX manual or LaTeX Companion for explanation.
Type  H <return>  for immediate help.
 ...                                              
                                                  
l.22 ...30}{2} } { \mathcolor[RGB]{0,180,45}{𝒢}
                                                   } _ { \mathcolor[RGB]{0,1...

You may provide a definition with
\DeclareUnicodeCharacter 


! LaTeX Error: Unicode character 𝒢 (U+1D4A2)
               not set up for use with LaTeX.

See the LaTeX manual or LaTeX Companion for explanation.
Type  H <return>  for immediate help.
 ...                                              
                                                  
l.22 ...\left(} { \mathcolor[RGB]{0,180,150}{𝒢}
                                                   } _ { \mathcolor[RGB]{0,1...

You may provide a definition with
\DeclareUnicodeCharacter 


! LaTeX Error: Unicode character 𝒢 (U+1D4A2)
               not set up for use with LaTeX.

See the LaTeX manual or LaTeX Companion for explanation.
Type  H <return>  for immediate help.
 ...                                              
                                                  
l.22 ...210}{+} { \mathcolor[RGB]{0,180,225}{𝒢}
                                                   } _ { \mathcolor[RGB]{0,1...

You may provide a definition with
\DeclareUnicodeCharacter 


! LaTeX Error: Unicode character 𝒯 (U+1D4AF)
               not set up for use with LaTeX.

See the LaTeX manual or LaTeX Companion for explanation.
Type  H <return>  for immediate help.
 ...                                              
                                                  
l.22 ...5,30}{2} { \mathcolor[RGB]{0,195,45}{𝒯}
                                                   } _ { \mathcolor[RGB]{0,1...

You may provide a definition with
\DeclareUnicodeCharacter 


! LaTeX Error: Unicode character 𝒢 (U+1D4A2)
               not set up for use with LaTeX.

See the LaTeX manual or LaTeX Companion for explanation.
Type  H <return>  for immediate help.
 ...                                              
                                                  
l.22 ...5}{2} } { \mathcolor[RGB]{0,195,150}{𝒢}
                                                   } _ { \mathcolor[RGB]{0,1...

You may provide a definition with
\DeclareUnicodeCharacter 


! LaTeX Error: Unicode character 𝒞 (U+1D49E)
               not set up for use with LaTeX.

See the LaTeX manual or LaTeX Companion for explanation.
Type  H <return>  for immediate help.
 ...                                              
                                                  
l.22 ...180}{,} { \mathcolor[RGB]{0,195,195}{𝒞}
                                                   } _ { \mathcolor[RGB]{0,1...

You may provide a definition with
\DeclareUnicodeCharacter 


! LaTeX Error: Unicode character 𝒢 (U+1D4A2)
               not set up for use with LaTeX.

See the LaTeX manual or LaTeX Companion for explanation.
Type  H <return>  for immediate help.
 ...                                              
                                                  
l.22 ...0,30}{-} { \mathcolor[RGB]{0,210,45}{𝒢}
                                                   } _ { \mathcolor[RGB]{0,2...

You may provide a definition with
\DeclareUnicodeCharacter 


! LaTeX Error: Unicode character 𝒬 (U+1D4AC)
               not set up for use with LaTeX.

See the LaTeX manual or LaTeX Companion for explanation.
Type  H <return>  for immediate help.
 ...                                              
                                                  
l.22 ...105}{2} { \mathcolor[RGB]{0,210,120}{𝒬}
                                                   } _ { \mathcolor[RGB]{0,2...

You may provide a definition with
\DeclareUnicodeCharacter 


! LaTeX Error: Unicode character 𝒬 (U+1D4AC)
               not set up for use with LaTeX.

See the LaTeX manual or LaTeX Companion for explanation.
Type  H <return>  for immediate help.
 ...                                              
                                                  
l.22 ...150}{-} { \mathcolor[RGB]{0,210,165}{𝒬}
                                                   } _ { \mathcolor[RGB]{0,2...

You may provide a definition with
\DeclareUnicodeCharacter 


! LaTeX Error: Unicode character 𝒢 (U+1D4A2)
               not set up for use with LaTeX.

See the LaTeX manual or LaTeX Companion for explanation.
Type  H <return>  for immediate help.
 ...                                              
                                                  
l.22 ...225}{-} { \mathcolor[RGB]{0,210,240}{𝒢}
                                                   } _ { \mathcolor[RGB]{0,2...

You may provide a definition with
\DeclareUnicodeCharacter 


! LaTeX Error: Unicode character 𝒢 (U+1D4A2)
               not set up for use with LaTeX.

See the LaTeX manual or LaTeX Companion for explanation.
Type  H <return>  for immediate help.
 ...                                              
                                                  
l.22 ...30}{s} } { \mathcolor[RGB]{0,225,45}{𝒢}
                                                   } _ { \mathcolor[RGB]{0,2...

You may provide a definition with
\DeclareUnicodeCharacter 


! LaTeX Error: Unicode character 𝒬 (U+1D4AC)
               not set up for use with LaTeX.

See the LaTeX manual or LaTeX Companion for explanation.
Type  H <return>  for immediate help.
 ...                                              
                                                  
l.22 ...5,75}{-} { \mathcolor[RGB]{0,225,90}{𝒬}
                                                   } _ { \mathcolor[RGB]{0,2...

You may provide a definition with
\DeclareUnicodeCharacter 


! LaTeX Error: Unicode character 𝒢 (U+1D4A2)
               not set up for use with LaTeX.

See the LaTeX manual or LaTeX Companion for explanation.
Type  H <return>  for immediate help.
 ...                                              
                                                  
l.22 ...0}{n} } { \mathcolor[RGB]{0,225,165}{𝒢}
                                                   } _ { \mathcolor[RGB]{0,2...

You may provide a definition with
\DeclareUnicodeCharacter 


! LaTeX Error: Unicode character 𝒯 (U+1D4AF)
               not set up for use with LaTeX.

See the LaTeX manual or LaTeX Companion for explanation.
Type  H <return>  for immediate help.
 ...                                              
                                                  
l.22 ...0,15}{2} { \mathcolor[RGB]{0,240,30}{𝒯}
                                                   } _ { \mathcolor[RGB]{0,2...

You may provide a definition with
\DeclareUnicodeCharacter 


! LaTeX Error: Unicode character 𝒢 (U+1D4A2)
               not set up for use with LaTeX.

See the LaTeX manual or LaTeX Companion for explanation.
Type  H <return>  for immediate help.
 ...                                              
                                                  
l.22 ...0,60}{+} { \mathcolor[RGB]{0,240,75}{𝒢}
                                                   } _ { \mathcolor[RGB]{0,2...

You may provide a definition with
\DeclareUnicodeCharacter 


! LaTeX Error: Unicode character 𝒢 (U+1D4A2)
               not set up for use with LaTeX.

See the LaTeX manual or LaTeX Companion for explanation.
Type  H <return>  for immediate help.
 ...                                              
                                                  
l.22 ...135}{+} { \mathcolor[RGB]{0,240,150}{𝒢}
                                                   } _ { \mathcolor[RGB]{0,2...

You may provide a definition with
\DeclareUnicodeCharacter 


! LaTeX Error: Unicode character 𝒢 (U+1D4A2)
               not set up for use with LaTeX.

See the LaTeX manual or LaTeX Companion for explanation.
Type  H <return>  for immediate help.
 ...                                              
                                                  
l.22 ...210}{+} { \mathcolor[RGB]{0,240,225}{𝒢}
                                                   } _ { \mathcolor[RGB]{0,2...

You may provide a definition with
\DeclareUnicodeCharacter 


! LaTeX Error: Unicode character 𝒢 (U+1D4A2)
               not set up for use with LaTeX.

See the LaTeX manual or LaTeX Companion for explanation.
Type  H <return>  for immediate help.
 ...                                              
                                                  
l.22 ...5,30}{-} { \mathcolor[RGB]{0,255,45}{𝒢}
                                                   } _ { \mathcolor[RGB]{0,2...

You may provide a definition with
\DeclareUnicodeCharacter 


! LaTeX Error: Unicode character 𝒢 (U+1D4A2)
               not set up for use with LaTeX.

See the LaTeX manual or LaTeX Companion for explanation.
Type  H <return>  for immediate help.
 ...                                              
                                                  
l.22 ...105}{-} { \mathcolor[RGB]{0,255,120}{𝒢}
                                                   } _ { \mathcolor[RGB]{0,2...

You may provide a definition with
\DeclareUnicodeCharacter 


! LaTeX Error: Unicode character 𝒢 (U+1D4A2)
               not set up for use with LaTeX.

See the LaTeX manual or LaTeX Companion for explanation.
Type  H <return>  for immediate help.
 ...                                              
                                                  
l.22 ...210}{2} { \mathcolor[RGB]{0,255,225}{𝒢}
                                                   } _ { \mathcolor[RGB]{0,2...

You may provide a definition with
\DeclareUnicodeCharacter 


! LaTeX Error: Unicode character 𝒢 (U+1D4A2)
               not set up for use with LaTeX.

See the LaTeX manual or LaTeX Companion for explanation.
Type  H <return>  for immediate help.
 ...                                              
                                                  
l.22 ...5}{4} } } { \mathcolor[RGB]{15,0,60}{𝒢}
                                                   } _ { \mathcolor[RGB]{15,...

You may provide a definition with
\DeclareUnicodeCharacter 


! LaTeX Error: Unicode character 𝒢 (U+1D4A2)
               not set up for use with LaTeX.

See the LaTeX manual or LaTeX Companion for explanation.
Type  H <return>  for immediate help.
 ...                                              
                                                  
l.22 ...,135}{-} { \mathcolor[RGB]{15,0,150}{𝒢}
                                                   } _ { \mathcolor[RGB]{15,...

You may provide a definition with
\DeclareUnicodeCharacter 


! LaTeX Error: Unicode character 𝒢 (U+1D4A2)
               not set up for use with LaTeX.

See the LaTeX manual or LaTeX Companion for explanation.
Type  H <return>  for immediate help.
 ...                                              
                                                  
l.22 ...5,15}{2} { \mathcolor[RGB]{15,15,30}{𝒢}
                                                   } _ { \mathcolor[RGB]{15,...

You may provide a definition with
\DeclareUnicodeCharacter 


! LaTeX Error: Unicode character 𝒢 (U+1D4A2)
               not set up for use with LaTeX.

See the LaTeX manual or LaTeX Companion for explanation.
Type  H <return>  for immediate help.
 ...                                              
                                                  
l.22 ...\left(} { \mathcolor[RGB]{15,15,165}{𝒢}
                                                   } _ { \mathcolor[RGB]{15,...

You may provide a definition with
\DeclareUnicodeCharacter 


! LaTeX Error: Unicode character 𝒢 (U+1D4A2)
               not set up for use with LaTeX.

See the LaTeX manual or LaTeX Companion for explanation.
Type  H <return>  for immediate help.
 ...                                              
                                                  
l.22 ...225}{-} { \mathcolor[RGB]{15,15,240}{𝒢}
                                                   } _ { \mathcolor[RGB]{15,...

You may provide a definition with
\DeclareUnicodeCharacter 


! LaTeX Error: Unicode character 𝒯 (U+1D4AF)
               not set up for use with LaTeX.

See the LaTeX manual or LaTeX Companion for explanation.
Type  H <return>  for immediate help.
 ...                                              
                                                  
l.22 ...0,45}{2} { \mathcolor[RGB]{15,30,60}{𝒯}
                                                   } _ { \mathcolor[RGB]{15,...

You may provide a definition with
\DeclareUnicodeCharacter 


! LaTeX Error: Unicode character 𝒢 (U+1D4A2)
               not set up for use with LaTeX.

See the LaTeX manual or LaTeX Companion for explanation.
Type  H <return>  for immediate help.
 ...                                              
                                                  
l.22 ...135}{2} { \mathcolor[RGB]{15,30,150}{𝒢}
                                                   } _ { \mathcolor[RGB]{15,...

You may provide a definition with
\DeclareUnicodeCharacter 


! LaTeX Error: Unicode character 𝒢 (U+1D4A2)
               not set up for use with LaTeX.

See the LaTeX manual or LaTeX Companion for explanation.
Type  H <return>  for immediate help.
 ...                                              
                                                  
l.22 ...5}{2} } { \mathcolor[RGB]{15,30,240}{𝒢}
                                                   } _ { \mathcolor[RGB]{15,...

You may provide a definition with
\DeclareUnicodeCharacter 


! LaTeX Error: Unicode character 𝒞 (U+1D49E)
               not set up for use with LaTeX.

See the LaTeX manual or LaTeX Companion for explanation.
Type  H <return>  for immediate help.
 ...                                              
                                                  
l.22 ...45,0}{,} { \mathcolor[RGB]{15,45,15}{𝒞}
                                                   } _ { \mathcolor[RGB]{15,...

You may provide a definition with
\DeclareUnicodeCharacter 


! LaTeX Error: Unicode character 𝒢 (U+1D4A2)
               not set up for use with LaTeX.

See the LaTeX manual or LaTeX Companion for explanation.
Type  H <return>  for immediate help.
 ...                                              
                                                  
l.22 ...120}{-} { \mathcolor[RGB]{15,45,135}{𝒢}
                                                   } _ { \mathcolor[RGB]{15,...

You may provide a definition with
\DeclareUnicodeCharacter 


! LaTeX Error: Unicode character 𝒬 (U+1D4AC)
               not set up for use with LaTeX.

See the LaTeX manual or LaTeX Companion for explanation.
Type  H <return>  for immediate help.
 ...                                              
                                                  
l.22 ...180}{(} { \mathcolor[RGB]{15,45,195}{𝒬}
                                                   } _ { \mathcolor[RGB]{15,...

You may provide a definition with
\DeclareUnicodeCharacter 


! LaTeX Error: Unicode character 𝒬 (U+1D4AC)
               not set up for use with LaTeX.

See the LaTeX manual or LaTeX Companion for explanation.
Type  H <return>  for immediate help.
 ...                                              
                                                  
l.22 ...240}{2} { \mathcolor[RGB]{15,45,255}{𝒬}
                                                   } _ { \mathcolor[RGB]{15,...

You may provide a definition with
\DeclareUnicodeCharacter 


! LaTeX Error: Unicode character 𝒢 (U+1D4A2)
               not set up for use with LaTeX.

See the LaTeX manual or LaTeX Companion for explanation.
Type  H <return>  for immediate help.
 ...                                              
                                                  
l.22 ...e} } ^ { { \mathcolor[RGB]{15,60,45}{𝒢}
                                                   } _ { \mathcolor[RGB]{15,...

You may provide a definition with
\DeclareUnicodeCharacter 


! LaTeX Error: Unicode character 𝒢 (U+1D4A2)
               not set up for use with LaTeX.

See the LaTeX manual or LaTeX Companion for explanation.
Type  H <return>  for immediate help.
 ...                                              
                                                  
l.22 ...5}{s} } { \mathcolor[RGB]{15,60,120}{𝒢}
                                                   } _ { \mathcolor[RGB]{15,...

You may provide a definition with
\DeclareUnicodeCharacter 


! LaTeX Error: Unicode character 𝒬 (U+1D4AC)
               not set up for use with LaTeX.

See the LaTeX manual or LaTeX Companion for explanation.
Type  H <return>  for immediate help.
 ...                                              
                                                  
l.22 ...150}{-} { \mathcolor[RGB]{15,60,165}{𝒬}
                                                   } _ { \mathcolor[RGB]{15,...

You may provide a definition with
\DeclareUnicodeCharacter 


! LaTeX Error: Unicode character 𝒢 (U+1D4A2)
               not set up for use with LaTeX.

See the LaTeX manual or LaTeX Companion for explanation.
Type  H <return>  for immediate help.
 ...                                              
                                                  
l.22 ...5}{n} } { \mathcolor[RGB]{15,60,240}{𝒢}
                                                   } _ { \mathcolor[RGB]{15,...

You may provide a definition with
\DeclareUnicodeCharacter 


! LaTeX Error: Unicode character 𝒯 (U+1D4AF)
               not set up for use with LaTeX.

See the LaTeX manual or LaTeX Companion for explanation.
Type  H <return>  for immediate help.
 ...                                              
                                                  
l.22 ...,90}{2} { \mathcolor[RGB]{15,75,105}{𝒯}
                                                   } _ { \mathcolor[RGB]{15,...

You may provide a definition with
\DeclareUnicodeCharacter 


! LaTeX Error: Unicode character 𝒢 (U+1D4A2)
               not set up for use with LaTeX.

See the LaTeX manual or LaTeX Companion for explanation.
Type  H <return>  for immediate help.
 ...                                              
                                                  
l.22 ...135}{-} { \mathcolor[RGB]{15,75,150}{𝒢}
                                                   } _ { \mathcolor[RGB]{15,...

You may provide a definition with
\DeclareUnicodeCharacter 


! LaTeX Error: Unicode character 𝒢 (U+1D4A2)
               not set up for use with LaTeX.

See the LaTeX manual or LaTeX Companion for explanation.
Type  H <return>  for immediate help.
 ...                                              
                                                  
l.22 ...210}{+} { \mathcolor[RGB]{15,75,225}{𝒢}
                                                   } _ { \mathcolor[RGB]{15,...

You may provide a definition with
\DeclareUnicodeCharacter 


! LaTeX Error: Unicode character 𝒢 (U+1D4A2)
               not set up for use with LaTeX.

See the LaTeX manual or LaTeX Companion for explanation.
Type  H <return>  for immediate help.
 ...                                              
                                                  
l.22 ...0,15}{+} { \mathcolor[RGB]{15,90,30}{𝒢}
                                                   } _ { \mathcolor[RGB]{15,...

You may provide a definition with
\DeclareUnicodeCharacter 


! LaTeX Error: Unicode character 𝒢 (U+1D4A2)
               not set up for use with LaTeX.

See the LaTeX manual or LaTeX Companion for explanation.
Type  H <return>  for immediate help.
 ...                                              
                                                  
l.22 ...} } ^ { { \mathcolor[RGB]{15,90,105}{𝒢}
                                                   } _ { \mathcolor[RGB]{15,...

You may provide a definition with
\DeclareUnicodeCharacter 


! LaTeX Error: Unicode character 𝒢 (U+1D4A2)
               not set up for use with LaTeX.

See the LaTeX manual or LaTeX Companion for explanation.
Type  H <return>  for immediate help.
 ...                                              
                                                  
l.22 ...} } ^ { { \mathcolor[RGB]{15,90,165}{𝒢}
                                                   } _ { \mathcolor[RGB]{15,...

You may provide a definition with
\DeclareUnicodeCharacter 


! LaTeX Error: Unicode character 𝒢 (U+1D4A2)
               not set up for use with LaTeX.

See the LaTeX manual or LaTeX Companion for explanation.
Type  H <return>  for immediate help.
 ...                                              
                                                  
l.22 ...,255}{2} { \mathcolor[RGB]{15,105,0}{𝒢}
                                                   } _ { \mathcolor[RGB]{15,...

You may provide a definition with
\DeclareUnicodeCharacter 


! LaTeX Error: Unicode character 𝒢 (U+1D4A2)
               not set up for use with LaTeX.

See the LaTeX manual or LaTeX Companion for explanation.
Type  H <return>  for immediate help.
 ...                                              
                                                  
l.22 ...4} } } { \mathcolor[RGB]{15,105,105}{𝒢}
                                                   } _ { \mathcolor[RGB]{15,...

You may provide a definition with
\DeclareUnicodeCharacter 


! LaTeX Error: Unicode character 𝒢 (U+1D4A2)
               not set up for use with LaTeX.

See the LaTeX manual or LaTeX Companion for explanation.
Type  H <return>  for immediate help.
 ...                                              
                                                  
l.22 ... } ^ { { \mathcolor[RGB]{15,105,180}{𝒢}
                                                   } _ { \mathcolor[RGB]{15,...

You may provide a definition with
\DeclareUnicodeCharacter 


! LaTeX Error: Unicode character 𝒢 (U+1D4A2)
               not set up for use with LaTeX.

See the LaTeX manual or LaTeX Companion for explanation.
Type  H <return>  for immediate help.
 ...                                              
                                                  
l.22 ...,45}{2} { \mathcolor[RGB]{15,120,60}{𝒢}
                                                   } _ { \mathcolor[RGB]{15,...

You may provide a definition with
\DeclareUnicodeCharacter 


! LaTeX Error: Unicode character 𝒢 (U+1D4A2)
               not set up for use with LaTeX.

See the LaTeX manual or LaTeX Companion for explanation.
Type  H <return>  for immediate help.
 ...                                              
                                                  
l.22 ...left(} { \mathcolor[RGB]{15,120,195}{𝒢}
                                                   } _ { \mathcolor[RGB]{15,...

You may provide a definition with
\DeclareUnicodeCharacter 


! LaTeX Error: Unicode character 𝒢 (U+1D4A2)
               not set up for use with LaTeX.

See the LaTeX manual or LaTeX Companion for explanation.
Type  H <return>  for immediate help.
 ...                                              
                                                  
l.22 ...,255}{+} { \mathcolor[RGB]{15,135,0}{𝒢}
                                                   } _ { \mathcolor[RGB]{15,...

You may provide a definition with
\DeclareUnicodeCharacter 


! LaTeX Error: Unicode character 𝒯 (U+1D4AF)
               not set up for use with LaTeX.

See the LaTeX manual or LaTeX Companion for explanation.
Type  H <return>  for immediate help.
 ...                                              
                                                  
l.22 ...,75}{2} { \mathcolor[RGB]{15,135,90}{𝒯}
                                                   } _ { \mathcolor[RGB]{15,...

You may provide a definition with
\DeclareUnicodeCharacter 


! LaTeX Error: Unicode character 𝒢 (U+1D4A2)
               not set up for use with LaTeX.

See the LaTeX manual or LaTeX Companion for explanation.
Type  H <return>  for immediate help.
 ...                                              
                                                  
l.22 ...50}{2} { \mathcolor[RGB]{15,135,165}{𝒢}
                                                   } _ { \mathcolor[RGB]{15,...

You may provide a definition with
\DeclareUnicodeCharacter 


! LaTeX Error: Unicode character 𝒢 (U+1D4A2)
               not set up for use with LaTeX.

See the LaTeX manual or LaTeX Companion for explanation.
Type  H <return>  for immediate help.
 ...                                              
                                                  
l.22 ...}{2} } { \mathcolor[RGB]{15,135,255}{𝒢}
                                                   } _ { \mathcolor[RGB]{15,...

You may provide a definition with
\DeclareUnicodeCharacter 


! LaTeX Error: Unicode character 𝒞 (U+1D49E)
               not set up for use with LaTeX.

See the LaTeX manual or LaTeX Companion for explanation.
Type  H <return>  for immediate help.
 ...                                              
                                                  
l.22 ...,15}{,} { \mathcolor[RGB]{15,150,30}{𝒞}
                                                   } _ { \mathcolor[RGB]{15,...

You may provide a definition with
\DeclareUnicodeCharacter 


! LaTeX Error: Unicode character 𝒢 (U+1D4A2)
               not set up for use with LaTeX.

See the LaTeX manual or LaTeX Companion for explanation.
Type  H <return>  for immediate help.
 ...                                              
                                                  
l.22 ...50}{-} { \mathcolor[RGB]{15,150,165}{𝒢}
                                                   } _ { \mathcolor[RGB]{15,...

You may provide a definition with
\DeclareUnicodeCharacter 


! LaTeX Error: Unicode character 𝒬 (U+1D4AC)
               not set up for use with LaTeX.

See the LaTeX manual or LaTeX Companion for explanation.
Type  H <return>  for immediate help.
 ...                                              
                                                  
l.22 ...left(} { \mathcolor[RGB]{15,150,210}{𝒬}
                                                   } _ { \mathcolor[RGB]{15,...

You may provide a definition with
\DeclareUnicodeCharacter 


! LaTeX Error: Unicode character 𝒢 (U+1D4A2)
               not set up for use with LaTeX.

See the LaTeX manual or LaTeX Companion for explanation.
Type  H <return>  for immediate help.
 ...                                              
                                                  
l.22 ... } ^ { { \mathcolor[RGB]{15,150,255}{𝒢}
                                                   } _ { \mathcolor[RGB]{15,...

You may provide a definition with
\DeclareUnicodeCharacter 


! LaTeX Error: Unicode character 𝒢 (U+1D4A2)
               not set up for use with LaTeX.

See the LaTeX manual or LaTeX Companion for explanation.
Type  H <return>  for immediate help.
 ...                                              
                                                  
l.22 ...5}{s} } { \mathcolor[RGB]{15,165,60}{𝒢}
                                                   } _ { \mathcolor[RGB]{15,...

You may provide a definition with
\DeclareUnicodeCharacter 


! LaTeX Error: Unicode character 𝒬 (U+1D4AC)
               not set up for use with LaTeX.

See the LaTeX manual or LaTeX Companion for explanation.
Type  H <return>  for immediate help.
 ...                                              
                                                  
l.22 ...90}{+} { \mathcolor[RGB]{15,165,105}{𝒬}
                                                   } _ { \mathcolor[RGB]{15,...

You may provide a definition with
\DeclareUnicodeCharacter 


! LaTeX Error: Unicode character 𝒢 (U+1D4A2)
               not set up for use with LaTeX.

See the LaTeX manual or LaTeX Companion for explanation.
Type  H <return>  for immediate help.
 ...                                              
                                                  
l.22 ...}{n} } { \mathcolor[RGB]{15,165,180}{𝒢}
                                                   } _ { \mathcolor[RGB]{15,...

You may provide a definition with
\DeclareUnicodeCharacter 


! LaTeX Error: Unicode character 𝒯 (U+1D4AF)
               not set up for use with LaTeX.

See the LaTeX manual or LaTeX Companion for explanation.
Type  H <return>  for immediate help.
 ...                                              
                                                  
l.22 ...,45}{2} { \mathcolor[RGB]{15,180,60}{𝒯}
                                                   } _ { \mathcolor[RGB]{15,...

You may provide a definition with
\DeclareUnicodeCharacter 


! LaTeX Error: Unicode character 𝒢 (U+1D4A2)
               not set up for use with LaTeX.

See the LaTeX manual or LaTeX Companion for explanation.
Type  H <return>  for immediate help.
 ...                                              
                                                  
l.22 ...90}{+} { \mathcolor[RGB]{15,180,105}{𝒢}
                                                   } _ { \mathcolor[RGB]{15,...

You may provide a definition with
\DeclareUnicodeCharacter 


! LaTeX Error: Unicode character 𝒢 (U+1D4A2)
               not set up for use with LaTeX.

See the LaTeX manual or LaTeX Companion for explanation.
Type  H <return>  for immediate help.
 ...                                              
                                                  
l.22 ...65}{+} { \mathcolor[RGB]{15,180,180}{𝒢}
                                                   } _ { \mathcolor[RGB]{15,...

You may provide a definition with
\DeclareUnicodeCharacter 


! LaTeX Error: Unicode character 𝒢 (U+1D4A2)
               not set up for use with LaTeX.

See the LaTeX manual or LaTeX Companion for explanation.
Type  H <return>  for immediate help.
 ...                                              
                                                  
l.22 ...e} } ^ { { \mathcolor[RGB]{15,195,0}{𝒢}
                                                   } _ { \mathcolor[RGB]{15,...

You may provide a definition with
\DeclareUnicodeCharacter 


! LaTeX Error: Unicode character 𝒢 (U+1D4A2)
               not set up for use with LaTeX.

See the LaTeX manual or LaTeX Companion for explanation.
Type  H <return>  for immediate help.
 ...                                              
                                                  
l.22 ...,30}{+} { \mathcolor[RGB]{15,195,45}{𝒢}
                                                   } _ { \mathcolor[RGB]{15,...
(That makes 100 errors; please try again.) 
Here is how much of TeX's memory you used:
 3455 strings out of 476091
 49283 string characters out of 5794082
 1854330 words of memory out of 5000000
 23835 multiletter control sequences out of 15000+600000
 517781 words of font info for 53 fonts, out of 8000000 for 9000
 1141 hyphenation exceptions out of 8191
 57i,10n,62p,37798b,553s stack positions out of 10000i,1000n,20000p,200000b,200000s

!  ==> Fatal error occurred, no output PDF file produced!
