This is pdfTeX, Version 3.141592653-2.6-1.40.24 (TeX Live 2022/Debian) (preloaded format=pdflatex 2026.2.7)  17 FEB 2026 12:27
entering extended mode
 restricted \write18 enabled.
 %&-line parsing enabled.
**output/temp_dir/cdm_infer_result_33_gt/output_cdm_infer_result_33_gt_1910_036
02_49.tex

(./output/temp_dir/cdm_infer_result_33_gt/output_cdm_infer_result_33_gt_1910_03
602_49.tex
LaTeX2e <2022-11-01> patch level 1
L3 programming layer <2023-01-16>
(/usr/share/texlive/texmf-dist/tex/latex/base/article.cls
Document Class: article 2022/07/02 v1.4n Standard LaTeX document class
(/usr/share/texlive/texmf-dist/tex/latex/base/size12.clo
File: size12.clo 2022/07/02 v1.4n Standard LaTeX file (size option)
)
\c@part=\count185
\c@section=\count186
\c@subsection=\count187
\c@subsubsection=\count188
\c@paragraph=\count189
\c@subparagraph=\count190
\c@figure=\count191
\c@table=\count192
\abovecaptionskip=\skip48
\belowcaptionskip=\skip49
\bibindent=\dimen140
)
(/usr/share/texlive/texmf-dist/tex/latex/geometry/geometry.sty
Package: geometry 2020/01/02 v5.9 Page Geometry

(/usr/share/texlive/texmf-dist/tex/latex/graphics/keyval.sty
Package: keyval 2022/05/29 v1.15 key=value parser (DPC)
\KV@toks@=\toks16
)
(/usr/share/texlive/texmf-dist/tex/generic/iftex/ifvtex.sty
Package: ifvtex 2019/10/25 v1.7 ifvtex legacy package. Use iftex instead.

(/usr/share/texlive/texmf-dist/tex/generic/iftex/iftex.sty
Package: iftex 2022/02/03 v1.0f TeX engine tests
))
\Gm@cnth=\count193
\Gm@cntv=\count194
\c@Gm@tempcnt=\count195
\Gm@bindingoffset=\dimen141
\Gm@wd@mp=\dimen142
\Gm@odd@mp=\dimen143
\Gm@even@mp=\dimen144
\Gm@layoutwidth=\dimen145
\Gm@layoutheight=\dimen146
\Gm@layouthoffset=\dimen147
\Gm@layoutvoffset=\dimen148
\Gm@dimlist=\toks17
)
(/usr/share/texlive/texmf-dist/tex/latex/booktabs/booktabs.sty
Package: booktabs 2020/01/12 v1.61803398 Publication quality tables
\heavyrulewidth=\dimen149
\lightrulewidth=\dimen150
\cmidrulewidth=\dimen151
\belowrulesep=\dimen152
\belowbottomsep=\dimen153
\aboverulesep=\dimen154
\abovetopsep=\dimen155
\cmidrulesep=\dimen156
\cmidrulekern=\dimen157
\defaultaddspace=\dimen158
\@cmidla=\count196
\@cmidlb=\count197
\@aboverulesep=\dimen159
\@belowrulesep=\dimen160
\@thisruleclass=\count198
\@lastruleclass=\count199
\@thisrulewidth=\dimen161
)
(/usr/share/texlive/texmf-dist/tex/latex/amsmath/amsmath.sty
Package: amsmath 2022/04/08 v2.17n AMS math features
\@mathmargin=\skip50

For additional information on amsmath, use the `?' option.
(/usr/share/texlive/texmf-dist/tex/latex/amsmath/amstext.sty
Package: amstext 2021/08/26 v2.01 AMS text

(/usr/share/texlive/texmf-dist/tex/latex/amsmath/amsgen.sty
File: amsgen.sty 1999/11/30 v2.0 generic functions
\@emptytoks=\toks18
\ex@=\dimen162
))
(/usr/share/texlive/texmf-dist/tex/latex/amsmath/amsbsy.sty
Package: amsbsy 1999/11/29 v1.2d Bold Symbols
\pmbraise@=\dimen163
)
(/usr/share/texlive/texmf-dist/tex/latex/amsmath/amsopn.sty
Package: amsopn 2022/04/08 v2.04 operator names
)
\inf@bad=\count266
LaTeX Info: Redefining \frac on input line 234.
\uproot@=\count267
\leftroot@=\count268
LaTeX Info: Redefining \overline on input line 399.
LaTeX Info: Redefining \colon on input line 410.
\classnum@=\count269
\DOTSCASE@=\count270
LaTeX Info: Redefining \ldots on input line 496.
LaTeX Info: Redefining \dots on input line 499.
LaTeX Info: Redefining \cdots on input line 620.
\Mathstrutbox@=\box51
\strutbox@=\box52
LaTeX Info: Redefining \big on input line 722.
LaTeX Info: Redefining \Big on input line 723.
LaTeX Info: Redefining \bigg on input line 724.
LaTeX Info: Redefining \Bigg on input line 725.
\big@size=\dimen164
LaTeX Font Info:    Redeclaring font encoding OML on input line 743.
LaTeX Font Info:    Redeclaring font encoding OMS on input line 744.
\macc@depth=\count271
LaTeX Info: Redefining \bmod on input line 905.
LaTeX Info: Redefining \pmod on input line 910.
LaTeX Info: Redefining \smash on input line 940.
LaTeX Info: Redefining \relbar on input line 970.
LaTeX Info: Redefining \Relbar on input line 971.
\c@MaxMatrixCols=\count272
\dotsspace@=\muskip16
\c@parentequation=\count273
\dspbrk@lvl=\count274
\tag@help=\toks19
\row@=\count275
\column@=\count276
\maxfields@=\count277
\andhelp@=\toks20
\eqnshift@=\dimen165
\alignsep@=\dimen166
\tagshift@=\dimen167
\tagwidth@=\dimen168
\totwidth@=\dimen169
\lineht@=\dimen170
\@envbody=\toks21
\multlinegap=\skip51
\multlinetaggap=\skip52
\mathdisplay@stack=\toks22
LaTeX Info: Redefining \[ on input line 2953.
LaTeX Info: Redefining \] on input line 2954.
)
(/usr/share/texlive/texmf-dist/tex/latex/was/upgreek.sty
Package: upgreek 2003/02/12 v2.0 (WaS)
Package upgreek Info: Using Euler Roman for upright Greek on input line 31.
\symugrf@m=\mathgroup4
LaTeX Font Info:    Overwriting symbol font `ugrf@m' in version `bold'
(Font)                  U/eur/m/n --> U/eur/b/n on input line 38.
)
(/usr/share/texlive/texmf-dist/tex/latex/amsfonts/amssymb.sty
Package: amssymb 2013/01/14 v3.01 AMS font symbols

(/usr/share/texlive/texmf-dist/tex/latex/amsfonts/amsfonts.sty
Package: amsfonts 2013/01/14 v3.01 Basic AMSFonts support
\symAMSa=\mathgroup5
\symAMSb=\mathgroup6
LaTeX Font Info:    Redeclaring math symbol \hbar on input line 98.
LaTeX Font Info:    Overwriting math alphabet `\mathfrak' in version `bold'
(Font)                  U/euf/m/n --> U/euf/b/n on input line 106.
))
(/usr/share/texlive/texmf-dist/tex/latex/xcolor/xcolor.sty
Package: xcolor 2022/06/12 v2.14 LaTeX color extensions (UK)

(/usr/share/texlive/texmf-dist/tex/latex/graphics-cfg/color.cfg
File: color.cfg 2016/01/02 v1.6 sample color configuration
)
Package xcolor Info: Driver file: pdftex.def on input line 227.

(/usr/share/texlive/texmf-dist/tex/latex/graphics-def/pdftex.def
File: pdftex.def 2022/09/22 v1.2b Graphics/color driver for pdftex
)
(/usr/share/texlive/texmf-dist/tex/latex/graphics/mathcolor.ltx)
Package xcolor Info: Model `cmy' substituted by `cmy0' on input line 1353.
Package xcolor Info: Model `hsb' substituted by `rgb' on input line 1357.
Package xcolor Info: Model `RGB' extended on input line 1369.
Package xcolor Info: Model `HTML' substituted by `rgb' on input line 1371.
Package xcolor Info: Model `Hsb' substituted by `hsb' on input line 1372.
Package xcolor Info: Model `tHsb' substituted by `hsb' on input line 1373.
Package xcolor Info: Model `HSB' substituted by `hsb' on input line 1374.
Package xcolor Info: Model `Gray' substituted by `gray' on input line 1375.
Package xcolor Info: Model `wave' substituted by `hsb' on input line 1376.
)
(/usr/share/texlive/texmf-dist/tex/latex/l3backend/l3backend-pdftex.def
File: l3backend-pdftex.def 2023-01-16 L3 backend support: PDF output (pdfTeX)
\l__color_backend_stack_int=\count278
\l__pdf_internal_box=\box53
)
No file output_cdm_infer_result_33_gt_1910_03602_49.aux.
\openout1 = `output_cdm_infer_result_33_gt_1910_03602_49.aux'.

LaTeX Font Info:    Checking defaults for OML/cmm/m/it on input line 12.
LaTeX Font Info:    ... okay on input line 12.
LaTeX Font Info:    Checking defaults for OMS/cmsy/m/n on input line 12.
LaTeX Font Info:    ... okay on input line 12.
LaTeX Font Info:    Checking defaults for OT1/cmr/m/n on input line 12.
LaTeX Font Info:    ... okay on input line 12.
LaTeX Font Info:    Checking defaults for T1/cmr/m/n on input line 12.
LaTeX Font Info:    ... okay on input line 12.
LaTeX Font Info:    Checking defaults for TS1/cmr/m/n on input line 12.
LaTeX Font Info:    ... okay on input line 12.
LaTeX Font Info:    Checking defaults for OMX/cmex/m/n on input line 12.
LaTeX Font Info:    ... okay on input line 12.
LaTeX Font Info:    Checking defaults for U/cmr/m/n on input line 12.
LaTeX Font Info:    ... okay on input line 12.
*geometry* driver: auto-detecting
*geometry* detected driver: pdftex
*geometry* verbose mode - [ preamble ] result:
* driver: pdftex
* paper: a3paper
* layout: <same size as paper>
* layoutoffset:(h,v)=(0.0pt,0.0pt)
* modes: landscape 
* h-part:(L,W,R)=(11.95271pt, 1171.11032pt, 11.95271pt)
* v-part:(T,H,B)=(6.76181pt, 828.14229pt, 10.14275pt)
* \paperwidth=1195.01575pt
* \paperheight=845.04684pt
* \textwidth=1171.11032pt
* \textheight=828.14229pt
* \oddsidemargin=-60.31728pt
* \evensidemargin=-60.31728pt
* \topmargin=-102.50818pt
* \headheight=12.0pt
* \headsep=25.0pt
* \topskip=12.0pt
* \footskip=30.0pt
* \marginparwidth=44.0pt
* \marginparsep=10.0pt
* \columnsep=10.0pt
* \skip\footins=10.8pt plus 4.0pt minus 2.0pt
* \hoffset=0.0pt
* \voffset=0.0pt
* \mag=1000
* \@twocolumnfalse
* \@twosidefalse
* \@mparswitchfalse
* \@reversemarginfalse
* (1in=72.27pt=25.4mm, 1cm=28.453pt)

(/usr/share/texlive/texmf-dist/tex/context/base/mkii/supp-pdf.mkii
[Loading MPS to PDF converter (version 2006.09.02).]
\scratchcounter=\count279
\scratchdimen=\dimen171
\scratchbox=\box54
\nofMPsegments=\count280
\nofMParguments=\count281
\everyMPshowfont=\toks23
\MPscratchCnt=\count282
\MPscratchDim=\dimen172
\MPnumerator=\count283
\makeMPintoPDFobject=\count284
\everyMPtoPDFconversion=\toks24
)
LaTeX Font Info:    Trying to load font information for U+msa on input line 21.

 (/usr/share/texlive/texmf-dist/tex/latex/amsfonts/umsa.fd
File: umsa.fd 2013/01/14 v3.01 AMS symbols A
)
LaTeX Font Info:    Trying to load font information for U+msb on input line 21.


(/usr/share/texlive/texmf-dist/tex/latex/amsfonts/umsb.fd
File: umsb.fd 2013/01/14 v3.01 AMS symbols B
)

! LaTeX Error: Unicode character ϵ (U+03F5)
               not set up for use with LaTeX.

See the LaTeX manual or LaTeX Companion for explanation.
Type  H <return>  for immediate help.
 ...                                              
                                                  
l.22 ...]{0,0,30}{+} { \mathcolor[RGB]{0,0,45}{ϵ}
                                                   } _ { \mathcolor[RGB]{0,0...

You may provide a definition with
\DeclareUnicodeCharacter 


! LaTeX Error: Unicode character ϵ (U+03F5)
               not set up for use with LaTeX.

See the LaTeX manual or LaTeX Companion for explanation.
Type  H <return>  for immediate help.
 ...                                              
                                                  
l.22 ...0,0,135}{4} { \mathcolor[RGB]{0,0,150}{ϵ}
                                                   } _ { \mathcolor[RGB]{0,0...

You may provide a definition with
\DeclareUnicodeCharacter 


! LaTeX Error: Unicode character ϵ (U+03F5)
               not set up for use with LaTeX.

See the LaTeX manual or LaTeX Companion for explanation.
Type  H <return>  for immediate help.
 ...                                              
                                                  
l.22 ...180}{\cdot} { \mathcolor[RGB]{0,0,195}{ϵ}
                                                   } _ { \mathcolor[RGB]{0,0...

You may provide a definition with
\DeclareUnicodeCharacter 


! LaTeX Error: Unicode character ϵ (U+03F5)
               not set up for use with LaTeX.

See the LaTeX manual or LaTeX Companion for explanation.
Type  H <return>  for immediate help.
 ...                                              
                                                  
l.22 ...0,210}{4} } { \mathcolor[RGB]{0,0,225}{ϵ}
                                                   } _ { \mathcolor[RGB]{0,0...

You may provide a definition with
\DeclareUnicodeCharacter 


! LaTeX Error: Unicode character ϵ (U+03F5)
               not set up for use with LaTeX.

See the LaTeX manual or LaTeX Companion for explanation.
Type  H <return>  for immediate help.
 ...                                              
                                                  
l.22 ...0,15,30}{2} { \mathcolor[RGB]{0,15,45}{ϵ}
                                                   } _ { \mathcolor[RGB]{0,1...

You may provide a definition with
\DeclareUnicodeCharacter 


! LaTeX Error: Unicode character ϵ (U+03F5)
               not set up for use with LaTeX.

See the LaTeX manual or LaTeX Companion for explanation.
Type  H <return>  for immediate help.
 ...                                              
                                                  
l.22 ...,75}{\cdot} { \mathcolor[RGB]{0,15,90}{ϵ}
                                                   } _ { \mathcolor[RGB]{0,1...

You may provide a definition with
\DeclareUnicodeCharacter 


! LaTeX Error: Unicode character ϵ (U+03F5)
               not set up for use with LaTeX.

See the LaTeX manual or LaTeX Companion for explanation.
Type  H <return>  for immediate help.
 ...                                              
                                                  
l.22 ...,105}{4} } { \mathcolor[RGB]{0,15,120}{ϵ}
                                                   } _ { \mathcolor[RGB]{0,1...

You may provide a definition with
\DeclareUnicodeCharacter 


! LaTeX Error: Unicode character ϵ (U+03F5)
               not set up for use with LaTeX.

See the LaTeX manual or LaTeX Companion for explanation.
Type  H <return>  for immediate help.
 ...                                              
                                                  
l.22 ...15,210}{2} { \mathcolor[RGB]{0,15,225}{ϵ}
                                                   } _ { \mathcolor[RGB]{0,1...

You may provide a definition with
\DeclareUnicodeCharacter 


! LaTeX Error: Unicode character ϵ (U+03F5)
               not set up for use with LaTeX.

See the LaTeX manual or LaTeX Companion for explanation.
Type  H <return>  for immediate help.
 ...                                              
                                                  
l.22 ...30,15}{3} } { \mathcolor[RGB]{0,30,30}{ϵ}
                                                   } _ { \mathcolor[RGB]{0,3...

You may provide a definition with
\DeclareUnicodeCharacter 


! LaTeX Error: Unicode character ϵ (U+03F5)
               not set up for use with LaTeX.

See the LaTeX manual or LaTeX Companion for explanation.
Type  H <return>  for immediate help.
 ...                                              
                                                  
l.22 ...,60}{\cdot} { \mathcolor[RGB]{0,30,75}{ϵ}
                                                   } _ { \mathcolor[RGB]{0,3...

You may provide a definition with
\DeclareUnicodeCharacter 


! LaTeX Error: Unicode character ϵ (U+03F5)
               not set up for use with LaTeX.

See the LaTeX manual or LaTeX Companion for explanation.
Type  H <return>  for immediate help.
 ...                                              
                                                  
l.22 ...30,135}{(} { \mathcolor[RGB]{0,30,150}{ϵ}
                                                   } _ { \mathcolor[RGB]{0,3...

You may provide a definition with
\DeclareUnicodeCharacter 


! LaTeX Error: Unicode character ϵ (U+03F5)
               not set up for use with LaTeX.

See the LaTeX manual or LaTeX Companion for explanation.
Type  H <return>  for immediate help.
 ...                                              
                                                  
l.22 ...30,240}{2} { \mathcolor[RGB]{0,30,255}{ϵ}
                                                   } _ { \mathcolor[RGB]{0,4...

You may provide a definition with
\DeclareUnicodeCharacter 


! LaTeX Error: Unicode character ϵ (U+03F5)
               not set up for use with LaTeX.

See the LaTeX manual or LaTeX Companion for explanation.
Type  H <return>  for immediate help.
 ...                                              
                                                  
l.22 ...0,45,45}{)} { \mathcolor[RGB]{0,45,60}{ϵ}
                                                   } _ { \mathcolor[RGB]{0,4...

You may provide a definition with
\DeclareUnicodeCharacter 


! LaTeX Error: Unicode character ϵ (U+03F5)
               not set up for use with LaTeX.

See the LaTeX manual or LaTeX Companion for explanation.
Type  H <return>  for immediate help.
 ...                                              
                                                  
l.22 ...90}{\cdot} { \mathcolor[RGB]{0,45,105}{ϵ}
                                                   } _ { \mathcolor[RGB]{0,4...

You may provide a definition with
\DeclareUnicodeCharacter 


! LaTeX Error: Unicode character ϵ (U+03F5)
               not set up for use with LaTeX.

See the LaTeX manual or LaTeX Companion for explanation.
Type  H <return>  for immediate help.
 ...                                              
                                                  
l.22 ...45,195}{D} { \mathcolor[RGB]{0,45,210}{ϵ}
                                                   } _ { \mathcolor[RGB]{0,4...

You may provide a definition with
\DeclareUnicodeCharacter 


! LaTeX Error: Unicode character ϵ (U+03F5)
               not set up for use with LaTeX.

See the LaTeX manual or LaTeX Companion for explanation.
Type  H <return>  for immediate help.
 ...                                              
                                                  
l.22 ...40}{\cdot} { \mathcolor[RGB]{0,45,255}{ϵ}
                                                   } _ { \mathcolor[RGB]{0,6...

You may provide a definition with
\DeclareUnicodeCharacter 


! LaTeX Error: Unicode character ϵ (U+03F5)
               not set up for use with LaTeX.

See the LaTeX manual or LaTeX Companion for explanation.
Type  H <return>  for immediate help.
 ...                                              
                                                  
l.22 ...,60,0}{2} } { \mathcolor[RGB]{0,60,15}{ϵ}
                                                   } _ { \mathcolor[RGB]{0,6...

You may provide a definition with
\DeclareUnicodeCharacter 


! LaTeX Error: Unicode character ϵ (U+03F5)
               not set up for use with LaTeX.

See the LaTeX manual or LaTeX Companion for explanation.
Type  H <return>  for immediate help.
 ...                                              
                                                  
l.22 ...60,135}{2} { \mathcolor[RGB]{0,60,150}{ϵ}
                                                   } _ { \mathcolor[RGB]{0,6...

You may provide a definition with
\DeclareUnicodeCharacter 


! LaTeX Error: Unicode character ϵ (U+03F5)
               not set up for use with LaTeX.

See the LaTeX manual or LaTeX Companion for explanation.
Type  H <return>  for immediate help.
 ...                                              
                                                  
l.22 ...80}{\cdot} { \mathcolor[RGB]{0,60,195}{ϵ}
                                                   } _ { \mathcolor[RGB]{0,6...

You may provide a definition with
\DeclareUnicodeCharacter 


! LaTeX Error: Unicode character ϵ (U+03F5)
               not set up for use with LaTeX.

See the LaTeX manual or LaTeX Companion for explanation.
Type  H <return>  for immediate help.
 ...                                              
                                                  
l.22 ...,210}{3} } { \mathcolor[RGB]{0,60,225}{ϵ}
                                                   } _ { \mathcolor[RGB]{0,6...

You may provide a definition with
\DeclareUnicodeCharacter 


! LaTeX Error: Unicode character ϵ (U+03F5)
               not set up for use with LaTeX.

See the LaTeX manual or LaTeX Companion for explanation.
Type  H <return>  for immediate help.
 ...                                              
                                                  
l.22 ...0,75,30}{2} { \mathcolor[RGB]{0,75,45}{ϵ}
                                                   } _ { \mathcolor[RGB]{0,7...

You may provide a definition with
\DeclareUnicodeCharacter 


! LaTeX Error: Unicode character ϵ (U+03F5)
               not set up for use with LaTeX.

See the LaTeX manual or LaTeX Companion for explanation.
Type  H <return>  for immediate help.
 ...                                              
                                                  
l.22 ...,75}{\cdot} { \mathcolor[RGB]{0,75,90}{ϵ}
                                                   } _ { \mathcolor[RGB]{0,7...

You may provide a definition with
\DeclareUnicodeCharacter 


! LaTeX Error: Unicode character ϵ (U+03F5)
               not set up for use with LaTeX.

See the LaTeX manual or LaTeX Companion for explanation.
Type  H <return>  for immediate help.
 ...                                              
                                                  
l.22 ...,105}{3} } { \mathcolor[RGB]{0,75,120}{ϵ}
                                                   } _ { \mathcolor[RGB]{0,7...

You may provide a definition with
\DeclareUnicodeCharacter 


! LaTeX Error: Unicode character ϵ (U+03F5)
               not set up for use with LaTeX.

See the LaTeX manual or LaTeX Companion for explanation.
Type  H <return>  for immediate help.
 ...                                              
                                                  
l.22 ...75,210}{2} { \mathcolor[RGB]{0,75,225}{ϵ}
                                                   } _ { \mathcolor[RGB]{0,7...

You may provide a definition with
\DeclareUnicodeCharacter 


! LaTeX Error: Unicode character ϵ (U+03F5)
               not set up for use with LaTeX.

See the LaTeX manual or LaTeX Companion for explanation.
Type  H <return>  for immediate help.
 ...                                              
                                                  
l.22 ...90,0}{\ell} { \mathcolor[RGB]{0,90,15}{ϵ}
                                                   } _ { \mathcolor[RGB]{0,9...

You may provide a definition with
\DeclareUnicodeCharacter 


! LaTeX Error: Unicode character ϵ (U+03F5)
               not set up for use with LaTeX.

See the LaTeX manual or LaTeX Companion for explanation.
Type  H <return>  for immediate help.
 ...                                              
                                                  
l.22 ...,45}{\cdot} { \mathcolor[RGB]{0,90,60}{ϵ}
                                                   } _ { \mathcolor[RGB]{0,9...

You may provide a definition with
\DeclareUnicodeCharacter 


! LaTeX Error: Unicode character ϵ (U+03F5)
               not set up for use with LaTeX.

See the LaTeX manual or LaTeX Companion for explanation.
Type  H <return>  for immediate help.
 ...                                              
                                                  
l.22 ...90,105}{2} { \mathcolor[RGB]{0,90,120}{ϵ}
                                                   } _ { \mathcolor[RGB]{0,9...

You may provide a definition with
\DeclareUnicodeCharacter 


! LaTeX Error: Unicode character ϵ (U+03F5)
               not set up for use with LaTeX.

See the LaTeX manual or LaTeX Companion for explanation.
Type  H <return>  for immediate help.
 ...                                              
                                                  
l.22 ...,180}{4} } { \mathcolor[RGB]{0,90,195}{ϵ}
                                                   } _ { \mathcolor[RGB]{0,9...

You may provide a definition with
\DeclareUnicodeCharacter 


! LaTeX Error: Unicode character ϵ (U+03F5)
               not set up for use with LaTeX.

See the LaTeX manual or LaTeX Companion for explanation.
Type  H <return>  for immediate help.
 ...                                              
                                                  
l.22 ...25}{\cdot} { \mathcolor[RGB]{0,90,240}{ϵ}
                                                   } _ { \mathcolor[RGB]{0,9...

You may provide a definition with
\DeclareUnicodeCharacter 


! LaTeX Error: Unicode character ϵ (U+03F5)
               not set up for use with LaTeX.

See the LaTeX manual or LaTeX Companion for explanation.
Type  H <return>  for immediate help.
 ...                                              
                                                  
l.22 ...105,15}{2} { \mathcolor[RGB]{0,105,30}{ϵ}
                                                   } _ { \mathcolor[RGB]{0,1...

You may provide a definition with
\DeclareUnicodeCharacter 


! LaTeX Error: Unicode character ϵ (U+03F5)
               not set up for use with LaTeX.

See the LaTeX manual or LaTeX Companion for explanation.
Type  H <return>  for immediate help.
 ...                                              
                                                  
l.22 ...60}{\cdot} { \mathcolor[RGB]{0,105,75}{ϵ}
                                                   } _ { \mathcolor[RGB]{0,1...

You may provide a definition with
\DeclareUnicodeCharacter 


! LaTeX Error: Unicode character ϵ (U+03F5)
               not set up for use with LaTeX.

See the LaTeX manual or LaTeX Companion for explanation.
Type  H <return>  for immediate help.
 ...                                              
                                                  
l.22 ...,90}{2} } { \mathcolor[RGB]{0,105,105}{ϵ}
                                                   } _ { \mathcolor[RGB]{0,1...

You may provide a definition with
\DeclareUnicodeCharacter 


! LaTeX Error: Unicode character ϵ (U+03F5)
               not set up for use with LaTeX.

See the LaTeX manual or LaTeX Companion for explanation.
Type  H <return>  for immediate help.
 ...                                              
                                                  
l.22 ...5,180}{2} { \mathcolor[RGB]{0,105,195}{ϵ}
                                                   } _ { \mathcolor[RGB]{0,1...

You may provide a definition with
\DeclareUnicodeCharacter 


! LaTeX Error: Unicode character ϵ (U+03F5)
               not set up for use with LaTeX.

See the LaTeX manual or LaTeX Companion for explanation.
Type  H <return>  for immediate help.
 ...                                              
                                                  
l.22 ...5}{\cdot} { \mathcolor[RGB]{0,105,240}{ϵ}
                                                   } _ { \mathcolor[RGB]{0,1...

You may provide a definition with
\DeclareUnicodeCharacter 


! LaTeX Error: Unicode character ϵ (U+03F5)
               not set up for use with LaTeX.

See the LaTeX manual or LaTeX Companion for explanation.
Type  H <return>  for immediate help.
 ...                                              
                                                  
l.22 ...5,255}{2} } { \mathcolor[RGB]{0,120,0}{ϵ}
                                                   } _ { \mathcolor[RGB]{0,1...

You may provide a definition with
\DeclareUnicodeCharacter 


! LaTeX Error: Unicode character ϵ (U+03F5)
               not set up for use with LaTeX.

See the LaTeX manual or LaTeX Companion for explanation.
Type  H <return>  for immediate help.
 ...                                              
                                                  
l.22 ...120,75}{+} { \mathcolor[RGB]{0,120,90}{ϵ}
                                                   } _ { \mathcolor[RGB]{0,1...

You may provide a definition with
\DeclareUnicodeCharacter 


! LaTeX Error: Unicode character ϵ (U+03F5)
               not set up for use with LaTeX.

See the LaTeX manual or LaTeX Companion for explanation.
Type  H <return>  for immediate help.
 ...                                              
                                                  
l.22 ...0}{\cdot} { \mathcolor[RGB]{0,120,135}{ϵ}
                                                   } _ { \mathcolor[RGB]{0,1...

You may provide a definition with
\DeclareUnicodeCharacter 


! LaTeX Error: Unicode character ϵ (U+03F5)
               not set up for use with LaTeX.

See the LaTeX manual or LaTeX Companion for explanation.
Type  H <return>  for immediate help.
 ...                                              
                                                  
l.22 ...150}{2} } { \mathcolor[RGB]{0,120,165}{ϵ}
                                                   } _ { \mathcolor[RGB]{0,1...

You may provide a definition with
\DeclareUnicodeCharacter 


! LaTeX Error: Unicode character ϵ (U+03F5)
               not set up for use with LaTeX.

See the LaTeX manual or LaTeX Companion for explanation.
Type  H <return>  for immediate help.
 ...                                              
                                                  
l.22 ...0,240}{)} { \mathcolor[RGB]{0,120,255}{ϵ}
                                                   } _ { \mathcolor[RGB]{0,1...

You may provide a definition with
\DeclareUnicodeCharacter 


! LaTeX Error: Unicode character ϵ (U+03F5)
               not set up for use with LaTeX.

See the LaTeX manual or LaTeX Companion for explanation.
Type  H <return>  for immediate help.
 ...                                              
                                                  
l.22 ...0,60}{3} } { \mathcolor[RGB]{0,150,75}{ϵ}
                                                   } _ { \mathcolor[RGB]{0,1...

You may provide a definition with
\DeclareUnicodeCharacter 


! LaTeX Error: Unicode character ϵ (U+03F5)
               not set up for use with LaTeX.

See the LaTeX manual or LaTeX Companion for explanation.
Type  H <return>  for immediate help.
 ...                                              
                                                  
l.22 ...5}{\cdot} { \mathcolor[RGB]{0,150,120}{ϵ}
                                                   } _ { \mathcolor[RGB]{0,1...

You may provide a definition with
\DeclareUnicodeCharacter 


! LaTeX Error: Unicode character ϵ (U+03F5)
               not set up for use with LaTeX.

See the LaTeX manual or LaTeX Companion for explanation.
Type  H <return>  for immediate help.
 ...                                              
                                                  
l.22 ...135}{3} } { \mathcolor[RGB]{0,150,150}{ϵ}
                                                   } _ { \mathcolor[RGB]{0,1...

You may provide a definition with
\DeclareUnicodeCharacter 


! LaTeX Error: Unicode character ϵ (U+03F5)
               not set up for use with LaTeX.

See the LaTeX manual or LaTeX Companion for explanation.
Type  H <return>  for immediate help.
 ...                                              
                                                  
l.22 ...0}{\cdot} { \mathcolor[RGB]{0,150,195}{ϵ}
                                                   } _ { \mathcolor[RGB]{0,1...

You may provide a definition with
\DeclareUnicodeCharacter 


! LaTeX Error: Unicode character ϵ (U+03F5)
               not set up for use with LaTeX.

See the LaTeX manual or LaTeX Companion for explanation.
Type  H <return>  for immediate help.
 ...                                              
                                                  
l.22 ...165,75}{3} { \mathcolor[RGB]{0,165,90}{ϵ}
                                                   } _ { \mathcolor[RGB]{0,1...

You may provide a definition with
\DeclareUnicodeCharacter 


! LaTeX Error: Unicode character ϵ (U+03F5)
               not set up for use with LaTeX.

See the LaTeX manual or LaTeX Companion for explanation.
Type  H <return>  for immediate help.
 ...                                              
                                                  
l.22 ...0}{\cdot} { \mathcolor[RGB]{0,165,135}{ϵ}
                                                   } _ { \mathcolor[RGB]{0,1...

You may provide a definition with
\DeclareUnicodeCharacter 


! LaTeX Error: Unicode character ϵ (U+03F5)
               not set up for use with LaTeX.

See the LaTeX manual or LaTeX Companion for explanation.
Type  H <return>  for immediate help.
 ...                                              
                                                  
l.22 ...150}{4} } { \mathcolor[RGB]{0,165,165}{ϵ}
                                                   } _ { \mathcolor[RGB]{0,1...

You may provide a definition with
\DeclareUnicodeCharacter 


! LaTeX Error: Unicode character ϵ (U+03F5)
               not set up for use with LaTeX.

See the LaTeX manual or LaTeX Companion for explanation.
Type  H <return>  for immediate help.
 ...                                              
                                                  
l.22 ...5,240}{3} { \mathcolor[RGB]{0,165,255}{ϵ}
                                                   } _ { \mathcolor[RGB]{0,1...

You may provide a definition with
\DeclareUnicodeCharacter 


! LaTeX Error: Unicode character ϵ (U+03F5)
               not set up for use with LaTeX.

See the LaTeX manual or LaTeX Companion for explanation.
Type  H <return>  for immediate help.
 ...                                              
                                                  
l.22 ...15}{\cdot} { \mathcolor[RGB]{0,180,30}{ϵ}
                                                   } _ { \mathcolor[RGB]{0,1...

You may provide a definition with
\DeclareUnicodeCharacter 


! LaTeX Error: Unicode character ϵ (U+03F5)
               not set up for use with LaTeX.

See the LaTeX manual or LaTeX Companion for explanation.
Type  H <return>  for immediate help.
 ...                                              
                                                  
l.22 ...0,45}{4} } { \mathcolor[RGB]{0,180,60}{ϵ}
                                                   } _ { \mathcolor[RGB]{0,1...

You may provide a definition with
\DeclareUnicodeCharacter 


! LaTeX Error: Unicode character ϵ (U+03F5)
               not set up for use with LaTeX.

See the LaTeX manual or LaTeX Companion for explanation.
Type  H <return>  for immediate help.
 ...                                              
                                                  
l.22 ...0,135}{+} { \mathcolor[RGB]{0,180,150}{ϵ}
                                                   } _ { \mathcolor[RGB]{0,1...

You may provide a definition with
\DeclareUnicodeCharacter 


! LaTeX Error: Unicode character ϵ (U+03F5)
               not set up for use with LaTeX.

See the LaTeX manual or LaTeX Companion for explanation.
Type  H <return>  for immediate help.
 ...                                              
                                                  
l.22 ...0}{\cdot} { \mathcolor[RGB]{0,180,195}{ϵ}
                                                   } _ { \mathcolor[RGB]{0,1...

You may provide a definition with
\DeclareUnicodeCharacter 


! LaTeX Error: Unicode character ϵ (U+03F5)
               not set up for use with LaTeX.

See the LaTeX manual or LaTeX Companion for explanation.
Type  H <return>  for immediate help.
 ...                                              
                                                  
l.22 ...210}{4} } { \mathcolor[RGB]{0,180,225}{ϵ}
                                                   } _ { \mathcolor[RGB]{0,1...

You may provide a definition with
\DeclareUnicodeCharacter 


! LaTeX Error: Unicode character ϵ (U+03F5)
               not set up for use with LaTeX.

See the LaTeX manual or LaTeX Companion for explanation.
Type  H <return>  for immediate help.
 ...                                              
                                                  
l.22 ...195,45}{6} { \mathcolor[RGB]{0,195,60}{ϵ}
                                                   } _ { \mathcolor[RGB]{0,1...

You may provide a definition with
\DeclareUnicodeCharacter 


! LaTeX Error: Unicode character ϵ (U+03F5)
               not set up for use with LaTeX.

See the LaTeX manual or LaTeX Companion for explanation.
Type  H <return>  for immediate help.
 ...                                              
                                                  
l.22 ...05}{\ell} { \mathcolor[RGB]{0,195,120}{ϵ}
                                                   } _ { \mathcolor[RGB]{0,1...

You may provide a definition with
\DeclareUnicodeCharacter 


! LaTeX Error: Unicode character ϵ (U+03F5)
               not set up for use with LaTeX.

See the LaTeX manual or LaTeX Companion for explanation.
Type  H <return>  for immediate help.
 ...                                              
                                                  
l.22 ...0}{\cdot} { \mathcolor[RGB]{0,195,165}{ϵ}
                                                   } _ { \mathcolor[RGB]{0,1...

You may provide a definition with
\DeclareUnicodeCharacter 


! LaTeX Error: Unicode character ϵ (U+03F5)
               not set up for use with LaTeX.

See the LaTeX manual or LaTeX Companion for explanation.
Type  H <return>  for immediate help.
 ...                                              
                                                  
l.22 ...5,195}{+} { \mathcolor[RGB]{0,195,210}{ϵ}
                                                   } _ { \mathcolor[RGB]{0,1...

You may provide a definition with
\DeclareUnicodeCharacter 


! LaTeX Error: Unicode character ϵ (U+03F5)
               not set up for use with LaTeX.

See the LaTeX manual or LaTeX Companion for explanation.
Type  H <return>  for immediate help.
 ...                                              
                                                  
l.22 ...10,0}{3} } { \mathcolor[RGB]{0,210,15}{ϵ}
                                                   } _ { \mathcolor[RGB]{0,2...

You may provide a definition with
\DeclareUnicodeCharacter 


! LaTeX Error: Unicode character ϵ (U+03F5)
               not set up for use with LaTeX.

See the LaTeX manual or LaTeX Companion for explanation.
Type  H <return>  for immediate help.
 ...                                              
                                                  
l.22 ...45}{\cdot} { \mathcolor[RGB]{0,210,60}{ϵ}
                                                   } _ { \mathcolor[RGB]{0,2...

You may provide a definition with
\DeclareUnicodeCharacter 


! LaTeX Error: Unicode character ϵ (U+03F5)
               not set up for use with LaTeX.

See the LaTeX manual or LaTeX Companion for explanation.
Type  H <return>  for immediate help.
 ...                                              
                                                  
l.22 ...0,105}{2} { \mathcolor[RGB]{0,210,120}{ϵ}
                                                   } _ { \mathcolor[RGB]{0,2...

You may provide a definition with
\DeclareUnicodeCharacter 


! LaTeX Error: Unicode character ϵ (U+03F5)
               not set up for use with LaTeX.

See the LaTeX manual or LaTeX Companion for explanation.
Type  H <return>  for immediate help.
 ...                                              
                                                  
l.22 ...180}{4} } { \mathcolor[RGB]{0,210,195}{ϵ}
                                                   } _ { \mathcolor[RGB]{0,2...

You may provide a definition with
\DeclareUnicodeCharacter 


! LaTeX Error: Unicode character ϵ (U+03F5)
               not set up for use with LaTeX.

See the LaTeX manual or LaTeX Companion for explanation.
Type  H <return>  for immediate help.
 ...                                              
                                                  
l.22 ...5}{\cdot} { \mathcolor[RGB]{0,210,240}{ϵ}
                                                   } _ { \mathcolor[RGB]{0,2...

You may provide a definition with
\DeclareUnicodeCharacter 


! LaTeX Error: Unicode character ϵ (U+03F5)
               not set up for use with LaTeX.

See the LaTeX manual or LaTeX Companion for explanation.
Type  H <return>  for immediate help.
 ...                                              
                                                  
l.22 ...,225,0}{)} { \mathcolor[RGB]{0,225,15}{ϵ}
                                                   } _ { \mathcolor[RGB]{0,2...

You may provide a definition with
\DeclareUnicodeCharacter 


! LaTeX Error: Unicode character ϵ (U+03F5)
               not set up for use with LaTeX.

See the LaTeX manual or LaTeX Companion for explanation.
Type  H <return>  for immediate help.
 ...                                              
                                                  
l.22 ...5,120}{(} { \mathcolor[RGB]{0,225,135}{ϵ}
                                                   } _ { \mathcolor[RGB]{0,2...

You may provide a definition with
\DeclareUnicodeCharacter 


! LaTeX Error: Unicode character ϵ (U+03F5)
               not set up for use with LaTeX.

See the LaTeX manual or LaTeX Companion for explanation.
Type  H <return>  for immediate help.
 ...                                              
                                                  
l.22 ...5}{\cdot} { \mathcolor[RGB]{0,225,180}{ϵ}
                                                   } _ { \mathcolor[RGB]{0,2...

You may provide a definition with
\DeclareUnicodeCharacter 


! LaTeX Error: Unicode character ϵ (U+03F5)
               not set up for use with LaTeX.

See the LaTeX manual or LaTeX Companion for explanation.
Type  H <return>  for immediate help.
 ...                                              
                                                  
l.22 ...5,210}{(} { \mathcolor[RGB]{0,225,225}{ϵ}
                                                   } _ { \mathcolor[RGB]{0,2...

You may provide a definition with
\DeclareUnicodeCharacter 


! LaTeX Error: Unicode character ϵ (U+03F5)
               not set up for use with LaTeX.

See the LaTeX manual or LaTeX Companion for explanation.
Type  H <return>  for immediate help.
 ...                                              
                                                  
l.22 ...240,30}{+} { \mathcolor[RGB]{0,240,45}{ϵ}
                                                   } _ { \mathcolor[RGB]{0,2...

You may provide a definition with
\DeclareUnicodeCharacter 


! LaTeX Error: Unicode character ϵ (U+03F5)
               not set up for use with LaTeX.

See the LaTeX manual or LaTeX Companion for explanation.
Type  H <return>  for immediate help.
 ...                                              
                                                  
l.22 ...240,255}{)} { \mathcolor[RGB]{0,255,0}{ϵ}
                                                   } _ { \mathcolor[RGB]{0,2...

You may provide a definition with
\DeclareUnicodeCharacter 


! LaTeX Error: Unicode character ϵ (U+03F5)
               not set up for use with LaTeX.

See the LaTeX manual or LaTeX Companion for explanation.
Type  H <return>  for immediate help.
 ...                                              
                                                  
l.22 ...,45}{\ell} { \mathcolor[RGB]{0,255,60}{ϵ}
                                                   } _ { \mathcolor[RGB]{0,2...

You may provide a definition with
\DeclareUnicodeCharacter 


! LaTeX Error: Unicode character ϵ (U+03F5)
               not set up for use with LaTeX.

See the LaTeX manual or LaTeX Companion for explanation.
Type  H <return>  for immediate help.
 ...                                              
                                                  
l.22 ...0}{\cdot} { \mathcolor[RGB]{0,255,105}{ϵ}
                                                   } _ { \mathcolor[RGB]{0,2...

You may provide a definition with
\DeclareUnicodeCharacter 


! LaTeX Error: Unicode character ϵ (U+03F5)
               not set up for use with LaTeX.

See the LaTeX manual or LaTeX Companion for explanation.
Type  H <return>  for immediate help.
 ...                                              
                                                  
l.22 ...5,150}{2} { \mathcolor[RGB]{0,255,165}{ϵ}
                                                   } _ { \mathcolor[RGB]{0,2...

You may provide a definition with
\DeclareUnicodeCharacter 


! LaTeX Error: Unicode character ϵ (U+03F5)
               not set up for use with LaTeX.

See the LaTeX manual or LaTeX Companion for explanation.
Type  H <return>  for immediate help.
 ...                                              
                                                  
l.22 ...225}{3} } { \mathcolor[RGB]{0,255,240}{ϵ}
                                                   } _ { \mathcolor[RGB]{0,2...

You may provide a definition with
\DeclareUnicodeCharacter 


! LaTeX Error: Unicode character ϵ (U+03F5)
               not set up for use with LaTeX.

See the LaTeX manual or LaTeX Companion for explanation.
Type  H <return>  for immediate help.
 ...                                              
                                                  
l.22 ...0,0}{\cdot} { \mathcolor[RGB]{15,0,15}{ϵ}
                                                   } _ { \mathcolor[RGB]{15,...

You may provide a definition with
\DeclareUnicodeCharacter 


! LaTeX Error: Unicode character ϵ (U+03F5)
               not set up for use with LaTeX.

See the LaTeX manual or LaTeX Companion for explanation.
Type  H <return>  for immediate help.
 ...                                              
                                                  
l.22 ...15,0,45}{)} { \mathcolor[RGB]{15,0,60}{ϵ}
                                                   } _ { \mathcolor[RGB]{15,...

You may provide a definition with
\DeclareUnicodeCharacter 


! LaTeX Error: Unicode character ϵ (U+03F5)
               not set up for use with LaTeX.

See the LaTeX manual or LaTeX Companion for explanation.
Type  H <return>  for immediate help.
 ...                                              
                                                  
l.22 ...5,0,255}{)} { \mathcolor[RGB]{15,15,0}{ϵ}
                                                   } _ { \mathcolor[RGB]{15,...

You may provide a definition with
\DeclareUnicodeCharacter 


! LaTeX Error: Unicode character ϵ (U+03F5)
               not set up for use with LaTeX.

See the LaTeX manual or LaTeX Companion for explanation.
Type  H <return>  for immediate help.
 ...                                              
                                                  
l.22 ...30}{\cdot} { \mathcolor[RGB]{15,15,45}{ϵ}
                                                   } _ { \mathcolor[RGB]{15,...

You may provide a definition with
\DeclareUnicodeCharacter 


! LaTeX Error: Unicode character ϵ (U+03F5)
               not set up for use with LaTeX.

See the LaTeX manual or LaTeX Companion for explanation.
Type  H <return>  for immediate help.
 ...                                              
                                                  
l.22 ...5,60}{4} } { \mathcolor[RGB]{15,15,75}{ϵ}
                                                   } _ { \mathcolor[RGB]{15,...

You may provide a definition with
\DeclareUnicodeCharacter 


! LaTeX Error: Unicode character ϵ (U+03F5)
               not set up for use with LaTeX.

See the LaTeX manual or LaTeX Companion for explanation.
Type  H <return>  for immediate help.
 ...                                              
                                                  
l.22 ...5,150}{3} { \mathcolor[RGB]{15,15,165}{ϵ}
                                                   } _ { \mathcolor[RGB]{15,...

You may provide a definition with
\DeclareUnicodeCharacter 


! LaTeX Error: Unicode character ϵ (U+03F5)
               not set up for use with LaTeX.

See the LaTeX manual or LaTeX Companion for explanation.
Type  H <return>  for immediate help.
 ...                                              
                                                  
l.22 ...5}{\cdot} { \mathcolor[RGB]{15,15,210}{ϵ}
                                                   } _ { \mathcolor[RGB]{15,...

You may provide a definition with
\DeclareUnicodeCharacter 


! LaTeX Error: Unicode character ϵ (U+03F5)
               not set up for use with LaTeX.

See the LaTeX manual or LaTeX Companion for explanation.
Type  H <return>  for immediate help.
 ...                                              
                                                  
l.22 ...,30,45}{)} { \mathcolor[RGB]{15,30,60}{ϵ}
                                                   } _ { \mathcolor[RGB]{15,...

You may provide a definition with
\DeclareUnicodeCharacter 


! LaTeX Error: Unicode character ϵ (U+03F5)
               not set up for use with LaTeX.

See the LaTeX manual or LaTeX Companion for explanation.
Type  H <return>  for immediate help.
 ...                                              
                                                  
l.22 ...0,150}{4} { \mathcolor[RGB]{15,30,165}{ϵ}
                                                   } _ { \mathcolor[RGB]{15,...

You may provide a definition with
\DeclareUnicodeCharacter 


! LaTeX Error: Unicode character ϵ (U+03F5)
               not set up for use with LaTeX.

See the LaTeX manual or LaTeX Companion for explanation.
Type  H <return>  for immediate help.
 ...                                              
                                                  
l.22 ...,45,75}{)} { \mathcolor[RGB]{15,45,90}{ϵ}
                                                   } _ { \mathcolor[RGB]{15,...

You may provide a definition with
\DeclareUnicodeCharacter 


! LaTeX Error: Unicode character ϵ (U+03F5)
               not set up for use with LaTeX.

See the LaTeX manual or LaTeX Companion for explanation.
Type  H <return>  for immediate help.
 ...                                              
                                                  
l.22 ...35}{\ell} { \mathcolor[RGB]{15,45,150}{ϵ}
                                                   } _ { \mathcolor[RGB]{15,...

You may provide a definition with
\DeclareUnicodeCharacter 


! LaTeX Error: Unicode character ϵ (U+03F5)
               not set up for use with LaTeX.

See the LaTeX manual or LaTeX Companion for explanation.
Type  H <return>  for immediate help.
 ...                                              
                                                  
l.22 ...0}{\cdot} { \mathcolor[RGB]{15,45,195}{ϵ}
                                                   } _ { \mathcolor[RGB]{15,...

You may provide a definition with
\DeclareUnicodeCharacter 


! LaTeX Error: Unicode character ϵ (U+03F5)
               not set up for use with LaTeX.

See the LaTeX manual or LaTeX Companion for explanation.
Type  H <return>  for immediate help.
 ...                                              
                                                  
l.22 ...,60,60}{(} { \mathcolor[RGB]{15,60,75}{ϵ}
                                                   } _ { \mathcolor[RGB]{15,...

You may provide a definition with
\DeclareUnicodeCharacter 


! LaTeX Error: Unicode character ϵ (U+03F5)
               not set up for use with LaTeX.

See the LaTeX manual or LaTeX Companion for explanation.
Type  H <return>  for immediate help.
 ...                                              
                                                  
l.22 ...0,150}{+} { \mathcolor[RGB]{15,60,165}{ϵ}
                                                   } _ { \mathcolor[RGB]{15,...

You may provide a definition with
\DeclareUnicodeCharacter 


! LaTeX Error: Unicode character ϵ (U+03F5)
               not set up for use with LaTeX.

See the LaTeX manual or LaTeX Companion for explanation.
Type  H <return>  for immediate help.
 ...                                              
                                                  
l.22 ...0,240}{)} { \mathcolor[RGB]{15,60,255}{ϵ}
                                                   } _ { \mathcolor[RGB]{15,...

You may provide a definition with
\DeclareUnicodeCharacter 


! LaTeX Error: Unicode character ϵ (U+03F5)
               not set up for use with LaTeX.

See the LaTeX manual or LaTeX Companion for explanation.
Type  H <return>  for immediate help.
 ...                                              
                                                  
l.22 ...15}{\cdot} { \mathcolor[RGB]{15,75,30}{ϵ}
                                                   } _ { \mathcolor[RGB]{15,...

You may provide a definition with
\DeclareUnicodeCharacter 


! LaTeX Error: Unicode character ϵ (U+03F5)
               not set up for use with LaTeX.

See the LaTeX manual or LaTeX Companion for explanation.
Type  H <return>  for immediate help.
 ...                                              
                                                  
l.22 ...,75,60}{]} { \mathcolor[RGB]{15,75,75}{ϵ}
                                                   } _ { \mathcolor[RGB]{15,...

You may provide a definition with
\DeclareUnicodeCharacter 


! LaTeX Error: Unicode character ϵ (U+03F5)
               not set up for use with LaTeX.

See the LaTeX manual or LaTeX Companion for explanation.
Type  H <return>  for immediate help.
 ...                                              
                                                  
l.22 ...0,195}{)} { \mathcolor[RGB]{15,90,210}{ϵ}
                                                   } _ { \mathcolor[RGB]{15,...

You may provide a definition with
\DeclareUnicodeCharacter 


! LaTeX Error: Unicode character ϵ (U+03F5)
               not set up for use with LaTeX.

See the LaTeX manual or LaTeX Companion for explanation.
Type  H <return>  for immediate help.
 ...                                              
                                                  
l.22 ...0}{\cdot} { \mathcolor[RGB]{15,90,255}{ϵ}
                                                   } _ { \mathcolor[RGB]{15,...

You may provide a definition with
\DeclareUnicodeCharacter 


! LaTeX Error: Unicode character ϵ (U+03F5)
               not set up for use with LaTeX.

See the LaTeX manual or LaTeX Companion for explanation.
Type  H <return>  for immediate help.
 ...                                              
                                                  
l.22 ...,120}{(} { \mathcolor[RGB]{15,105,135}{ϵ}
                                                   } _ { \mathcolor[RGB]{15,...

You may provide a definition with
\DeclareUnicodeCharacter 


! LaTeX Error: Unicode character ϵ (U+03F5)
               not set up for use with LaTeX.

See the LaTeX manual or LaTeX Companion for explanation.
Type  H <return>  for immediate help.
 ...                                              
                                                  
l.22 ...,210}{-} { \mathcolor[RGB]{15,105,225}{ϵ}
                                                   } _ { \mathcolor[RGB]{15,...

You may provide a definition with
\DeclareUnicodeCharacter 


! LaTeX Error: Unicode character ϵ (U+03F5)
               not set up for use with LaTeX.

See the LaTeX manual or LaTeX Companion for explanation.
Type  H <return>  for immediate help.
 ...                                              
                                                  
l.22 ...20,30}{)} { \mathcolor[RGB]{15,120,45}{ϵ}
                                                   } _ { \mathcolor[RGB]{15,...

You may provide a definition with
\DeclareUnicodeCharacter 


! LaTeX Error: Unicode character ϵ (U+03F5)
               not set up for use with LaTeX.

See the LaTeX manual or LaTeX Companion for explanation.
Type  H <return>  for immediate help.
 ...                                              
                                                  
l.22 ...,195}{)} { \mathcolor[RGB]{15,120,210}{ϵ}
                                                   } _ { \mathcolor[RGB]{15,...

You may provide a definition with
\DeclareUnicodeCharacter 


! LaTeX Error: Unicode character ϵ (U+03F5)
               not set up for use with LaTeX.

See the LaTeX manual or LaTeX Companion for explanation.
Type  H <return>  for immediate help.
 ...                                              
                                                  
l.22 ...35,15}{3} { \mathcolor[RGB]{15,135,30}{ϵ}
                                                   } _ { \mathcolor[RGB]{15,...

You may provide a definition with
\DeclareUnicodeCharacter 


! LaTeX Error: Unicode character ϵ (U+03F5)
               not set up for use with LaTeX.

See the LaTeX manual or LaTeX Companion for explanation.
Type  H <return>  for immediate help.
 ...                                              
                                                  
l.22 ...,105}{6} { \mathcolor[RGB]{15,135,120}{ϵ}
                                                   } _ { \mathcolor[RGB]{15,...

You may provide a definition with
\DeclareUnicodeCharacter 


! LaTeX Error: Unicode character ϵ (U+03F5)
               not set up for use with LaTeX.

See the LaTeX manual or LaTeX Companion for explanation.
Type  H <return>  for immediate help.
 ...                                              
                                                  
l.22 ...,210}{4} { \mathcolor[RGB]{15,135,225}{ϵ}
                                                   } _ { \mathcolor[RGB]{15,...

You may provide a definition with
\DeclareUnicodeCharacter 


! LaTeX Error: Unicode character ϵ (U+03F5)
               not set up for use with LaTeX.

See the LaTeX manual or LaTeX Companion for explanation.
Type  H <return>  for immediate help.
 ...                                              
                                                  
l.22 ...50,60}{6} { \mathcolor[RGB]{15,150,75}{ϵ}
                                                   } _ { \mathcolor[RGB]{15,...

You may provide a definition with
\DeclareUnicodeCharacter 


! LaTeX Error: Unicode character ϵ (U+03F5)
               not set up for use with LaTeX.

See the LaTeX manual or LaTeX Companion for explanation.
Type  H <return>  for immediate help.
 ...                                              
                                                  
l.22 ...,225}{)} { \mathcolor[RGB]{15,150,240}{ϵ}
                                                   } _ { \mathcolor[RGB]{15,...

You may provide a definition with
\DeclareUnicodeCharacter 


! LaTeX Error: Unicode character ϵ (U+03F5)
               not set up for use with LaTeX.

See the LaTeX manual or LaTeX Companion for explanation.
Type  H <return>  for immediate help.
 ...                                              
                                                  
l.22 ...,120}{)} { \mathcolor[RGB]{15,165,135}{ϵ}
                                                   } _ { \mathcolor[RGB]{15,...
(That makes 100 errors; please try again.) 
Here is how much of TeX's memory you used:
 3452 strings out of 476091
 49257 string characters out of 5794082
 1854330 words of memory out of 5000000
 23832 multiletter control sequences out of 15000+600000
 517781 words of font info for 53 fonts, out of 8000000 for 9000
 1141 hyphenation exceptions out of 8191
 57i,8n,62p,46694b,762s stack positions out of 10000i,1000n,20000p,200000b,200000s

!  ==> Fatal error occurred, no output PDF file produced!
