This is pdfTeX, Version 3.141592653-2.6-1.40.24 (TeX Live 2022/Debian) (preloaded format=pdflatex 2026.2.7)  17 FEB 2026 12:27
entering extended mode
 restricted \write18 enabled.
 %&-line parsing enabled.
**output/temp_dir/cdm_infer_result_33_pred/output_cdm_infer_result_33_pred_2105
_09778_86.tex

(./output/temp_dir/cdm_infer_result_33_pred/output_cdm_infer_result_33_pred_210
5_09778_86.tex
LaTeX2e <2022-11-01> patch level 1
L3 programming layer <2023-01-16>
(/usr/share/texlive/texmf-dist/tex/latex/base/article.cls
Document Class: article 2022/07/02 v1.4n Standard LaTeX document class
(/usr/share/texlive/texmf-dist/tex/latex/base/size12.clo
File: size12.clo 2022/07/02 v1.4n Standard LaTeX file (size option)
)
\c@part=\count185
\c@section=\count186
\c@subsection=\count187
\c@subsubsection=\count188
\c@paragraph=\count189
\c@subparagraph=\count190
\c@figure=\count191
\c@table=\count192
\abovecaptionskip=\skip48
\belowcaptionskip=\skip49
\bibindent=\dimen140
)
(/usr/share/texlive/texmf-dist/tex/latex/geometry/geometry.sty
Package: geometry 2020/01/02 v5.9 Page Geometry

(/usr/share/texlive/texmf-dist/tex/latex/graphics/keyval.sty
Package: keyval 2022/05/29 v1.15 key=value parser (DPC)
\KV@toks@=\toks16
)
(/usr/share/texlive/texmf-dist/tex/generic/iftex/ifvtex.sty
Package: ifvtex 2019/10/25 v1.7 ifvtex legacy package. Use iftex instead.

(/usr/share/texlive/texmf-dist/tex/generic/iftex/iftex.sty
Package: iftex 2022/02/03 v1.0f TeX engine tests
))
\Gm@cnth=\count193
\Gm@cntv=\count194
\c@Gm@tempcnt=\count195
\Gm@bindingoffset=\dimen141
\Gm@wd@mp=\dimen142
\Gm@odd@mp=\dimen143
\Gm@even@mp=\dimen144
\Gm@layoutwidth=\dimen145
\Gm@layoutheight=\dimen146
\Gm@layouthoffset=\dimen147
\Gm@layoutvoffset=\dimen148
\Gm@dimlist=\toks17
)
(/usr/share/texlive/texmf-dist/tex/latex/booktabs/booktabs.sty
Package: booktabs 2020/01/12 v1.61803398 Publication quality tables
\heavyrulewidth=\dimen149
\lightrulewidth=\dimen150
\cmidrulewidth=\dimen151
\belowrulesep=\dimen152
\belowbottomsep=\dimen153
\aboverulesep=\dimen154
\abovetopsep=\dimen155
\cmidrulesep=\dimen156
\cmidrulekern=\dimen157
\defaultaddspace=\dimen158
\@cmidla=\count196
\@cmidlb=\count197
\@aboverulesep=\dimen159
\@belowrulesep=\dimen160
\@thisruleclass=\count198
\@lastruleclass=\count199
\@thisrulewidth=\dimen161
)
(/usr/share/texlive/texmf-dist/tex/latex/amsmath/amsmath.sty
Package: amsmath 2022/04/08 v2.17n AMS math features
\@mathmargin=\skip50

For additional information on amsmath, use the `?' option.
(/usr/share/texlive/texmf-dist/tex/latex/amsmath/amstext.sty
Package: amstext 2021/08/26 v2.01 AMS text

(/usr/share/texlive/texmf-dist/tex/latex/amsmath/amsgen.sty
File: amsgen.sty 1999/11/30 v2.0 generic functions
\@emptytoks=\toks18
\ex@=\dimen162
))
(/usr/share/texlive/texmf-dist/tex/latex/amsmath/amsbsy.sty
Package: amsbsy 1999/11/29 v1.2d Bold Symbols
\pmbraise@=\dimen163
)
(/usr/share/texlive/texmf-dist/tex/latex/amsmath/amsopn.sty
Package: amsopn 2022/04/08 v2.04 operator names
)
\inf@bad=\count266
LaTeX Info: Redefining \frac on input line 234.
\uproot@=\count267
\leftroot@=\count268
LaTeX Info: Redefining \overline on input line 399.
LaTeX Info: Redefining \colon on input line 410.
\classnum@=\count269
\DOTSCASE@=\count270
LaTeX Info: Redefining \ldots on input line 496.
LaTeX Info: Redefining \dots on input line 499.
LaTeX Info: Redefining \cdots on input line 620.
\Mathstrutbox@=\box51
\strutbox@=\box52
LaTeX Info: Redefining \big on input line 722.
LaTeX Info: Redefining \Big on input line 723.
LaTeX Info: Redefining \bigg on input line 724.
LaTeX Info: Redefining \Bigg on input line 725.
\big@size=\dimen164
LaTeX Font Info:    Redeclaring font encoding OML on input line 743.
LaTeX Font Info:    Redeclaring font encoding OMS on input line 744.
\macc@depth=\count271
LaTeX Info: Redefining \bmod on input line 905.
LaTeX Info: Redefining \pmod on input line 910.
LaTeX Info: Redefining \smash on input line 940.
LaTeX Info: Redefining \relbar on input line 970.
LaTeX Info: Redefining \Relbar on input line 971.
\c@MaxMatrixCols=\count272
\dotsspace@=\muskip16
\c@parentequation=\count273
\dspbrk@lvl=\count274
\tag@help=\toks19
\row@=\count275
\column@=\count276
\maxfields@=\count277
\andhelp@=\toks20
\eqnshift@=\dimen165
\alignsep@=\dimen166
\tagshift@=\dimen167
\tagwidth@=\dimen168
\totwidth@=\dimen169
\lineht@=\dimen170
\@envbody=\toks21
\multlinegap=\skip51
\multlinetaggap=\skip52
\mathdisplay@stack=\toks22
LaTeX Info: Redefining \[ on input line 2953.
LaTeX Info: Redefining \] on input line 2954.
)
(/usr/share/texlive/texmf-dist/tex/latex/was/upgreek.sty
Package: upgreek 2003/02/12 v2.0 (WaS)
Package upgreek Info: Using Euler Roman for upright Greek on input line 31.
\symugrf@m=\mathgroup4
LaTeX Font Info:    Overwriting symbol font `ugrf@m' in version `bold'
(Font)                  U/eur/m/n --> U/eur/b/n on input line 38.
)
(/usr/share/texlive/texmf-dist/tex/latex/amsfonts/amssymb.sty
Package: amssymb 2013/01/14 v3.01 AMS font symbols

(/usr/share/texlive/texmf-dist/tex/latex/amsfonts/amsfonts.sty
Package: amsfonts 2013/01/14 v3.01 Basic AMSFonts support
\symAMSa=\mathgroup5
\symAMSb=\mathgroup6
LaTeX Font Info:    Redeclaring math symbol \hbar on input line 98.
LaTeX Font Info:    Overwriting math alphabet `\mathfrak' in version `bold'
(Font)                  U/euf/m/n --> U/euf/b/n on input line 106.
))
(/usr/share/texlive/texmf-dist/tex/latex/xcolor/xcolor.sty
Package: xcolor 2022/06/12 v2.14 LaTeX color extensions (UK)

(/usr/share/texlive/texmf-dist/tex/latex/graphics-cfg/color.cfg
File: color.cfg 2016/01/02 v1.6 sample color configuration
)
Package xcolor Info: Driver file: pdftex.def on input line 227.

(/usr/share/texlive/texmf-dist/tex/latex/graphics-def/pdftex.def
File: pdftex.def 2022/09/22 v1.2b Graphics/color driver for pdftex
)
(/usr/share/texlive/texmf-dist/tex/latex/graphics/mathcolor.ltx)
Package xcolor Info: Model `cmy' substituted by `cmy0' on input line 1353.
Package xcolor Info: Model `hsb' substituted by `rgb' on input line 1357.
Package xcolor Info: Model `RGB' extended on input line 1369.
Package xcolor Info: Model `HTML' substituted by `rgb' on input line 1371.
Package xcolor Info: Model `Hsb' substituted by `hsb' on input line 1372.
Package xcolor Info: Model `tHsb' substituted by `hsb' on input line 1373.
Package xcolor Info: Model `HSB' substituted by `hsb' on input line 1374.
Package xcolor Info: Model `Gray' substituted by `gray' on input line 1375.
Package xcolor Info: Model `wave' substituted by `hsb' on input line 1376.
)
(/usr/share/texlive/texmf-dist/tex/latex/l3backend/l3backend-pdftex.def
File: l3backend-pdftex.def 2023-01-16 L3 backend support: PDF output (pdfTeX)
\l__color_backend_stack_int=\count278
\l__pdf_internal_box=\box53
)
No file output_cdm_infer_result_33_pred_2105_09778_86.aux.
\openout1 = `output_cdm_infer_result_33_pred_2105_09778_86.aux'.

LaTeX Font Info:    Checking defaults for OML/cmm/m/it on input line 12.
LaTeX Font Info:    ... okay on input line 12.
LaTeX Font Info:    Checking defaults for OMS/cmsy/m/n on input line 12.
LaTeX Font Info:    ... okay on input line 12.
LaTeX Font Info:    Checking defaults for OT1/cmr/m/n on input line 12.
LaTeX Font Info:    ... okay on input line 12.
LaTeX Font Info:    Checking defaults for T1/cmr/m/n on input line 12.
LaTeX Font Info:    ... okay on input line 12.
LaTeX Font Info:    Checking defaults for TS1/cmr/m/n on input line 12.
LaTeX Font Info:    ... okay on input line 12.
LaTeX Font Info:    Checking defaults for OMX/cmex/m/n on input line 12.
LaTeX Font Info:    ... okay on input line 12.
LaTeX Font Info:    Checking defaults for U/cmr/m/n on input line 12.
LaTeX Font Info:    ... okay on input line 12.
*geometry* driver: auto-detecting
*geometry* detected driver: pdftex
*geometry* verbose mode - [ preamble ] result:
* driver: pdftex
* paper: a5paper
* layout: <same size as paper>
* layoutoffset:(h,v)=(0.0pt,0.0pt)
* modes: landscape 
* h-part:(L,W,R)=(5.97635pt, 585.55516pt, 5.97636pt)
* v-part:(T,H,B)=(3.3695pt, 412.67696pt, 5.05432pt)
* \paperwidth=597.50787pt
* \paperheight=421.10078pt
* \textwidth=585.55516pt
* \textheight=412.67696pt
* \oddsidemargin=-66.29364pt
* \evensidemargin=-66.29364pt
* \topmargin=-105.90048pt
* \headheight=12.0pt
* \headsep=25.0pt
* \topskip=12.0pt
* \footskip=30.0pt
* \marginparwidth=44.0pt
* \marginparsep=10.0pt
* \columnsep=10.0pt
* \skip\footins=10.8pt plus 4.0pt minus 2.0pt
* \hoffset=0.0pt
* \voffset=0.0pt
* \mag=1000
* \@twocolumnfalse
* \@twosidefalse
* \@mparswitchfalse
* \@reversemarginfalse
* (1in=72.27pt=25.4mm, 1cm=28.453pt)

(/usr/share/texlive/texmf-dist/tex/context/base/mkii/supp-pdf.mkii
[Loading MPS to PDF converter (version 2006.09.02).]
\scratchcounter=\count279
\scratchdimen=\dimen171
\scratchbox=\box54
\nofMPsegments=\count280
\nofMParguments=\count281
\everyMPshowfont=\toks23
\MPscratchCnt=\count282
\MPscratchDim=\dimen172
\MPnumerator=\count283
\makeMPintoPDFobject=\count284
\everyMPtoPDFconversion=\toks24
)
LaTeX Font Info:    Trying to load font information for U+msa on input line 21.

 (/usr/share/texlive/texmf-dist/tex/latex/amsfonts/umsa.fd
File: umsa.fd 2013/01/14 v3.01 AMS symbols A
)
LaTeX Font Info:    Trying to load font information for U+msb on input line 21.


(/usr/share/texlive/texmf-dist/tex/latex/amsfonts/umsb.fd
File: umsb.fd 2013/01/14 v3.01 AMS symbols B
)
! Missing number, treated as zero.
<to be read again> 
                   \xparse function is not expandable 
l.22 ...{0,0,180}{p} \mathcolor[RGB]{0,0,195}{t} }
                                                   { } { \mathcolor[RGB]{0,0...
A number should have been here; I inserted `0'.
(If you can't figure out why I needed to see a number,
look up `weird error' in the index to The TeXbook.)

! Argument of \__cmd_start_aux:NNnnnn has an extra }.
<inserted text> 
                \par 
l.22 ...{0,0,180}{p} \mathcolor[RGB]{0,0,195}{t} }
                                                   { } { \mathcolor[RGB]{0,0...
I've run across a `}' that doesn't seem to match anything.
For example, `\def\a#1{...}' and `\a}' would produce
this error. If you simply proceed now, the `\par' that
I've just inserted will cause me to report a runaway
argument that might be the root of the problem. But if
your `}' was spurious, just type `2' and it will go away.

Runaway argument?
! Paragraph ended before \__cmd_start_aux:NNnnnn was complete.
<to be read again> 
                   \par 
l.22 ...{0,0,180}{p} \mathcolor[RGB]{0,0,195}{t} }
                                                   { } { \mathcolor[RGB]{0,0...
I suspect you've forgotten a `}', causing me to apply this
control sequence to too much text. How can we recover?
My plan is to forget the whole thing and hope for the best.

! Extra }, or forgotten \endgroup.
<recently read> }
                 
l.22 ...{0,0,180}{p} \mathcolor[RGB]{0,0,195}{t} }
                                                   { } { \mathcolor[RGB]{0,0...
I've deleted a group-closing symbol because it seems to be
spurious, as in `$x}$'. But perhaps the } is legitimate and
you forgot something else, as in `\hbox{$x}'. In such cases
the way to recover is to insert both the forgotten and the
deleted material, e.g., by typing `I$}'.

! Extra }, or forgotten \endgroup.
\@genfrac ...egingroup #4\endgroup #2#3\relax #5}}
                                                  
l.22 ...{0,0,180}{p} \mathcolor[RGB]{0,0,195}{t} }
                                                   { } { \mathcolor[RGB]{0,0...
I've deleted a group-closing symbol because it seems to be
spurious, as in `$x}$'. But perhaps the } is legitimate and
you forgot something else, as in `\hbox{$x}'. In such cases
the way to recover is to insert both the forgotten and the
deleted material, e.g., by typing `I$}'.


! Package xcolor Error: Undefined color model `omm'.

See the xcolor package documentation for explanation.
Type  H <return>  for immediate help.
 ...                                              
                                                  
l.22 ...{0,0,180}{p} \mathcolor[RGB]{0,0,195}{t} }
                                                   { } { \mathcolor[RGB]{0,0...

Try typing  <return>  to proceed.
If that doesn't work, type  X <return>  to quit.

! Missing delimiter (. inserted).
<to be read again> 
                   {
l.22 ...{0,0,180}{p} \mathcolor[RGB]{0,0,195}{t} }
                                                   { } { \mathcolor[RGB]{0,0...
I was expecting to see something like `(' or `\{' or
`\}' here. If you typed, e.g., `{' instead of `\{', you
should probably delete the `{' by typing `1' now, so that
braces don't get unbalanced. Otherwise just proceed.
Acceptable delimiters are characters whose \delcode is
nonnegative, or you can use `\delimiter <delimiter code>'.

! Missing delimiter (. inserted).
<to be read again> 
                   {
l.22 ...{0,0,180}{p} \mathcolor[RGB]{0,0,195}{t} }
                                                   { } { \mathcolor[RGB]{0,0...
I was expecting to see something like `(' or `\{' or
`\}' here. If you typed, e.g., `{' instead of `\{', you
should probably delete the `{' by typing `1' now, so that
braces don't get unbalanced. Otherwise just proceed.
Acceptable delimiters are characters whose \delcode is
nonnegative, or you can use `\delimiter <delimiter code>'.

! Missing number, treated as zero.
<to be read again> 
                   {
l.22 ...{0,0,180}{p} \mathcolor[RGB]{0,0,195}{t} }
                                                   { } { \mathcolor[RGB]{0,0...
A number should have been here; I inserted `0'.
(If you can't figure out why I needed to see a number,
look up `weird error' in the index to The TeXbook.)

! Illegal unit of measure (pt inserted).
<to be read again> 
                   {
l.22 ...{0,0,180}{p} \mathcolor[RGB]{0,0,195}{t} }
                                                   { } { \mathcolor[RGB]{0,0...
Dimensions can be in units of em, ex, in, pt, pc,
cm, mm, dd, cc, nd, nc, bp, or sp; but yours is a new one!
I'll assume that you meant to say pt, for printer's points.
To recover gracefully from this error, it's best to
delete the erroneous units; e.g., type `2' to delete
two letters. (See Chapter 27 of The TeXbook.)

! Missing \endgroup inserted.
<inserted text> 
                \endgroup 
l.22 ...25}{k} } \mathcolor[RGB]{0,0,240}{\right)}
                                                   { \mathcolor[RGB]{0,0,255...
I've inserted something that you may have forgotten.
(See the <inserted text> above.)
With luck, this will get me unwedged. But if you
really didn't forget anything, try typing `2' now; then
my insertion and my current dilemma will both disappear.

! Missing \endgroup inserted.
<inserted text> 
                \endgroup 
l.22 ...25}{k} } \mathcolor[RGB]{0,0,240}{\right)}
                                                   { \mathcolor[RGB]{0,0,255...
I've inserted something that you may have forgotten.
(See the <inserted text> above.)
With luck, this will get me unwedged. But if you
really didn't forget anything, try typing `2' now; then
my insertion and my current dilemma will both disappear.

! Misplaced alignment tab character &.
l.22 ...}{,} \mathcolor[RGB]{0,15,120}{\hfill} } &
                                                   \end{array} \mathcolor[RG...
I can't figure out why you would want to use a tab mark
here. If you just want an ampersand, the remedy is
simple: Just type `I\&' now. But if some right brace
up above has ended a previous alignment prematurely,
you're probably due for more error messages, and you
might try typing `S' now just to see what is salvageable.

! Misplaced \crcr.
\endarray ->\crcr 
                  \egroup \egroup 
l.22 ...lor[RGB]{0,15,120}{\hfill} } & \end{array}
                                                   \mathcolor[RGB]{0,15,135}...
I can't figure out why you would want to use a tab mark
or \cr or \span just now. If something like a right brace
up above has ended a previous alignment prematurely,
you're probably due for more error messages, and you
might try typing `S' now just to see what is salvageable.

! Extra }, or forgotten \right.
\endarray ->\crcr \egroup \egroup 
                                  
l.22 ...lor[RGB]{0,15,120}{\hfill} } & \end{array}
                                                   \mathcolor[RGB]{0,15,135}...
I've deleted a group-closing symbol because it seems to be
spurious, as in `$x}$'. But perhaps the } is legitimate and
you forgot something else, as in `\hbox{$x}'. In such cases
the way to recover is to insert both the forgotten and the
deleted material, e.g., by typing `I$}'.

! Missing \right. inserted.
<inserted text> 
                \right .
l.22 ...lor[RGB]{0,15,120}{\hfill} } & \end{array}
                                                   \mathcolor[RGB]{0,15,135}...
I've inserted something that you may have forgotten.
(See the <inserted text> above.)
With luck, this will get me unwedged. But if you
really didn't forget anything, try typing `2' now; then
my insertion and my current dilemma will both disappear.

! Missing } inserted.
<inserted text> 
                }
l.22 ...lor[RGB]{0,15,120}{\hfill} } & \end{array}
                                                   \mathcolor[RGB]{0,15,135}...
I've inserted something that you may have forgotten.
(See the <inserted text> above.)
With luck, this will get me unwedged. But if you
really didn't forget anything, try typing `2' now; then
my insertion and my current dilemma will both disappear.

! Missing $ inserted.
<inserted text> 
                $
l.22 ...lor[RGB]{0,15,120}{\hfill} } & \end{array}
                                                   \mathcolor[RGB]{0,15,135}...
I've inserted something that you may have forgotten.
(See the <inserted text> above.)
With luck, this will get me unwedged. But if you
really didn't forget anything, try typing `2' now; then
my insertion and my current dilemma will both disappear.

! Missing } inserted.
<inserted text> 
                }
l.22 ...lor[RGB]{0,15,120}{\hfill} } & \end{array}
                                                   \mathcolor[RGB]{0,15,135}...
I've inserted something that you may have forgotten.
(See the <inserted text> above.)
With luck, this will get me unwedged. But if you
really didn't forget anything, try typing `2' now; then
my insertion and my current dilemma will both disappear.

! Missing \cr inserted.
<inserted text> 
                \cr 
l.22 ...lor[RGB]{0,15,120}{\hfill} } & \end{array}
                                                   \mathcolor[RGB]{0,15,135}...
I'm guessing that you meant to end an alignment here.

! Misplaced \cr.
<inserted text> \cr 
                    
l.22 ...lor[RGB]{0,15,120}{\hfill} } & \end{array}
                                                   \mathcolor[RGB]{0,15,135}...
I can't figure out why you would want to use a tab mark
or \cr or \span just now. If something like a right brace
up above has ended a previous alignment prematurely,
you're probably due for more error messages, and you
might try typing `S' now just to see what is salvageable.

! Missing \cr inserted.
<inserted text> 
                \cr 
l.22 ...lor[RGB]{0,15,120}{\hfill} } & \end{array}
                                                   \mathcolor[RGB]{0,15,135}...
I'm guessing that you meant to end an alignment here.

! Misplaced \cr.
<inserted text> \cr 
                    
l.22 ...lor[RGB]{0,15,120}{\hfill} } & \end{array}
                                                   \mathcolor[RGB]{0,15,135}...
I can't figure out why you would want to use a tab mark
or \cr or \span just now. If something like a right brace
up above has ended a previous alignment prematurely,
you're probably due for more error messages, and you
might try typing `S' now just to see what is salvageable.

! Missing \cr inserted.
<inserted text> 
                \cr 
l.22 ...lor[RGB]{0,15,120}{\hfill} } & \end{array}
                                                   \mathcolor[RGB]{0,15,135}...
I'm guessing that you meant to end an alignment here.

! Misplaced \cr.
<inserted text> \cr 
                    
l.22 ...lor[RGB]{0,15,120}{\hfill} } & \end{array}
                                                   \mathcolor[RGB]{0,15,135}...
I can't figure out why you would want to use a tab mark
or \cr or \span just now. If something like a right brace
up above has ended a previous alignment prematurely,
you're probably due for more error messages, and you
might try typing `S' now just to see what is salvageable.

! Missing \cr inserted.
<inserted text> 
                \cr 
l.22 ...lor[RGB]{0,15,120}{\hfill} } & \end{array}
                                                   \mathcolor[RGB]{0,15,135}...
I'm guessing that you meant to end an alignment here.

! Misplaced \cr.
<inserted text> \cr 
                    
l.22 ...lor[RGB]{0,15,120}{\hfill} } & \end{array}
                                                   \mathcolor[RGB]{0,15,135}...
I can't figure out why you would want to use a tab mark
or \cr or \span just now. If something like a right brace
up above has ended a previous alignment prematurely,
you're probably due for more error messages, and you
might try typing `S' now just to see what is salvageable.

! Missing \cr inserted.
<inserted text> 
                \cr 
l.22 ...lor[RGB]{0,15,120}{\hfill} } & \end{array}
                                                   \mathcolor[RGB]{0,15,135}...
I'm guessing that you meant to end an alignment here.

! Misplaced \cr.
<inserted text> \cr 
                    
l.22 ...lor[RGB]{0,15,120}{\hfill} } & \end{array}
                                                   \mathcolor[RGB]{0,15,135}...
I can't figure out why you would want to use a tab mark
or \cr or \span just now. If something like a right brace
up above has ended a previous alignment prematurely,
you're probably due for more error messages, and you
might try typing `S' now just to see what is salvageable.

! Missing \cr inserted.
<inserted text> 
                \cr 
l.22 ...lor[RGB]{0,15,120}{\hfill} } & \end{array}
                                                   \mathcolor[RGB]{0,15,135}...
I'm guessing that you meant to end an alignment here.

! Misplaced \cr.
<inserted text> \cr 
                    
l.22 ...lor[RGB]{0,15,120}{\hfill} } & \end{array}
                                                   \mathcolor[RGB]{0,15,135}...
I can't figure out why you would want to use a tab mark
or \cr or \span just now. If something like a right brace
up above has ended a previous alignment prematurely,
you're probably due for more error messages, and you
might try typing `S' now just to see what is salvageable.

! Missing \cr inserted.
<inserted text> 
                \cr 
l.22 ...lor[RGB]{0,15,120}{\hfill} } & \end{array}
                                                   \mathcolor[RGB]{0,15,135}...
I'm guessing that you meant to end an alignment here.

! Misplaced \cr.
<inserted text> \cr 
                    
l.22 ...lor[RGB]{0,15,120}{\hfill} } & \end{array}
                                                   \mathcolor[RGB]{0,15,135}...
I can't figure out why you would want to use a tab mark
or \cr or \span just now. If something like a right brace
up above has ended a previous alignment prematurely,
you're probably due for more error messages, and you
might try typing `S' now just to see what is salvageable.

! Missing \cr inserted.
<inserted text> 
                \cr 
l.22 ...lor[RGB]{0,15,120}{\hfill} } & \end{array}
                                                   \mathcolor[RGB]{0,15,135}...
I'm guessing that you meant to end an alignment here.

! Misplaced \cr.
<inserted text> \cr 
                    
l.22 ...lor[RGB]{0,15,120}{\hfill} } & \end{array}
                                                   \mathcolor[RGB]{0,15,135}...
I can't figure out why you would want to use a tab mark
or \cr or \span just now. If something like a right brace
up above has ended a previous alignment prematurely,
you're probably due for more error messages, and you
might try typing `S' now just to see what is salvageable.

! Missing \cr inserted.
<inserted text> 
                \cr 
l.22 ...lor[RGB]{0,15,120}{\hfill} } & \end{array}
                                                   \mathcolor[RGB]{0,15,135}...
I'm guessing that you meant to end an alignment here.

! Misplaced \cr.
<inserted text> \cr 
                    
l.22 ...lor[RGB]{0,15,120}{\hfill} } & \end{array}
                                                   \mathcolor[RGB]{0,15,135}...
I can't figure out why you would want to use a tab mark
or \cr or \span just now. If something like a right brace
up above has ended a previous alignment prematurely,
you're probably due for more error messages, and you
might try typing `S' now just to see what is salvageable.

! Missing \cr inserted.
<inserted text> 
                \cr 
l.22 ...lor[RGB]{0,15,120}{\hfill} } & \end{array}
                                                   \mathcolor[RGB]{0,15,135}...
I'm guessing that you meant to end an alignment here.

! Misplaced \cr.
<inserted text> \cr 
                    
l.22 ...lor[RGB]{0,15,120}{\hfill} } & \end{array}
                                                   \mathcolor[RGB]{0,15,135}...
I can't figure out why you would want to use a tab mark
or \cr or \span just now. If something like a right brace
up above has ended a previous alignment prematurely,
you're probably due for more error messages, and you
might try typing `S' now just to see what is salvageable.

! Missing \cr inserted.
<inserted text> 
                \cr 
l.22 ...lor[RGB]{0,15,120}{\hfill} } & \end{array}
                                                   \mathcolor[RGB]{0,15,135}...
I'm guessing that you meant to end an alignment here.

! Misplaced \cr.
<inserted text> \cr 
                    
l.22 ...lor[RGB]{0,15,120}{\hfill} } & \end{array}
                                                   \mathcolor[RGB]{0,15,135}...
I can't figure out why you would want to use a tab mark
or \cr or \span just now. If something like a right brace
up above has ended a previous alignment prematurely,
you're probably due for more error messages, and you
might try typing `S' now just to see what is salvageable.

! Missing \cr inserted.
<inserted text> 
                \cr 
l.22 ...lor[RGB]{0,15,120}{\hfill} } & \end{array}
                                                   \mathcolor[RGB]{0,15,135}...
I'm guessing that you meant to end an alignment here.

! Misplaced \cr.
<inserted text> \cr 
                    
l.22 ...lor[RGB]{0,15,120}{\hfill} } & \end{array}
                                                   \mathcolor[RGB]{0,15,135}...
I can't figure out why you would want to use a tab mark
or \cr or \span just now. If something like a right brace
up above has ended a previous alignment prematurely,
you're probably due for more error messages, and you
might try typing `S' now just to see what is salvageable.

! Missing \cr inserted.
<inserted text> 
                \cr 
l.22 ...lor[RGB]{0,15,120}{\hfill} } & \end{array}
                                                   \mathcolor[RGB]{0,15,135}...
I'm guessing that you meant to end an alignment here.

! Misplaced \cr.
<inserted text> \cr 
                    
l.22 ...lor[RGB]{0,15,120}{\hfill} } & \end{array}
                                                   \mathcolor[RGB]{0,15,135}...
I can't figure out why you would want to use a tab mark
or \cr or \span just now. If something like a right brace
up above has ended a previous alignment prematurely,
you're probably due for more error messages, and you
might try typing `S' now just to see what is salvageable.

! Missing \cr inserted.
<inserted text> 
                \cr 
l.22 ...lor[RGB]{0,15,120}{\hfill} } & \end{array}
                                                   \mathcolor[RGB]{0,15,135}...
I'm guessing that you meant to end an alignment here.

! Misplaced \cr.
<inserted text> \cr 
                    
l.22 ...lor[RGB]{0,15,120}{\hfill} } & \end{array}
                                                   \mathcolor[RGB]{0,15,135}...
I can't figure out why you would want to use a tab mark
or \cr or \span just now. If something like a right brace
up above has ended a previous alignment prematurely,
you're probably due for more error messages, and you
might try typing `S' now just to see what is salvageable.

! Missing \cr inserted.
<inserted text> 
                \cr 
l.22 ...lor[RGB]{0,15,120}{\hfill} } & \end{array}
                                                   \mathcolor[RGB]{0,15,135}...
I'm guessing that you meant to end an alignment here.

! Misplaced \cr.
<inserted text> \cr 
                    
l.22 ...lor[RGB]{0,15,120}{\hfill} } & \end{array}
                                                   \mathcolor[RGB]{0,15,135}...
I can't figure out why you would want to use a tab mark
or \cr or \span just now. If something like a right brace
up above has ended a previous alignment prematurely,
you're probably due for more error messages, and you
might try typing `S' now just to see what is salvageable.

! Missing \cr inserted.
<inserted text> 
                \cr 
l.22 ...lor[RGB]{0,15,120}{\hfill} } & \end{array}
                                                   \mathcolor[RGB]{0,15,135}...
I'm guessing that you meant to end an alignment here.

! Misplaced \cr.
<inserted text> \cr 
                    
l.22 ...lor[RGB]{0,15,120}{\hfill} } & \end{array}
                                                   \mathcolor[RGB]{0,15,135}...
I can't figure out why you would want to use a tab mark
or \cr or \span just now. If something like a right brace
up above has ended a previous alignment prematurely,
you're probably due for more error messages, and you
might try typing `S' now just to see what is salvageable.

! Missing \cr inserted.
<inserted text> 
                \cr 
l.22 ...lor[RGB]{0,15,120}{\hfill} } & \end{array}
                                                   \mathcolor[RGB]{0,15,135}...
I'm guessing that you meant to end an alignment here.

! Misplaced \cr.
<inserted text> \cr 
                    
l.22 ...lor[RGB]{0,15,120}{\hfill} } & \end{array}
                                                   \mathcolor[RGB]{0,15,135}...
I can't figure out why you would want to use a tab mark
or \cr or \span just now. If something like a right brace
up above has ended a previous alignment prematurely,
you're probably due for more error messages, and you
might try typing `S' now just to see what is salvageable.

! Missing \cr inserted.
<inserted text> 
                \cr 
l.22 ...lor[RGB]{0,15,120}{\hfill} } & \end{array}
                                                   \mathcolor[RGB]{0,15,135}...
I'm guessing that you meant to end an alignment here.

! Misplaced \cr.
<inserted text> \cr 
                    
l.22 ...lor[RGB]{0,15,120}{\hfill} } & \end{array}
                                                   \mathcolor[RGB]{0,15,135}...
I can't figure out why you would want to use a tab mark
or \cr or \span just now. If something like a right brace
up above has ended a previous alignment prematurely,
you're probably due for more error messages, and you
might try typing `S' now just to see what is salvageable.

! Missing \cr inserted.
<inserted text> 
                \cr 
l.22 ...lor[RGB]{0,15,120}{\hfill} } & \end{array}
                                                   \mathcolor[RGB]{0,15,135}...
I'm guessing that you meant to end an alignment here.

! Misplaced \cr.
<inserted text> \cr 
                    
l.22 ...lor[RGB]{0,15,120}{\hfill} } & \end{array}
                                                   \mathcolor[RGB]{0,15,135}...
I can't figure out why you would want to use a tab mark
or \cr or \span just now. If something like a right brace
up above has ended a previous alignment prematurely,
you're probably due for more error messages, and you
might try typing `S' now just to see what is salvageable.

! Missing \cr inserted.
<inserted text> 
                \cr 
l.22 ...lor[RGB]{0,15,120}{\hfill} } & \end{array}
                                                   \mathcolor[RGB]{0,15,135}...
I'm guessing that you meant to end an alignment here.

! Misplaced \cr.
<inserted text> \cr 
                    
l.22 ...lor[RGB]{0,15,120}{\hfill} } & \end{array}
                                                   \mathcolor[RGB]{0,15,135}...
I can't figure out why you would want to use a tab mark
or \cr or \span just now. If something like a right brace
up above has ended a previous alignment prematurely,
you're probably due for more error messages, and you
might try typing `S' now just to see what is salvageable.

! Missing \cr inserted.
<inserted text> 
                \cr 
l.22 ...lor[RGB]{0,15,120}{\hfill} } & \end{array}
                                                   \mathcolor[RGB]{0,15,135}...
I'm guessing that you meant to end an alignment here.

! Misplaced \cr.
<inserted text> \cr 
                    
l.22 ...lor[RGB]{0,15,120}{\hfill} } & \end{array}
                                                   \mathcolor[RGB]{0,15,135}...
I can't figure out why you would want to use a tab mark
or \cr or \span just now. If something like a right brace
up above has ended a previous alignment prematurely,
you're probably due for more error messages, and you
might try typing `S' now just to see what is salvageable.

! Missing \cr inserted.
<inserted text> 
                \cr 
l.22 ...lor[RGB]{0,15,120}{\hfill} } & \end{array}
                                                   \mathcolor[RGB]{0,15,135}...
I'm guessing that you meant to end an alignment here.

! Misplaced \cr.
<inserted text> \cr 
                    
l.22 ...lor[RGB]{0,15,120}{\hfill} } & \end{array}
                                                   \mathcolor[RGB]{0,15,135}...
I can't figure out why you would want to use a tab mark
or \cr or \span just now. If something like a right brace
up above has ended a previous alignment prematurely,
you're probably due for more error messages, and you
might try typing `S' now just to see what is salvageable.

! Missing \cr inserted.
<inserted text> 
                \cr 
l.22 ...lor[RGB]{0,15,120}{\hfill} } & \end{array}
                                                   \mathcolor[RGB]{0,15,135}...
I'm guessing that you meant to end an alignment here.

! Misplaced \cr.
<inserted text> \cr 
                    
l.22 ...lor[RGB]{0,15,120}{\hfill} } & \end{array}
                                                   \mathcolor[RGB]{0,15,135}...
I can't figure out why you would want to use a tab mark
or \cr or \span just now. If something like a right brace
up above has ended a previous alignment prematurely,
you're probably due for more error messages, and you
might try typing `S' now just to see what is salvageable.

! Missing \cr inserted.
<inserted text> 
                \cr 
l.22 ...lor[RGB]{0,15,120}{\hfill} } & \end{array}
                                                   \mathcolor[RGB]{0,15,135}...
I'm guessing that you meant to end an alignment here.

! Misplaced \cr.
<inserted text> \cr 
                    
l.22 ...lor[RGB]{0,15,120}{\hfill} } & \end{array}
                                                   \mathcolor[RGB]{0,15,135}...
I can't figure out why you would want to use a tab mark
or \cr or \span just now. If something like a right brace
up above has ended a previous alignment prematurely,
you're probably due for more error messages, and you
might try typing `S' now just to see what is salvageable.

! Missing \cr inserted.
<inserted text> 
                \cr 
l.22 ...lor[RGB]{0,15,120}{\hfill} } & \end{array}
                                                   \mathcolor[RGB]{0,15,135}...
I'm guessing that you meant to end an alignment here.

! Misplaced \cr.
<inserted text> \cr 
                    
l.22 ...lor[RGB]{0,15,120}{\hfill} } & \end{array}
                                                   \mathcolor[RGB]{0,15,135}...
I can't figure out why you would want to use a tab mark
or \cr or \span just now. If something like a right brace
up above has ended a previous alignment prematurely,
you're probably due for more error messages, and you
might try typing `S' now just to see what is salvageable.

! Missing \cr inserted.
<inserted text> 
                \cr 
l.22 ...lor[RGB]{0,15,120}{\hfill} } & \end{array}
                                                   \mathcolor[RGB]{0,15,135}...
I'm guessing that you meant to end an alignment here.

! Misplaced \cr.
<inserted text> \cr 
                    
l.22 ...lor[RGB]{0,15,120}{\hfill} } & \end{array}
                                                   \mathcolor[RGB]{0,15,135}...
I can't figure out why you would want to use a tab mark
or \cr or \span just now. If something like a right brace
up above has ended a previous alignment prematurely,
you're probably due for more error messages, and you
might try typing `S' now just to see what is salvageable.

! Missing \cr inserted.
<inserted text> 
                \cr 
l.22 ...lor[RGB]{0,15,120}{\hfill} } & \end{array}
                                                   \mathcolor[RGB]{0,15,135}...
I'm guessing that you meant to end an alignment here.

! Misplaced \cr.
<inserted text> \cr 
                    
l.22 ...lor[RGB]{0,15,120}{\hfill} } & \end{array}
                                                   \mathcolor[RGB]{0,15,135}...
I can't figure out why you would want to use a tab mark
or \cr or \span just now. If something like a right brace
up above has ended a previous alignment prematurely,
you're probably due for more error messages, and you
might try typing `S' now just to see what is salvageable.

! Missing \cr inserted.
<inserted text> 
                \cr 
l.22 ...lor[RGB]{0,15,120}{\hfill} } & \end{array}
                                                   \mathcolor[RGB]{0,15,135}...
I'm guessing that you meant to end an alignment here.

! Misplaced \cr.
<inserted text> \cr 
                    
l.22 ...lor[RGB]{0,15,120}{\hfill} } & \end{array}
                                                   \mathcolor[RGB]{0,15,135}...
I can't figure out why you would want to use a tab mark
or \cr or \span just now. If something like a right brace
up above has ended a previous alignment prematurely,
you're probably due for more error messages, and you
might try typing `S' now just to see what is salvageable.

! Missing \cr inserted.
<inserted text> 
                \cr 
l.22 ...lor[RGB]{0,15,120}{\hfill} } & \end{array}
                                                   \mathcolor[RGB]{0,15,135}...
I'm guessing that you meant to end an alignment here.

! Misplaced \cr.
<inserted text> \cr 
                    
l.22 ...lor[RGB]{0,15,120}{\hfill} } & \end{array}
                                                   \mathcolor[RGB]{0,15,135}...
I can't figure out why you would want to use a tab mark
or \cr or \span just now. If something like a right brace
up above has ended a previous alignment prematurely,
you're probably due for more error messages, and you
might try typing `S' now just to see what is salvageable.

! Missing \cr inserted.
<inserted text> 
                \cr 
l.22 ...lor[RGB]{0,15,120}{\hfill} } & \end{array}
                                                   \mathcolor[RGB]{0,15,135}...
I'm guessing that you meant to end an alignment here.

! Misplaced \cr.
<inserted text> \cr 
                    
l.22 ...lor[RGB]{0,15,120}{\hfill} } & \end{array}
                                                   \mathcolor[RGB]{0,15,135}...
I can't figure out why you would want to use a tab mark
or \cr or \span just now. If something like a right brace
up above has ended a previous alignment prematurely,
you're probably due for more error messages, and you
might try typing `S' now just to see what is salvageable.

! Missing \cr inserted.
<inserted text> 
                \cr 
l.22 ...lor[RGB]{0,15,120}{\hfill} } & \end{array}
                                                   \mathcolor[RGB]{0,15,135}...
I'm guessing that you meant to end an alignment here.

! Misplaced \cr.
<inserted text> \cr 
                    
l.22 ...lor[RGB]{0,15,120}{\hfill} } & \end{array}
                                                   \mathcolor[RGB]{0,15,135}...
I can't figure out why you would want to use a tab mark
or \cr or \span just now. If something like a right brace
up above has ended a previous alignment prematurely,
you're probably due for more error messages, and you
might try typing `S' now just to see what is salvageable.

! Missing \cr inserted.
<inserted text> 
                \cr 
l.22 ...lor[RGB]{0,15,120}{\hfill} } & \end{array}
                                                   \mathcolor[RGB]{0,15,135}...
I'm guessing that you meant to end an alignment here.

! Misplaced \cr.
<inserted text> \cr 
                    
l.22 ...lor[RGB]{0,15,120}{\hfill} } & \end{array}
                                                   \mathcolor[RGB]{0,15,135}...
I can't figure out why you would want to use a tab mark
or \cr or \span just now. If something like a right brace
up above has ended a previous alignment prematurely,
you're probably due for more error messages, and you
might try typing `S' now just to see what is salvageable.

! Missing \cr inserted.
<inserted text> 
                \cr 
l.22 ...lor[RGB]{0,15,120}{\hfill} } & \end{array}
                                                   \mathcolor[RGB]{0,15,135}...
I'm guessing that you meant to end an alignment here.

! Misplaced \cr.
<inserted text> \cr 
                    
l.22 ...lor[RGB]{0,15,120}{\hfill} } & \end{array}
                                                   \mathcolor[RGB]{0,15,135}...
I can't figure out why you would want to use a tab mark
or \cr or \span just now. If something like a right brace
up above has ended a previous alignment prematurely,
you're probably due for more error messages, and you
might try typing `S' now just to see what is salvageable.

! Missing \cr inserted.
<inserted text> 
                \cr 
l.22 ...lor[RGB]{0,15,120}{\hfill} } & \end{array}
                                                   \mathcolor[RGB]{0,15,135}...
I'm guessing that you meant to end an alignment here.

! Misplaced \cr.
<inserted text> \cr 
                    
l.22 ...lor[RGB]{0,15,120}{\hfill} } & \end{array}
                                                   \mathcolor[RGB]{0,15,135}...
I can't figure out why you would want to use a tab mark
or \cr or \span just now. If something like a right brace
up above has ended a previous alignment prematurely,
you're probably due for more error messages, and you
might try typing `S' now just to see what is salvageable.

! Missing \cr inserted.
<inserted text> 
                \cr 
l.22 ...lor[RGB]{0,15,120}{\hfill} } & \end{array}
                                                   \mathcolor[RGB]{0,15,135}...
I'm guessing that you meant to end an alignment here.

! Misplaced \cr.
<inserted text> \cr 
                    
l.22 ...lor[RGB]{0,15,120}{\hfill} } & \end{array}
                                                   \mathcolor[RGB]{0,15,135}...
I can't figure out why you would want to use a tab mark
or \cr or \span just now. If something like a right brace
up above has ended a previous alignment prematurely,
you're probably due for more error messages, and you
might try typing `S' now just to see what is salvageable.

! Missing \cr inserted.
<inserted text> 
                \cr 
l.22 ...lor[RGB]{0,15,120}{\hfill} } & \end{array}
                                                   \mathcolor[RGB]{0,15,135}...
I'm guessing that you meant to end an alignment here.

! Misplaced \cr.
<inserted text> \cr 
                    
l.22 ...lor[RGB]{0,15,120}{\hfill} } & \end{array}
                                                   \mathcolor[RGB]{0,15,135}...
I can't figure out why you would want to use a tab mark
or \cr or \span just now. If something like a right brace
up above has ended a previous alignment prematurely,
you're probably due for more error messages, and you
might try typing `S' now just to see what is salvageable.

! Missing \cr inserted.
<inserted text> 
                \cr 
l.22 ...lor[RGB]{0,15,120}{\hfill} } & \end{array}
                                                   \mathcolor[RGB]{0,15,135}...
I'm guessing that you meant to end an alignment here.

! Misplaced \cr.
<inserted text> \cr 
                    
l.22 ...lor[RGB]{0,15,120}{\hfill} } & \end{array}
                                                   \mathcolor[RGB]{0,15,135}...
I can't figure out why you would want to use a tab mark
or \cr or \span just now. If something like a right brace
up above has ended a previous alignment prematurely,
you're probably due for more error messages, and you
might try typing `S' now just to see what is salvageable.

! Missing \cr inserted.
<inserted text> 
                \cr 
l.22 ...lor[RGB]{0,15,120}{\hfill} } & \end{array}
                                                   \mathcolor[RGB]{0,15,135}...
I'm guessing that you meant to end an alignment here.

! Misplaced \cr.
<inserted text> \cr 
                    
l.22 ...lor[RGB]{0,15,120}{\hfill} } & \end{array}
                                                   \mathcolor[RGB]{0,15,135}...
I can't figure out why you would want to use a tab mark
or \cr or \span just now. If something like a right brace
up above has ended a previous alignment prematurely,
you're probably due for more error messages, and you
might try typing `S' now just to see what is salvageable.

! Missing \cr inserted.
<inserted text> 
                \cr 
l.22 ...lor[RGB]{0,15,120}{\hfill} } & \end{array}
                                                   \mathcolor[RGB]{0,15,135}...
I'm guessing that you meant to end an alignment here.

! Misplaced \cr.
<inserted text> \cr 
                    
l.22 ...lor[RGB]{0,15,120}{\hfill} } & \end{array}
                                                   \mathcolor[RGB]{0,15,135}...
I can't figure out why you would want to use a tab mark
or \cr or \span just now. If something like a right brace
up above has ended a previous alignment prematurely,
you're probably due for more error messages, and you
might try typing `S' now just to see what is salvageable.

! Missing \cr inserted.
<inserted text> 
                \cr 
l.22 ...lor[RGB]{0,15,120}{\hfill} } & \end{array}
                                                   \mathcolor[RGB]{0,15,135}...
I'm guessing that you meant to end an alignment here.

! Misplaced \cr.
<inserted text> \cr 
                    
l.22 ...lor[RGB]{0,15,120}{\hfill} } & \end{array}
                                                   \mathcolor[RGB]{0,15,135}...
I can't figure out why you would want to use a tab mark
or \cr or \span just now. If something like a right brace
up above has ended a previous alignment prematurely,
you're probably due for more error messages, and you
might try typing `S' now just to see what is salvageable.

! Missing \cr inserted.
<inserted text> 
                \cr 
l.22 ...lor[RGB]{0,15,120}{\hfill} } & \end{array}
                                                   \mathcolor[RGB]{0,15,135}...
(That makes 100 errors; please try again.) 
Here is how much of TeX's memory you used:
 3450 strings out of 476091
 49089 string characters out of 5794082
 1850330 words of memory out of 5000000
 23831 multiletter control sequences out of 15000+600000
 517781 words of font info for 53 fonts, out of 8000000 for 9000
 1141 hyphenation exceptions out of 8191
 57i,16n,62p,1040b,493s stack positions out of 10000i,1000n,20000p,200000b,200000s

!  ==> Fatal error occurred, no output PDF file produced!
