This is pdfTeX, Version 3.141592653-2.6-1.40.22 (TeX Live 2022/dev/Debian) (preloaded format=pdflatex 2025.5.8)  3 FEB 2026 15:45
entering extended mode
 restricted \write18 enabled.
 %&-line parsing enabled.
**output/temp_dir/cdm_infer_result_18_gt/output_cdm_infer_result_18_gt_1504_056
74_2.tex

(./output/temp_dir/cdm_infer_result_18_gt/output_cdm_infer_result_18_gt_1504_05
674_2.tex
LaTeX2e <2021-11-15> patch level 1
L3 programming layer <2022-01-21>
(/usr/share/texlive/texmf-dist/tex/latex/base/article.cls
Document Class: article 2021/10/04 v1.4n Standard LaTeX document class
! Interruption.
\char@if@alph ...\if \ifnum `#1>`Z @\fi \ifnum `#1
                                                  <`a @\fi 01\fi >0 \expanda...
l.113 \input{size1\@ptsize.clo}
                               
? ^^[[B
Type <return> to proceed, S to scroll future error messages,
R to run without stopping, Q to run quietly,
I to insert something, E to edit your file,
H for help, X to quit.
? 
! Emergency stop.
\char@if@alph ...\if \ifnum `#1>`Z @\fi \ifnum `#1
                                                  <`a @\fi 01\fi >0 \expanda...
l.113 \input{size1\@ptsize.clo}
                               
End of file on the terminal!

 
Here is how much of TeX's memory you used:
 69 strings out of 478287
 1500 string characters out of 5849290
 289637 words of memory out of 5000000
 18359 multiletter control sequences out of 15000+600000
 469259 words of font info for 28 fonts, out of 8000000 for 9000
 1141 hyphenation exceptions out of 8191
 31i,0n,38p,193b,18s stack positions out of 5000i,500n,10000p,200000b,80000s
!  ==> Fatal error occurred, no output PDF file produced!
