This is pdfTeX, Version 3.141592653-2.6-1.40.22 (TeX Live 2022/dev/Debian) (preloaded format=pdflatex 2025.5.8)  3 FEB 2026 15:45
entering extended mode
 restricted \write18 enabled.
 %&-line parsing enabled.
**output/temp_dir/cdm_infer_result_18_gt/output_cdm_infer_result_18_gt_2010_002
64_104.tex

(./output/temp_dir/cdm_infer_result_18_gt/output_cdm_infer_result_18_gt_2010_00
264_104.tex
LaTeX2e <2021-11-15> patch level 1
L3 programming layer <2022-01-21>
! Interruption.
\__str_map_function:nn ...str_map_break: \fi: #1#2
                                                  \__str_map_function:nn {#1}
l.3 \usepackage
               [landscape]{geometry}
? ^^[[A
Type <return> to proceed, S to scroll future error messages,
R to run without stopping, Q to run quietly,
I to insert something, E to edit your file,
H for help, X to quit.
? 
! Emergency stop.
\__str_map_function:nn ...str_map_break: \fi: #1#2
                                                  \__str_map_function:nn {#1}
l.3 \usepackage
               [landscape]{geometry}
End of file on the terminal!

 
Here is how much of TeX's memory you used:
 19 strings out of 478287
 738 string characters out of 5849290
 289007 words of memory out of 5000000
 18315 multiletter control sequences out of 15000+600000
 469259 words of font info for 28 fonts, out of 8000000 for 9000
 1141 hyphenation exceptions out of 8191
 16i,0n,21p,146b,10s stack positions out of 5000i,500n,10000p,200000b,80000s
!  ==> Fatal error occurred, no output PDF file produced!
