This is pdfTeX, Version 3.141592653-2.6-1.40.22 (TeX Live 2022/dev/Debian) (preloaded format=pdflatex 2025.5.8)  3 FEB 2026 15:44
entering extended mode
 restricted \write18 enabled.
 %&-line parsing enabled.
**output/temp_dir/cdm_infer_result_18_gt/output_cdm_infer_result_18_gt_2112_004
19_4.tex

(./output/temp_dir/cdm_infer_result_18_gt/output_cdm_infer_result_18_gt_2112_00
419_4.tex
LaTeX2e <2021-11-15> patch level 1
L3 programming layer <2022-01-21>
(/usr/share/texlive/texmf-dist/tex/latex/base/article.cls
Document Class: article 2021/10/04 v1.4n Standard LaTeX document class
(/usr/share/texlive/texmf-dist/tex/latex/base/size12.clo
File: size12.clo 2021/10/04 v1.4n Standard LaTeX file (size option)
)
! Interruption.
\__hook_tl_gset:No ..._exp_not:w \exp_after:wN {#2
                                                  }}
l.113 \input{size1\@ptsize.clo}
                               
? 
! Emergency stop.
\__hook_tl_gset:No ..._exp_not:w \exp_after:wN {#2
                                                  }}
l.113 \input{size1\@ptsize.clo}
                               
End of file on the terminal!

 
Here is how much of TeX's memory you used:
 91 strings out of 478287
 1763 string characters out of 5849290
 289637 words of memory out of 5000000
 18378 multiletter control sequences out of 15000+600000
 469557 words of font info for 29 fonts, out of 8000000 for 9000
 1141 hyphenation exceptions out of 8191
 33i,0n,38p,230b,36s stack positions out of 5000i,500n,10000p,200000b,80000s
!  ==> Fatal error occurred, no output PDF file produced!
