This is pdfTeX, Version 3.141592653-2.6-1.40.22 (TeX Live 2022/dev/Debian) (preloaded format=pdflatex 2025.5.8)  3 FEB 2026 15:44
entering extended mode
 restricted \write18 enabled.
 %&-line parsing enabled.
**output/temp_dir/cdm_infer_result_18_gt/output_cdm_infer_result_18_gt_1108_626
6_776.tex

(./output/temp_dir/cdm_infer_result_18_gt/output_cdm_infer_result_18_gt_1108_62
66_776.tex
LaTeX2e <2021-11-15> patch level 1
L3 programming layer <2022-01-21>
(/usr/share/texlive/texmf-dist/tex/latex/base/article.cls
Document Class: article 2021/10/04 v1.4n Standard LaTeX document class
(/usr/share/texlive/texmf-dist/tex/latex/base/size12.clo
File: size12.clo 2021/10/04 v1.4n Standard LaTeX file (size option)
)
\c@part=\count185
\c@section=\count186
\c@subsection=\count187
\c@subsubsection=\count188
\c@paragraph=\count189
\c@subparagraph=\count190
\c@figure=\count191
\c@table=\count192
\abovecaptionskip=\skip47
\belowcaptionskip=\skip48
\bibindent=\dimen138
)
(/usr/share/texlive/texmf-dist/tex/latex/geometry/geometry.sty
Package: geometry 2020/01/02 v5.9 Page Geometry

(/usr/share/texlive/texmf-dist/tex/latex/graphics/keyval.sty
Package: keyval 2014/10/28 v1.15 key=value parser (DPC)
\KV@toks@=\toks16
)
(/usr/share/texlive/texmf-dist/tex/generic/iftex/ifvtex.sty
Package: ifvtex 2019/10/25 v1.7 ifvtex legacy package. Use iftex instead.

(/usr/share/texlive/texmf-dist/tex/generic/iftex/iftex.sty
Package: iftex 2020/03/06 v1.0d TeX engine tests
))
\Gm@cnth=\count193
\Gm@cntv=\count194
\c@Gm@tempcnt=\count195
\Gm@bindingoffset=\dimen139
\Gm@wd@mp=\dimen140
\Gm@odd@mp=\dimen141
\Gm@even@mp=\dimen142
\Gm@layoutwidth=\dimen143
\Gm@layoutheight=\dimen144
\Gm@layouthoffset=\dimen145
\Gm@layoutvoffset=\dimen146
\Gm@dimlist=\toks17
)
(/usr/share/texlive/texmf-dist/tex/latex/booktabs/booktabs.sty
Package: booktabs 2020/01/12 v1.61803398 Publication quality tables
\heavyrulewidth=\dimen147
\lightrulewidth=\dimen148
\cmidrulewidth=\dimen149
\belowrulesep=\dimen150
\belowbottomsep=\dimen151
\aboverulesep=\dimen152
\abovetopsep=\dimen153
\cmidrulesep=\dimen154
\cmidrulekern=\dimen155
\defaultaddspace=\dimen156
\@cmidla=\count196
\@cmidlb=\count197
\@aboverulesep=\dimen157
\@belowrulesep=\dimen158
\@thisruleclass=\count198
\@lastruleclass=\count199
\@thisrulewidth=\dimen159
)
(/usr/share/texlive/texmf-dist/tex/latex/amsmath/amsmath.sty
Package: amsmath 2021/10/15 v2.17l AMS math features
\@mathmargin=\skip49

For additional information on amsmath, use the `?' option.
(/usr/share/texlive/texmf-dist/tex/latex/amsmath/amstext.sty
Package: amstext 2021/08/26 v2.01 AMS text

(/usr/share/texlive/texmf-dist/tex/latex/amsmath/amsgen.sty
File: amsgen.sty 1999/11/30 v2.0 generic functions
\@emptytoks=\toks18
\ex@=\dimen160
))
(/usr/share/texlive/texmf-dist/tex/latex/amsmath/amsbsy.sty
Package: amsbsy 1999/11/29 v1.2d Bold Symbols
\pmbraise@=\dimen161
)
(/usr/share/texlive/texmf-dist/tex/latex/amsmath/amsopn.sty
Package: amsopn 2021/08/26 v2.02 operator names
)
\inf@bad=\count266
LaTeX Info: Redefining \frac on input line 234.
\uproot@=\count267
\leftroot@=\count268
LaTeX Info: Redefining \overline on input line 399.
\classnum@=\count269
\DOTSCASE@=\count270
LaTeX Info: Redefining \ldots on input line 496.
LaTeX Info: Redefining \dots on input line 499.
LaTeX Info: Redefining \cdots on input line 620.
\Mathstrutbox@=\box50
\strutbox@=\box51
\big@size=\dimen162
LaTeX Font Info:    Redeclaring font encoding OML on input line 743.
LaTeX Font Info:    Redeclaring font encoding OMS on input line 744.
\macc@depth=\count271
\c@MaxMatrixCols=\count272
\dotsspace@=\muskip16
\c@parentequation=\count273
\dspbrk@lvl=\count274
\tag@help=\toks19
\row@=\count275
\column@=\count276
\maxfields@=\count277
\andhelp@=\toks20
\eqnshift@=\dimen163
\alignsep@=\dimen164
\tagshift@=\dimen165
\tagwidth@=\dimen166
\totwidth@=\dimen167
\lineht@=\dimen168
\@envbody=\toks21
\multlinegap=\skip50
\multlinetaggap=\skip51
\mathdisplay@stack=\toks22
LaTeX Info: Redefining \[ on input line 2938.
LaTeX Info: Redefining \] on input line 2939.
)
(/usr/share/texlive/texmf-dist/tex/latex/was/upgreek.sty
Package: upgreek 2003/02/12 v2.0 (WaS)
Package upgreek Info: Using Euler Roman for upright Greek on input line 31.
\symugrf@m=\mathgroup4
LaTeX Font Info:    Overwriting symbol font `ugrf@m' in version `bold'
(Font)                  U/eur/m/n --> U/eur/b/n on input line 38.
)
(/usr/share/texlive/texmf-dist/tex/latex/amsfonts/amssymb.sty
Package: amssymb 2013/01/14 v3.01 AMS font symbols

(/usr/share/texlive/texmf-dist/tex/latex/amsfonts/amsfonts.sty
Package: amsfonts 2013/01/14 v3.01 Basic AMSFonts support
\symAMSa=\mathgroup5
\symAMSb=\mathgroup6
LaTeX Font Info:    Redeclaring math symbol \hbar on input line 98.
LaTeX Font Info:    Overwriting math alphabet `\mathfrak' in version `bold'
(Font)                  U/euf/m/n --> U/euf/b/n on input line 106.
))
(/usr/share/texlive/texmf-dist/tex/latex/xcolor/xcolor.sty
Package: xcolor 2021/10/31 v2.13 LaTeX color extensions (UK)

(/usr/share/texlive/texmf-dist/tex/latex/graphics-cfg/color.cfg
File: color.cfg 2016/01/02 v1.6 sample color configuration
)
Package xcolor Info: Driver file: pdftex.def on input line 227.

(/usr/share/texlive/texmf-dist/tex/latex/graphics-def/pdftex.def
File: pdftex.def 2020/10/05 v1.2a Graphics/color driver for pdftex
)
Package xcolor Info: Model `cmy' substituted by `cmy0' on input line 1352.
Package xcolor Info: Model `hsb' substituted by `rgb' on input line 1356.
Package xcolor Info: Model `RGB' extended on input line 1368.
Package xcolor Info: Model `HTML' substituted by `rgb' on input line 1370.
Package xcolor Info: Model `Hsb' substituted by `hsb' on input line 1371.
Package xcolor Info: Model `tHsb' substituted by `hsb' on input line 1372.
Package xcolor Info: Model `HSB' substituted by `hsb' on input line 1373.
Package xcolor Info: Model `Gray' substituted by `gray' on input line 1374.
Package xcolor Info: Model `wave' substituted by `hsb' on input line 1375.
)
(/usr/share/texlive/texmf-dist/tex/latex/l3backend/l3backend-pdftex.def
File: l3backend-pdftex.def 2022-01-12 L3 backend support: PDF output (pdfTeX)
\l__color_backend_stack_int=\count278
\l__pdf_internal_box=\box52
)
No file output_cdm_infer_result_18_gt_1108_6266_776.aux.
\openout1 = `output_cdm_infer_result_18_gt_1108_6266_776.aux'.

LaTeX Font Info:    Checking defaults for OML/cmm/m/it on input line 12.
LaTeX Font Info:    ... okay on input line 12.
LaTeX Font Info:    Checking defaults for OMS/cmsy/m/n on input line 12.
LaTeX Font Info:    ... okay on input line 12.
LaTeX Font Info:    Checking defaults for OT1/cmr/m/n on input line 12.
LaTeX Font Info:    ... okay on input line 12.
LaTeX Font Info:    Checking defaults for T1/cmr/m/n on input line 12.
LaTeX Font Info:    ... okay on input line 12.
LaTeX Font Info:    Checking defaults for TS1/cmr/m/n on input line 12.
LaTeX Font Info:    ... okay on input line 12.
LaTeX Font Info:    Checking defaults for OMX/cmex/m/n on input line 12.
LaTeX Font Info:    ... okay on input line 12.
LaTeX Font Info:    Checking defaults for U/cmr/m/n on input line 12.
LaTeX Font Info:    ... okay on input line 12.
*geometry* driver: auto-detecting
*geometry* detected driver: pdftex
*geometry* verbose mode - [ preamble ] result:
* driver: pdftex
* paper: a5paper
* layout: <same size as paper>
* layoutoffset:(h,v)=(0.0pt,0.0pt)
* modes: landscape 
* h-part:(L,W,R)=(5.97635pt, 585.55516pt, 5.97636pt)
* v-part:(T,H,B)=(3.3695pt, 412.67696pt, 5.05432pt)
* \paperwidth=597.50787pt
* \paperheight=421.10078pt
* \textwidth=585.55516pt
* \textheight=412.67696pt
* \oddsidemargin=-66.29364pt
* \evensidemargin=-66.29364pt
* \topmargin=-105.90048pt
* \headheight=12.0pt
* \headsep=25.0pt
* \topskip=12.0pt
* \footskip=30.0pt
* \marginparwidth=44.0pt
* \marginparsep=10.0pt
* \columnsep=10.0pt
* \skip\footins=10.8pt plus 4.0pt minus 2.0pt
* \hoffset=0.0pt
* \voffset=0.0pt
* \mag=1000
* \@twocolumnfalse
* \@twosidefalse
* \@mparswitchfalse
* \@reversemarginfalse
* (1in=72.27pt=25.4mm, 1cm=28.453pt)

(/usr/share/texlive/texmf-dist/tex/context/base/mkii/supp-pdf.mkii
[Loading MPS to PDF converter (version 2006.09.02).]
\scratchcounter=\count279
\scratchdimen=\dimen169
\scratchbox=\box53
\nofMPsegments=\count280
\nofMParguments=\count281
\everyMPshowfont=\toks23
\MPscratchCnt=\count282
\MPscratchDim=\dimen170
\MPnumerator=\count283
\makeMPintoPDFobject=\count284
\everyMPtoPDFconversion=\toks24
)
LaTeX Font Info:    Trying to load font information for U+msa on input line 21.

 (/usr/share/texlive/texmf-dist/tex/latex/amsfonts/umsa.fd
File: umsa.fd 2013/01/14 v3.01 AMS symbols A
)
LaTeX Font Info:    Trying to load font information for U+msb on input line 21.


(/usr/share/texlive/texmf-dist/tex/latex/amsfonts/umsb.fd
File: umsb.fd 2013/01/14 v3.01 AMS symbols B
)
! Undefined control sequence.
l.22 \begin{array} {c} { { \mathcolor
                                     [RGB]{0,0,15}{\hfill} \mathcolor[RGB]{0...
The control sequence at the end of the top line
of your error message was never \def'ed. If you have
misspelled it (e.g., `\hobx'), type `I' and the correct
spelling (e.g., `I\hbox'). Otherwise just continue,
and I'll forget about whatever was undefined.

! Undefined control sequence.
l.22 ...\mathcolor[RGB]{0,0,15}{\hfill} \mathcolor
                                                  [RGB]{0,0,30}{\square} \ma...
The control sequence at the end of the top line
of your error message was never \def'ed. If you have
misspelled it (e.g., `\hobx'), type `I' and the correct
spelling (e.g., `I\hbox'). Otherwise just continue,
and I'll forget about whatever was undefined.

! Undefined control sequence.
l.22 ...mathcolor[RGB]{0,0,30}{\square} \mathcolor
                                                  [RGB]{0,0,45}{\varphi} \ma...
The control sequence at the end of the top line
of your error message was never \def'ed. If you have
misspelled it (e.g., `\hobx'), type `I' and the correct
spelling (e.g., `I\hbox'). Otherwise just continue,
and I'll forget about whatever was undefined.

! Undefined control sequence.
l.22 ...mathcolor[RGB]{0,0,45}{\varphi} \mathcolor
                                                  [RGB]{0,0,60}{=} \mathcolo...
The control sequence at the end of the top line
of your error message was never \def'ed. If you have
misspelled it (e.g., `\hobx'), type `I' and the correct
spelling (e.g., `I\hbox'). Otherwise just continue,
and I'll forget about whatever was undefined.

! Undefined control sequence.
l.22 ...phi} \mathcolor[RGB]{0,0,60}{=} \mathcolor
                                                  [RGB]{0,0,75}{\frac { \mat...
The control sequence at the end of the top line
of your error message was never \def'ed. If you have
misspelled it (e.g., `\hobx'), type `I' and the correct
spelling (e.g., `I\hbox'). Otherwise just continue,
and I'll forget about whatever was undefined.

! Undefined control sequence.
<argument>  \mathcolor 
                       [RGB]{0,0,90}{\frac { { \mathcolor [RGB]{0,0,105}{f} ...
l.22 ...} } } \mathcolor[RGB]{0,45,240}{\right]} }
                                                   } \mathcolor[RGB]{0,45,25...
The control sequence at the end of the top line
of your error message was never \def'ed. If you have
misspelled it (e.g., `\hobx'), type `I' and the correct
spelling (e.g., `I\hbox'). Otherwise just continue,
and I'll forget about whatever was undefined.

! Undefined control sequence.
<argument>  { \mathcolor 
                         [RGB]{0,0,105}{f} } ^ { \mathcolor [RGB]{0,0,120}{\...
l.22 ...} } } \mathcolor[RGB]{0,45,240}{\right]} }
                                                   } \mathcolor[RGB]{0,45,25...
The control sequence at the end of the top line
of your error message was never \def'ed. If you have
misspelled it (e.g., `\hobx'), type `I' and the correct
spelling (e.g., `I\hbox'). Otherwise just continue,
and I'll forget about whatever was undefined.

! Undefined control sequence.
<argument> ... [RGB]{0,0,105}{f} } ^ { \mathcolor 
                                                  [RGB]{0,0,120}{\prime } } ...
l.22 ...} } } \mathcolor[RGB]{0,45,240}{\right]} }
                                                   } \mathcolor[RGB]{0,45,25...
The control sequence at the end of the top line
of your error message was never \def'ed. If you have
misspelled it (e.g., `\hobx'), type `I' and the correct
spelling (e.g., `I\hbox'). Otherwise just continue,
and I'll forget about whatever was undefined.

! Undefined control sequence.
<argument> ...B]{0,0,120}{\prime } } { \mathcolor 
                                                  [RGB]{0,0,135}{T} } ^ { \m...
l.22 ...} } } \mathcolor[RGB]{0,45,240}{\right]} }
                                                   } \mathcolor[RGB]{0,45,25...
The control sequence at the end of the top line
of your error message was never \def'ed. If you have
misspelled it (e.g., `\hobx'), type `I' and the correct
spelling (e.g., `I\hbox'). Otherwise just continue,
and I'll forget about whatever was undefined.

! Undefined control sequence.
<argument> ... [RGB]{0,0,135}{T} } ^ { \mathcolor 
                                                  [RGB]{0,0,150}{(} \mathcol...
l.22 ...} } } \mathcolor[RGB]{0,45,240}{\right]} }
                                                   } \mathcolor[RGB]{0,45,25...
The control sequence at the end of the top line
of your error message was never \def'ed. If you have
misspelled it (e.g., `\hobx'), type `I' and the correct
spelling (e.g., `I\hbox'). Otherwise just continue,
and I'll forget about whatever was undefined.

! Undefined control sequence.
<argument> ...hcolor [RGB]{0,0,150}{(} \mathcolor 
                                                  [RGB]{0,0,165}{m} \mathcol...
l.22 ...} } } \mathcolor[RGB]{0,45,240}{\right]} }
                                                   } \mathcolor[RGB]{0,45,25...
The control sequence at the end of the top line
of your error message was never \def'ed. If you have
misspelled it (e.g., `\hobx'), type `I' and the correct
spelling (e.g., `I\hbox'). Otherwise just continue,
and I'll forget about whatever was undefined.

! Undefined control sequence.
<argument> ...hcolor [RGB]{0,0,165}{m} \mathcolor 
                                                  [RGB]{0,0,180}{)} } 
l.22 ...} } } \mathcolor[RGB]{0,45,240}{\right]} }
                                                   } \mathcolor[RGB]{0,45,25...
The control sequence at the end of the top line
of your error message was never \def'ed. If you have
misspelled it (e.g., `\hobx'), type `I' and the correct
spelling (e.g., `I\hbox'). Otherwise just continue,
and I'll forget about whatever was undefined.

! Undefined control sequence.
<argument>  \mathcolor 
                       [RGB]{0,0,195}{2} 
l.22 ...} } } \mathcolor[RGB]{0,45,240}{\right]} }
                                                   } \mathcolor[RGB]{0,45,25...
The control sequence at the end of the top line
of your error message was never \def'ed. If you have
misspelled it (e.g., `\hobx'), type `I' and the correct
spelling (e.g., `I\hbox'). Otherwise just continue,
and I'll forget about whatever was undefined.

! Undefined control sequence.
<argument> ...or [RGB]{0,0,195}{2} } } \mathcolor 
                                                  [RGB]{0,0,210}{-} \mathcol...
l.22 ...} } } \mathcolor[RGB]{0,45,240}{\right]} }
                                                   } \mathcolor[RGB]{0,45,25...
The control sequence at the end of the top line
of your error message was never \def'ed. If you have
misspelled it (e.g., `\hobx'), type `I' and the correct
spelling (e.g., `I\hbox'). Otherwise just continue,
and I'll forget about whatever was undefined.

! Undefined control sequence.
<argument> ...hcolor [RGB]{0,0,210}{-} \mathcolor 
                                                  [RGB]{0,0,225}{2} { \mathc...
l.22 ...} } } \mathcolor[RGB]{0,45,240}{\right]} }
                                                   } \mathcolor[RGB]{0,45,25...
The control sequence at the end of the top line
of your error message was never \def'ed. If you have
misspelled it (e.g., `\hobx'), type `I' and the correct
spelling (e.g., `I\hbox'). Otherwise just continue,
and I'll forget about whatever was undefined.

! Undefined control sequence.
<argument> ...olor [RGB]{0,0,225}{2} { \mathcolor 
                                                  [RGB]{0,0,240}{f} } ^ { \m...
l.22 ...} } } \mathcolor[RGB]{0,45,240}{\right]} }
                                                   } \mathcolor[RGB]{0,45,25...
The control sequence at the end of the top line
of your error message was never \def'ed. If you have
misspelled it (e.g., `\hobx'), type `I' and the correct
spelling (e.g., `I\hbox'). Otherwise just continue,
and I'll forget about whatever was undefined.

! Undefined control sequence.
<argument> ... [RGB]{0,0,240}{f} } ^ { \mathcolor 
                                                  [RGB]{0,0,255}{\prime } } ...
l.22 ...} } } \mathcolor[RGB]{0,45,240}{\right]} }
                                                   } \mathcolor[RGB]{0,45,25...
The control sequence at the end of the top line
of your error message was never \def'ed. If you have
misspelled it (e.g., `\hobx'), type `I' and the correct
spelling (e.g., `I\hbox'). Otherwise just continue,
and I'll forget about whatever was undefined.

! Undefined control sequence.
<argument> ...RGB]{0,0,255}{\prime } } \mathcolor 
                                                  [RGB]{0,15,0}{V} \mathcolo...
l.22 ...} } } \mathcolor[RGB]{0,45,240}{\right]} }
                                                   } \mathcolor[RGB]{0,45,25...
The control sequence at the end of the top line
of your error message was never \def'ed. If you have
misspelled it (e.g., `\hobx'), type `I' and the correct
spelling (e.g., `I\hbox'). Otherwise just continue,
and I'll forget about whatever was undefined.

! Undefined control sequence.
<argument> ...thcolor [RGB]{0,15,0}{V} \mathcolor 
                                                  [RGB]{0,15,15}{(} \mathcol...
l.22 ...} } } \mathcolor[RGB]{0,45,240}{\right]} }
                                                   } \mathcolor[RGB]{0,45,25...
The control sequence at the end of the top line
of your error message was never \def'ed. If you have
misspelled it (e.g., `\hobx'), type `I' and the correct
spelling (e.g., `I\hbox'). Otherwise just continue,
and I'll forget about whatever was undefined.

! Undefined control sequence.
<argument> ...hcolor [RGB]{0,15,15}{(} \mathcolor 
                                                  [RGB]{0,15,30}{\varphi } \...
l.22 ...} } } \mathcolor[RGB]{0,45,240}{\right]} }
                                                   } \mathcolor[RGB]{0,45,25...
The control sequence at the end of the top line
of your error message was never \def'ed. If you have
misspelled it (e.g., `\hobx'), type `I' and the correct
spelling (e.g., `I\hbox'). Otherwise just continue,
and I'll forget about whatever was undefined.

! Undefined control sequence.
<argument> ...[RGB]{0,15,30}{\varphi } \mathcolor 
                                                  [RGB]{0,15,45}{)} \mathcol...
l.22 ...} } } \mathcolor[RGB]{0,45,240}{\right]} }
                                                   } \mathcolor[RGB]{0,45,25...
The control sequence at the end of the top line
of your error message was never \def'ed. If you have
misspelled it (e.g., `\hobx'), type `I' and the correct
spelling (e.g., `I\hbox'). Otherwise just continue,
and I'll forget about whatever was undefined.

! Undefined control sequence.
<argument> ...hcolor [RGB]{0,15,45}{)} \mathcolor 
                                                  [RGB]{0,15,60}{+} \mathcol...
l.22 ...} } } \mathcolor[RGB]{0,45,240}{\right]} }
                                                   } \mathcolor[RGB]{0,45,25...
The control sequence at the end of the top line
of your error message was never \def'ed. If you have
misspelled it (e.g., `\hobx'), type `I' and the correct
spelling (e.g., `I\hbox'). Otherwise just continue,
and I'll forget about whatever was undefined.

! Undefined control sequence.
<argument> ...hcolor [RGB]{0,15,60}{+} \mathcolor 
                                                  [RGB]{0,15,75}{f} { \mathc...
l.22 ...} } } \mathcolor[RGB]{0,45,240}{\right]} }
                                                   } \mathcolor[RGB]{0,45,25...
The control sequence at the end of the top line
of your error message was never \def'ed. If you have
misspelled it (e.g., `\hobx'), type `I' and the correct
spelling (e.g., `I\hbox'). Otherwise just continue,
and I'll forget about whatever was undefined.

! Undefined control sequence.
<argument> ...olor [RGB]{0,15,75}{f} { \mathcolor 
                                                  [RGB]{0,15,90}{V} } ^ { \m...
l.22 ...} } } \mathcolor[RGB]{0,45,240}{\right]} }
                                                   } \mathcolor[RGB]{0,45,25...
The control sequence at the end of the top line
of your error message was never \def'ed. If you have
misspelled it (e.g., `\hobx'), type `I' and the correct
spelling (e.g., `I\hbox'). Otherwise just continue,
and I'll forget about whatever was undefined.

! Undefined control sequence.
<argument> ... [RGB]{0,15,90}{V} } ^ { \mathcolor 
                                                  [RGB]{0,15,105}{\prime } }...
l.22 ...} } } \mathcolor[RGB]{0,45,240}{\right]} }
                                                   } \mathcolor[RGB]{0,45,25...
The control sequence at the end of the top line
of your error message was never \def'ed. If you have
misspelled it (e.g., `\hobx'), type `I' and the correct
spelling (e.g., `I\hbox'). Otherwise just continue,
and I'll forget about whatever was undefined.

! Undefined control sequence.
<argument> ...GB]{0,15,105}{\prime } } \mathcolor 
                                                  [RGB]{0,15,120}{(} \mathco...
l.22 ...} } } \mathcolor[RGB]{0,45,240}{\right]} }
                                                   } \mathcolor[RGB]{0,45,25...
The control sequence at the end of the top line
of your error message was never \def'ed. If you have
misspelled it (e.g., `\hobx'), type `I' and the correct
spelling (e.g., `I\hbox'). Otherwise just continue,
and I'll forget about whatever was undefined.

! Undefined control sequence.
<argument> ...color [RGB]{0,15,120}{(} \mathcolor 
                                                  [RGB]{0,15,135}{\varphi } ...
l.22 ...} } } \mathcolor[RGB]{0,45,240}{\right]} }
                                                   } \mathcolor[RGB]{0,45,25...
The control sequence at the end of the top line
of your error message was never \def'ed. If you have
misspelled it (e.g., `\hobx'), type `I' and the correct
spelling (e.g., `I\hbox'). Otherwise just continue,
and I'll forget about whatever was undefined.

! Undefined control sequence.
<argument> ...RGB]{0,15,135}{\varphi } \mathcolor 
                                                  [RGB]{0,15,150}{)} \mathco...
l.22 ...} } } \mathcolor[RGB]{0,45,240}{\right]} }
                                                   } \mathcolor[RGB]{0,45,25...
The control sequence at the end of the top line
of your error message was never \def'ed. If you have
misspelled it (e.g., `\hobx'), type `I' and the correct
spelling (e.g., `I\hbox'). Otherwise just continue,
and I'll forget about whatever was undefined.

! Undefined control sequence.
<argument> ...color [RGB]{0,15,150}{)} \mathcolor 
                                                  [RGB]{0,15,165}{+} \mathco...
l.22 ...} } } \mathcolor[RGB]{0,45,240}{\right]} }
                                                   } \mathcolor[RGB]{0,45,25...
The control sequence at the end of the top line
of your error message was never \def'ed. If you have
misspelled it (e.g., `\hobx'), type `I' and the correct
spelling (e.g., `I\hbox'). Otherwise just continue,
and I'll forget about whatever was undefined.

! Undefined control sequence.
<argument> ...color [RGB]{0,15,165}{+} \mathcolor 
                                                  [RGB]{0,15,180}{\left [} \...
l.22 ...} } } \mathcolor[RGB]{0,45,240}{\right]} }
                                                   } \mathcolor[RGB]{0,45,25...
The control sequence at the end of the top line
of your error message was never \def'ed. If you have
misspelled it (e.g., `\hobx'), type `I' and the correct
spelling (e.g., `I\hbox'). Otherwise just continue,
and I'll forget about whatever was undefined.

! Extra }, or forgotten \right.
<argument> ... \mathcolor [RGB]{0,15,180}{\left [}
                                                   \mathcolor [RGB]{0,15,195...
l.22 ...} } } \mathcolor[RGB]{0,45,240}{\right]} }
                                                   } \mathcolor[RGB]{0,45,25...
I've deleted a group-closing symbol because it seems to be
spurious, as in `$x}$'. But perhaps the } is legitimate and
you forgot something else, as in `\hbox{$x}'. In such cases
the way to recover is to insert both the forgotten and the
deleted material, e.g., by typing `I$}'.

! Undefined control sequence.
<argument> ...[RGB]{0,15,180}{\left [} \mathcolor 
                                                  [RGB]{0,15,195}{-} \mathco...
l.22 ...} } } \mathcolor[RGB]{0,45,240}{\right]} }
                                                   } \mathcolor[RGB]{0,45,25...
The control sequence at the end of the top line
of your error message was never \def'ed. If you have
misspelled it (e.g., `\hobx'), type `I' and the correct
spelling (e.g., `I\hbox'). Otherwise just continue,
and I'll forget about whatever was undefined.

! Undefined control sequence.
<argument> ...color [RGB]{0,15,195}{-} \mathcolor 
                                                  [RGB]{0,15,210}{\frac { { ...
l.22 ...} } } \mathcolor[RGB]{0,45,240}{\right]} }
                                                   } \mathcolor[RGB]{0,45,25...
The control sequence at the end of the top line
of your error message was never \def'ed. If you have
misspelled it (e.g., `\hobx'), type `I' and the correct
spelling (e.g., `I\hbox'). Otherwise just continue,
and I'll forget about whatever was undefined.

! Undefined control sequence.
<argument>  { \mathcolor 
                         [RGB]{0,15,225}{\omega } } ^ { \mathcolor [RGB]{0,1...
l.22 ...} } } \mathcolor[RGB]{0,45,240}{\right]} }
                                                   } \mathcolor[RGB]{0,45,25...
The control sequence at the end of the top line
of your error message was never \def'ed. If you have
misspelled it (e.g., `\hobx'), type `I' and the correct
spelling (e.g., `I\hbox'). Otherwise just continue,
and I'll forget about whatever was undefined.

! Undefined control sequence.
<argument> ...0,15,225}{\omega } } ^ { \mathcolor 
                                                  [RGB]{0,15,240}{\prime } }...
l.22 ...} } } \mathcolor[RGB]{0,45,240}{\right]} }
                                                   } \mathcolor[RGB]{0,45,25...
The control sequence at the end of the top line
of your error message was never \def'ed. If you have
misspelled it (e.g., `\hobx'), type `I' and the correct
spelling (e.g., `I\hbox'). Otherwise just continue,
and I'll forget about whatever was undefined.

! Undefined control sequence.
<argument> ...GB]{0,15,240}{\prime } } \mathcolor 
                                                  [RGB]{0,15,255}{f} 
l.22 ...} } } \mathcolor[RGB]{0,45,240}{\right]} }
                                                   } \mathcolor[RGB]{0,45,25...
The control sequence at the end of the top line
of your error message was never \def'ed. If you have
misspelled it (e.g., `\hobx'), type `I' and the correct
spelling (e.g., `I\hbox'). Otherwise just continue,
and I'll forget about whatever was undefined.

! Undefined control sequence.
<argument>  \mathcolor 
                       [RGB]{0,30,0}{2} 
l.22 ...} } } \mathcolor[RGB]{0,45,240}{\right]} }
                                                   } \mathcolor[RGB]{0,45,25...
The control sequence at the end of the top line
of your error message was never \def'ed. If you have
misspelled it (e.g., `\hobx'), type `I' and the correct
spelling (e.g., `I\hbox'). Otherwise just continue,
and I'll forget about whatever was undefined.

! Undefined control sequence.
<argument> ...lor [RGB]{0,30,0}{2} } } \mathcolor 
                                                  [RGB]{0,30,15}{-} \mathcol...
l.22 ...} } } \mathcolor[RGB]{0,45,240}{\right]} }
                                                   } \mathcolor[RGB]{0,45,25...
The control sequence at the end of the top line
of your error message was never \def'ed. If you have
misspelled it (e.g., `\hobx'), type `I' and the correct
spelling (e.g., `I\hbox'). Otherwise just continue,
and I'll forget about whatever was undefined.

! Undefined control sequence.
<argument> ...hcolor [RGB]{0,30,15}{-} \mathcolor 
                                                  [RGB]{0,30,30}{\frac { { \...
l.22 ...} } } \mathcolor[RGB]{0,45,240}{\right]} }
                                                   } \mathcolor[RGB]{0,45,25...
The control sequence at the end of the top line
of your error message was never \def'ed. If you have
misspelled it (e.g., `\hobx'), type `I' and the correct
spelling (e.g., `I\hbox'). Otherwise just continue,
and I'll forget about whatever was undefined.

! Undefined control sequence.
<argument>  { \mathcolor 
                         [RGB]{0,30,45}{f} } ^ { \mathcolor [RGB]{0,30,60}{\...
l.22 ...} } } \mathcolor[RGB]{0,45,240}{\right]} }
                                                   } \mathcolor[RGB]{0,45,25...
The control sequence at the end of the top line
of your error message was never \def'ed. If you have
misspelled it (e.g., `\hobx'), type `I' and the correct
spelling (e.g., `I\hbox'). Otherwise just continue,
and I'll forget about whatever was undefined.

! Undefined control sequence.
<argument> ... [RGB]{0,30,45}{f} } ^ { \mathcolor 
                                                  [RGB]{0,30,60}{\prime } } 
l.22 ...} } } \mathcolor[RGB]{0,45,240}{\right]} }
                                                   } \mathcolor[RGB]{0,45,25...
The control sequence at the end of the top line
of your error message was never \def'ed. If you have
misspelled it (e.g., `\hobx'), type `I' and the correct
spelling (e.g., `I\hbox'). Otherwise just continue,
and I'll forget about whatever was undefined.

! Undefined control sequence.
<argument>  \mathcolor 
                       [RGB]{0,30,75}{2} 
l.22 ...} } } \mathcolor[RGB]{0,45,240}{\right]} }
                                                   } \mathcolor[RGB]{0,45,25...
The control sequence at the end of the top line
of your error message was never \def'ed. If you have
misspelled it (e.g., `\hobx'), type `I' and the correct
spelling (e.g., `I\hbox'). Otherwise just continue,
and I'll forget about whatever was undefined.

! Undefined control sequence.
<argument> ...or [RGB]{0,30,75}{2} } } \mathcolor 
                                                  [RGB]{0,30,90}{\left (} \m...
l.22 ...} } } \mathcolor[RGB]{0,45,240}{\right]} }
                                                   } \mathcolor[RGB]{0,45,25...
The control sequence at the end of the top line
of your error message was never \def'ed. If you have
misspelled it (e.g., `\hobx'), type `I' and the correct
spelling (e.g., `I\hbox'). Otherwise just continue,
and I'll forget about whatever was undefined.

! Extra }, or forgotten \right.
<argument> ...} \mathcolor [RGB]{0,30,90}{\left (}
                                                   \mathcolor [RGB]{0,30,105...
l.22 ...} } } \mathcolor[RGB]{0,45,240}{\right]} }
                                                   } \mathcolor[RGB]{0,45,25...
I've deleted a group-closing symbol because it seems to be
spurious, as in `$x}$'. But perhaps the } is legitimate and
you forgot something else, as in `\hbox{$x}'. In such cases
the way to recover is to insert both the forgotten and the
deleted material, e.g., by typing `I$}'.

! Undefined control sequence.
<argument> ... [RGB]{0,30,90}{\left (} \mathcolor 
                                                  [RGB]{0,30,105}{\omega } \...
l.22 ...} } } \mathcolor[RGB]{0,45,240}{\right]} }
                                                   } \mathcolor[RGB]{0,45,25...
The control sequence at the end of the top line
of your error message was never \def'ed. If you have
misspelled it (e.g., `\hobx'), type `I' and the correct
spelling (e.g., `I\hbox'). Otherwise just continue,
and I'll forget about whatever was undefined.

! Undefined control sequence.
<argument> ...[RGB]{0,30,105}{\omega } \mathcolor 
                                                  [RGB]{0,30,120}{+} \mathco...
l.22 ...} } } \mathcolor[RGB]{0,45,240}{\right]} }
                                                   } \mathcolor[RGB]{0,45,25...
The control sequence at the end of the top line
of your error message was never \def'ed. If you have
misspelled it (e.g., `\hobx'), type `I' and the correct
spelling (e.g., `I\hbox'). Otherwise just continue,
and I'll forget about whatever was undefined.

! Undefined control sequence.
<argument> ...color [RGB]{0,30,120}{+} \mathcolor 
                                                  [RGB]{0,30,135}{3} { \math...
l.22 ...} } } \mathcolor[RGB]{0,45,240}{\right]} }
                                                   } \mathcolor[RGB]{0,45,25...
The control sequence at the end of the top line
of your error message was never \def'ed. If you have
misspelled it (e.g., `\hobx'), type `I' and the correct
spelling (e.g., `I\hbox'). Otherwise just continue,
and I'll forget about whatever was undefined.

! Undefined control sequence.
<argument> ...lor [RGB]{0,30,135}{3} { \mathcolor 
                                                  [RGB]{0,30,150}{f} } ^ { \...
l.22 ...} } } \mathcolor[RGB]{0,45,240}{\right]} }
                                                   } \mathcolor[RGB]{0,45,25...
The control sequence at the end of the top line
of your error message was never \def'ed. If you have
misspelled it (e.g., `\hobx'), type `I' and the correct
spelling (e.g., `I\hbox'). Otherwise just continue,
and I'll forget about whatever was undefined.

! Undefined control sequence.
<argument> ...[RGB]{0,30,150}{f} } ^ { \mathcolor 
                                                  [RGB]{0,30,165}{\prime } \...
l.22 ...} } } \mathcolor[RGB]{0,45,240}{\right]} }
                                                   } \mathcolor[RGB]{0,45,25...
The control sequence at the end of the top line
of your error message was never \def'ed. If you have
misspelled it (e.g., `\hobx'), type `I' and the correct
spelling (e.g., `I\hbox'). Otherwise just continue,
and I'll forget about whatever was undefined.

! Undefined control sequence.
<argument> ...[RGB]{0,30,165}{\prime } \mathcolor 
                                                  [RGB]{0,30,180}{\prime } }...
l.22 ...} } } \mathcolor[RGB]{0,45,240}{\right]} }
                                                   } \mathcolor[RGB]{0,45,25...
The control sequence at the end of the top line
of your error message was never \def'ed. If you have
misspelled it (e.g., `\hobx'), type `I' and the correct
spelling (e.g., `I\hbox'). Otherwise just continue,
and I'll forget about whatever was undefined.

! Undefined control sequence.
<argument> ...GB]{0,30,180}{\prime } } \mathcolor 
                                                  [RGB]{0,30,195}{\right )} ...
l.22 ...} } } \mathcolor[RGB]{0,45,240}{\right]} }
                                                   } \mathcolor[RGB]{0,45,25...
The control sequence at the end of the top line
of your error message was never \def'ed. If you have
misspelled it (e.g., `\hobx'), type `I' and the correct
spelling (e.g., `I\hbox'). Otherwise just continue,
and I'll forget about whatever was undefined.

! Missing } inserted.
<inserted text> 
                }
l.22 ...} } } \mathcolor[RGB]{0,45,240}{\right]} }
                                                   } \mathcolor[RGB]{0,45,25...
I've inserted something that you may have forgotten.
(See the <inserted text> above.)
With luck, this will get me unwedged. But if you
really didn't forget anything, try typing `2' now; then
my insertion and my current dilemma will both disappear.

! Undefined control sequence.
<argument> ...RGB]{0,30,195}{\right )} \mathcolor 
                                                  [RGB]{0,30,210}{\right ]} ...
l.22 ...} } } \mathcolor[RGB]{0,45,240}{\right]} }
                                                   } \mathcolor[RGB]{0,45,25...
The control sequence at the end of the top line
of your error message was never \def'ed. If you have
misspelled it (e.g., `\hobx'), type `I' and the correct
spelling (e.g., `I\hbox'). Otherwise just continue,
and I'll forget about whatever was undefined.

! Missing } inserted.
<inserted text> 
                }
l.22 ...} } } \mathcolor[RGB]{0,45,240}{\right]} }
                                                   } \mathcolor[RGB]{0,45,25...
I've inserted something that you may have forgotten.
(See the <inserted text> above.)
With luck, this will get me unwedged. But if you
really didn't forget anything, try typing `2' now; then
my insertion and my current dilemma will both disappear.

! Undefined control sequence.
<argument> ...B]{0,30,210}{\right ]} { \mathcolor 
                                                  [RGB]{0,30,225}{\nabla } }...
l.22 ...} } } \mathcolor[RGB]{0,45,240}{\right]} }
                                                   } \mathcolor[RGB]{0,45,25...
The control sequence at the end of the top line
of your error message was never \def'ed. If you have
misspelled it (e.g., `\hobx'), type `I' and the correct
spelling (e.g., `I\hbox'). Otherwise just continue,
and I'll forget about whatever was undefined.

! Undefined control sequence.
<argument> ...0,30,225}{\nabla } } ^ { \mathcolor 
                                                  [RGB]{0,30,240}{\alpha } }...
l.22 ...} } } \mathcolor[RGB]{0,45,240}{\right]} }
                                                   } \mathcolor[RGB]{0,45,25...
The control sequence at the end of the top line
of your error message was never \def'ed. If you have
misspelled it (e.g., `\hobx'), type `I' and the correct
spelling (e.g., `I\hbox'). Otherwise just continue,
and I'll forget about whatever was undefined.

! Undefined control sequence.
<argument> ...GB]{0,30,240}{\alpha } } \mathcolor 
                                                  [RGB]{0,30,255}{\varphi } ...
l.22 ...} } } \mathcolor[RGB]{0,45,240}{\right]} }
                                                   } \mathcolor[RGB]{0,45,25...
The control sequence at the end of the top line
of your error message was never \def'ed. If you have
misspelled it (e.g., `\hobx'), type `I' and the correct
spelling (e.g., `I\hbox'). Otherwise just continue,
and I'll forget about whatever was undefined.

! Undefined control sequence.
<argument> ...B]{0,30,255}{\varphi } { \mathcolor 
                                                  [RGB]{0,45,0}{\nabla } } _...
l.22 ...} } } \mathcolor[RGB]{0,45,240}{\right]} }
                                                   } \mathcolor[RGB]{0,45,25...
The control sequence at the end of the top line
of your error message was never \def'ed. If you have
misspelled it (e.g., `\hobx'), type `I' and the correct
spelling (e.g., `I\hbox'). Otherwise just continue,
and I'll forget about whatever was undefined.

! Undefined control sequence.
<argument> ...]{0,45,0}{\nabla } } _ { \mathcolor 
                                                  [RGB]{0,45,15}{\alpha } } ...
l.22 ...} } } \mathcolor[RGB]{0,45,240}{\right]} }
                                                   } \mathcolor[RGB]{0,45,25...
The control sequence at the end of the top line
of your error message was never \def'ed. If you have
misspelled it (e.g., `\hobx'), type `I' and the correct
spelling (e.g., `I\hbox'). Otherwise just continue,
and I'll forget about whatever was undefined.

! Undefined control sequence.
<argument> ...RGB]{0,45,15}{\alpha } } \mathcolor 
                                                  [RGB]{0,45,30}{\varphi } 
l.22 ...} } } \mathcolor[RGB]{0,45,240}{\right]} }
                                                   } \mathcolor[RGB]{0,45,25...
The control sequence at the end of the top line
of your error message was never \def'ed. If you have
misspelled it (e.g., `\hobx'), type `I' and the correct
spelling (e.g., `I\hbox'). Otherwise just continue,
and I'll forget about whatever was undefined.

! Undefined control sequence.
<argument>  \mathcolor 
                       [RGB]{0,45,45}{f} \mathcolor [RGB]{0,45,60}{\left [} ...
l.22 ...} } } \mathcolor[RGB]{0,45,240}{\right]} }
                                                   } \mathcolor[RGB]{0,45,25...
The control sequence at the end of the top line
of your error message was never \def'ed. If you have
misspelled it (e.g., `\hobx'), type `I' and the correct
spelling (e.g., `I\hbox'). Otherwise just continue,
and I'll forget about whatever was undefined.

! Undefined control sequence.
<argument> ...hcolor [RGB]{0,45,45}{f} \mathcolor 
                                                  [RGB]{0,45,60}{\left [} \m...
l.22 ...} } } \mathcolor[RGB]{0,45,240}{\right]} }
                                                   } \mathcolor[RGB]{0,45,25...
The control sequence at the end of the top line
of your error message was never \def'ed. If you have
misspelled it (e.g., `\hobx'), type `I' and the correct
spelling (e.g., `I\hbox'). Otherwise just continue,
and I'll forget about whatever was undefined.

! Extra }, or forgotten \right.
<argument> ...} \mathcolor [RGB]{0,45,60}{\left [}
                                                   \mathcolor [RGB]{0,45,75}...
l.22 ...} } } \mathcolor[RGB]{0,45,240}{\right]} }
                                                   } \mathcolor[RGB]{0,45,25...
I've deleted a group-closing symbol because it seems to be
spurious, as in `$x}$'. But perhaps the } is legitimate and
you forgot something else, as in `\hbox{$x}'. In such cases
the way to recover is to insert both the forgotten and the
deleted material, e.g., by typing `I$}'.

! Undefined control sequence.
<argument> ... [RGB]{0,45,60}{\left [} \mathcolor 
                                                  [RGB]{0,45,75}{\omega } \m...
l.22 ...} } } \mathcolor[RGB]{0,45,240}{\right]} }
                                                   } \mathcolor[RGB]{0,45,25...
The control sequence at the end of the top line
of your error message was never \def'ed. If you have
misspelled it (e.g., `\hobx'), type `I' and the correct
spelling (e.g., `I\hbox'). Otherwise just continue,
and I'll forget about whatever was undefined.

! Undefined control sequence.
<argument> ... [RGB]{0,45,75}{\omega } \mathcolor 
                                                  [RGB]{0,45,90}{+} \mathcol...
l.22 ...} } } \mathcolor[RGB]{0,45,240}{\right]} }
                                                   } \mathcolor[RGB]{0,45,25...
The control sequence at the end of the top line
of your error message was never \def'ed. If you have
misspelled it (e.g., `\hobx'), type `I' and the correct
spelling (e.g., `I\hbox'). Otherwise just continue,
and I'll forget about whatever was undefined.

! Undefined control sequence.
<argument> ...hcolor [RGB]{0,45,90}{+} \mathcolor 
                                                  [RGB]{0,45,105}{\frac { \m...
l.22 ...} } } \mathcolor[RGB]{0,45,240}{\right]} }
                                                   } \mathcolor[RGB]{0,45,25...
The control sequence at the end of the top line
of your error message was never \def'ed. If you have
misspelled it (e.g., `\hobx'), type `I' and the correct
spelling (e.g., `I\hbox'). Otherwise just continue,
and I'll forget about whatever was undefined.

! Undefined control sequence.
<argument>  \mathcolor 
                       [RGB]{0,45,120}{3} { \mathcolor [RGB]{0,45,135}{\left...
l.22 ...} } } \mathcolor[RGB]{0,45,240}{\right]} }
                                                   } \mathcolor[RGB]{0,45,25...
The control sequence at the end of the top line
of your error message was never \def'ed. If you have
misspelled it (e.g., `\hobx'), type `I' and the correct
spelling (e.g., `I\hbox'). Otherwise just continue,
and I'll forget about whatever was undefined.

! Undefined control sequence.
<argument> ...lor [RGB]{0,45,120}{3} { \mathcolor 
                                                  [RGB]{0,45,135}{\left (} {...
l.22 ...} } } \mathcolor[RGB]{0,45,240}{\right]} }
                                                   } \mathcolor[RGB]{0,45,25...
The control sequence at the end of the top line
of your error message was never \def'ed. If you have
misspelled it (e.g., `\hobx'), type `I' and the correct
spelling (e.g., `I\hbox'). Otherwise just continue,
and I'll forget about whatever was undefined.

! Extra }, or forgotten \right.
<argument> ... \mathcolor [RGB]{0,45,135}{\left (}
                                                   { \mathcolor [RGB]{0,45,1...
l.22 ...} } } \mathcolor[RGB]{0,45,240}{\right]} }
                                                   } \mathcolor[RGB]{0,45,25...
I've deleted a group-closing symbol because it seems to be
spurious, as in `$x}$'. But perhaps the } is legitimate and
you forgot something else, as in `\hbox{$x}'. In such cases
the way to recover is to insert both the forgotten and the
deleted material, e.g., by typing `I$}'.

! Undefined control sequence.
<argument> ...GB]{0,45,135}{\left (} { \mathcolor 
                                                  [RGB]{0,45,150}{f} } ^ { \...
l.22 ...} } } \mathcolor[RGB]{0,45,240}{\right]} }
                                                   } \mathcolor[RGB]{0,45,25...
The control sequence at the end of the top line
of your error message was never \def'ed. If you have
misspelled it (e.g., `\hobx'), type `I' and the correct
spelling (e.g., `I\hbox'). Otherwise just continue,
and I'll forget about whatever was undefined.

! Undefined control sequence.
<argument> ...[RGB]{0,45,150}{f} } ^ { \mathcolor 
                                                  [RGB]{0,45,165}{\prime } }...
l.22 ...} } } \mathcolor[RGB]{0,45,240}{\right]} }
                                                   } \mathcolor[RGB]{0,45,25...
The control sequence at the end of the top line
of your error message was never \def'ed. If you have
misspelled it (e.g., `\hobx'), type `I' and the correct
spelling (e.g., `I\hbox'). Otherwise just continue,
and I'll forget about whatever was undefined.

! Undefined control sequence.
<argument> ...GB]{0,45,165}{\prime } } \mathcolor 
                                                  [RGB]{0,45,180}{\right )} ...
l.22 ...} } } \mathcolor[RGB]{0,45,240}{\right]} }
                                                   } \mathcolor[RGB]{0,45,25...
The control sequence at the end of the top line
of your error message was never \def'ed. If you have
misspelled it (e.g., `\hobx'), type `I' and the correct
spelling (e.g., `I\hbox'). Otherwise just continue,
and I'll forget about whatever was undefined.

! Missing } inserted.
<inserted text> 
                }
l.22 ...} } } \mathcolor[RGB]{0,45,240}{\right]} }
                                                   } \mathcolor[RGB]{0,45,25...
I've inserted something that you may have forgotten.
(See the <inserted text> above.)
With luck, this will get me unwedged. But if you
really didn't forget anything, try typing `2' now; then
my insertion and my current dilemma will both disappear.

! Undefined control sequence.
<argument> ...,45,180}{\right )} } ^ { \mathcolor 
                                                  [RGB]{0,45,195}{2} } 
l.22 ...} } } \mathcolor[RGB]{0,45,240}{\right]} }
                                                   } \mathcolor[RGB]{0,45,25...
The control sequence at the end of the top line
of your error message was never \def'ed. If you have
misspelled it (e.g., `\hobx'), type `I' and the correct
spelling (e.g., `I\hbox'). Otherwise just continue,
and I'll forget about whatever was undefined.

! Undefined control sequence.
<argument>  \mathcolor 
                       [RGB]{0,45,210}{2} \mathcolor [RGB]{0,45,225}{f} 
l.22 ...} } } \mathcolor[RGB]{0,45,240}{\right]} }
                                                   } \mathcolor[RGB]{0,45,25...
The control sequence at the end of the top line
of your error message was never \def'ed. If you have
misspelled it (e.g., `\hobx'), type `I' and the correct
spelling (e.g., `I\hbox'). Otherwise just continue,
and I'll forget about whatever was undefined.

! Undefined control sequence.
<argument> ...color [RGB]{0,45,210}{2} \mathcolor 
                                                  [RGB]{0,45,225}{f} 
l.22 ...} } } \mathcolor[RGB]{0,45,240}{\right]} }
                                                   } \mathcolor[RGB]{0,45,25...
The control sequence at the end of the top line
of your error message was never \def'ed. If you have
misspelled it (e.g., `\hobx'), type `I' and the correct
spelling (e.g., `I\hbox'). Otherwise just continue,
and I'll forget about whatever was undefined.

! Undefined control sequence.
<argument> ...r [RGB]{0,45,225}{f} } } \mathcolor 
                                                  [RGB]{0,45,240}{\right ]} 
l.22 ...} } } \mathcolor[RGB]{0,45,240}{\right]} }
                                                   } \mathcolor[RGB]{0,45,25...
The control sequence at the end of the top line
of your error message was never \def'ed. If you have
misspelled it (e.g., `\hobx'), type `I' and the correct
spelling (e.g., `I\hbox'). Otherwise just continue,
and I'll forget about whatever was undefined.

! Missing } inserted.
<inserted text> 
                }
l.22 ...} } } \mathcolor[RGB]{0,45,240}{\right]} }
                                                   } \mathcolor[RGB]{0,45,25...
I've inserted something that you may have forgotten.
(See the <inserted text> above.)
With luck, this will get me unwedged. But if you
really didn't forget anything, try typing `2' now; then
my insertion and my current dilemma will both disappear.

! Undefined control sequence.
l.22 ...lor[RGB]{0,45,240}{\right]} } } \mathcolor
                                                  [RGB]{0,45,255}{.} \mathco...
The control sequence at the end of the top line
of your error message was never \def'ed. If you have
misspelled it (e.g., `\hobx'), type `I' and the correct
spelling (e.g., `I\hbox'). Otherwise just continue,
and I'll forget about whatever was undefined.

! Undefined control sequence.
l.22 ... } \mathcolor[RGB]{0,45,255}{.} \mathcolor
                                                  [RGB]{0,60,0}{(} \mathcolo...
The control sequence at the end of the top line
of your error message was never \def'ed. If you have
misspelled it (e.g., `\hobx'), type `I' and the correct
spelling (e.g., `I\hbox'). Otherwise just continue,
and I'll forget about whatever was undefined.

! Undefined control sequence.
l.22 ...}{.} \mathcolor[RGB]{0,60,0}{(} \mathcolor
                                                  [RGB]{0,60,15}{7} \mathcol...
The control sequence at the end of the top line
of your error message was never \def'ed. If you have
misspelled it (e.g., `\hobx'), type `I' and the correct
spelling (e.g., `I\hbox'). Otherwise just continue,
and I'll forget about whatever was undefined.

! Undefined control sequence.
l.22 ...{(} \mathcolor[RGB]{0,60,15}{7} \mathcolor
                                                  [RGB]{0,60,30}{6} \mathcol...
The control sequence at the end of the top line
of your error message was never \def'ed. If you have
misspelled it (e.g., `\hobx'), type `I' and the correct
spelling (e.g., `I\hbox'). Otherwise just continue,
and I'll forget about whatever was undefined.

! Undefined control sequence.
l.22 ...{7} \mathcolor[RGB]{0,60,30}{6} \mathcolor
                                                  [RGB]{0,60,45}{2} \mathcol...
The control sequence at the end of the top line
of your error message was never \def'ed. If you have
misspelled it (e.g., `\hobx'), type `I' and the correct
spelling (e.g., `I\hbox'). Otherwise just continue,
and I'll forget about whatever was undefined.

! Undefined control sequence.
l.22 ...{6} \mathcolor[RGB]{0,60,45}{2} \mathcolor
                                                  [RGB]{0,60,60}{)} \mathcol...
The control sequence at the end of the top line
of your error message was never \def'ed. If you have
misspelled it (e.g., `\hobx'), type `I' and the correct
spelling (e.g., `I\hbox'). Otherwise just continue,
and I'll forget about whatever was undefined.

! Undefined control sequence.
l.22 ...{2} \mathcolor[RGB]{0,60,60}{)} \mathcolor
                                                  [RGB]{0,60,75}{\hfill} } }...
The control sequence at the end of the top line
of your error message was never \def'ed. If you have
misspelled it (e.g., `\hobx'), type `I' and the correct
spelling (e.g., `I\hbox'). Otherwise just continue,
and I'll forget about whatever was undefined.


Overfull \hbox (2963.49567pt too wide) detected at line 23
[]
 []

[1

{/var/lib/texmf/fonts/map/pdftex/updmap/pdftex.map}]
(output/temp_dir/cdm_infer_result_18_gt/output_cdm_infer_result_18_gt_1108_6266
_776.aux) ) 
Here is how much of TeX's memory you used:
 3385 strings out of 478287
 47966 string characters out of 5849290
 346919 words of memory out of 5000000
 21579 multiletter control sequences out of 15000+600000
 474753 words of font info for 49 fonts, out of 8000000 for 9000
 1141 hyphenation exceptions out of 8191
 55i,18n,62p,2677b,154s stack positions out of 5000i,500n,10000p,200000b,80000s
</usr/share/texlive/texmf-dist/fonts/type1/public/amsfonts/cmextra/c
mex8.pfb></usr/share/texlive/texmf-dist/fonts/type1/public/amsfonts/cm/cmmi12.p
fb></usr/share/texlive/texmf-dist/fonts/type1/public/amsfonts/cm/cmmi6.pfb></us
r/share/texlive/texmf-dist/fonts/type1/public/amsfonts/cm/cmmi8.pfb></usr/share
/texlive/texmf-dist/fonts/type1/public/amsfonts/cm/cmr12.pfb></usr/share/texliv
e/texmf-dist/fonts/type1/public/amsfonts/cm/cmr6.pfb></usr/share/texlive/texmf-
dist/fonts/type1/public/amsfonts/cm/cmr8.pfb></usr/share/texlive/texmf-dist/fon
ts/type1/public/amsfonts/cm/cmsy6.pfb></usr/share/texlive/texmf-dist/fonts/type
1/public/amsfonts/cm/cmsy8.pfb></usr/share/texlive/texmf-dist/fonts/type1/publi
c/amsfonts/symbols/msam10.pfb>
Output written on output/temp_dir/cdm_infer_result_18_gt/output_cdm_infer_resul
t_18_gt_1108_6266_776.pdf (1 page, 95246 bytes).
PDF statistics:
 58 PDF objects out of 1000 (max. 8388607)
 34 compressed objects within 1 object stream
 0 named destinations out of 1000 (max. 500000)
 1 words of extra memory for PDF output out of 10000 (max. 10000000)

